
RAxML-NG v. 0.9.0git released on 24.05.2019 by The Exelixis Lab.
Developed by: Alexey M. Kozlov and Alexandros Stamatakis.
Contributors: Diego Darriba, Tomas Flouri, Benoit Morel, Sarah Lutteropp, Ben Bettisworth.
Latest version: https://github.com/amkozlov/raxml-ng
Questions/problems/suggestions? Please visit: https://groups.google.com/forum/#!forum/raxml

RAxML-NG was called at 12-Oct-2022 10:09:22 as follows:

raxml-ng --msa /N/u/danschw/Carbonate/GitHub/spore_amg/genes_of_interest/spo0A/data/align-trim-tree/check_msa/parse-msa.raxml.rba --model LG+G4 --threads 2 --seed 123 --prefix /N/u/danschw/Carbonate/GitHub/spore_amg/genes_of_interest/spo0A/data/align-trim-tree/tree/MafftEinsi.trim

Analysis options:
  run mode: ML tree search
  start tree(s): random (10) + parsimony (10)
  random seed: 123
  tip-inner: OFF
  pattern compression: ON
  per-rate scalers: OFF
  site repeats: ON
  fast spr radius: AUTO
  spr subtree cutoff: 1.000000
  branch lengths: proportional (ML estimate, algorithm: NR-FAST)
  SIMD kernels: AVX2
  parallelization: PTHREADS (2 threads), thread pinning: OFF

WARNING: The model you specified on the command line (LG+G4) will be ignored 
         since the binary MSA file already contains a model definition.
         If you want to change the model, please re-run RAxML-NG 
         with the original PHYLIP/FASTA alignment and --redo option.

[00:00:00] Loading binary alignment from file: /N/u/danschw/Carbonate/GitHub/spore_amg/genes_of_interest/spo0A/data/align-trim-tree/check_msa/parse-msa.raxml.rba
[00:00:00] Alignment comprises 176 taxa, 1 partitions and 105 patterns

Partition 0: noname
Model: LG+G4m
Alignment sites / patterns: 105 / 105
Gaps: 2.69 %
Invariant sites: 0.95 %


[00:00:00] Generating 10 random starting tree(s) with 176 taxa
[00:00:00] Generating 10 parsimony starting tree(s) with 176 taxa
[00:00:00] Data distribution: max. partitions/sites/weight per thread: 1 / 53 / 4240

Starting ML tree search with 20 distinct starting trees

[00:00:00 -33088.360144] Initial branch length optimization
[00:00:00 -27119.032892] Model parameter optimization (eps = 10.000000)
[00:00:00 -27097.812468] AUTODETECT spr round 1 (radius: 5)
[00:00:03 -25399.168383] AUTODETECT spr round 2 (radius: 10)
[00:00:08 -23697.711421] AUTODETECT spr round 3 (radius: 15)
[00:00:13 -23064.372813] AUTODETECT spr round 4 (radius: 20)
[00:00:19 -22973.465031] AUTODETECT spr round 5 (radius: 25)
[00:00:25 -22884.136642] SPR radius for FAST iterations: 25 (autodetect)
[00:00:25 -22884.136642] Model parameter optimization (eps = 3.000000)
[00:00:25 -22871.136091] FAST spr round 1 (radius: 25)
[00:00:31 -22384.583636] FAST spr round 2 (radius: 25)
[00:00:37 -22330.602468] FAST spr round 3 (radius: 25)
[00:00:42 -22327.449746] FAST spr round 4 (radius: 25)
[00:00:46 -22324.214657] FAST spr round 5 (radius: 25)
[00:00:50 -22323.909326] FAST spr round 6 (radius: 25)
[00:00:54 -22321.554159] FAST spr round 7 (radius: 25)
[00:00:58 -22317.511229] FAST spr round 8 (radius: 25)
[00:01:02 -22317.084674] FAST spr round 9 (radius: 25)
[00:01:06 -22317.083827] Model parameter optimization (eps = 1.000000)
[00:01:06 -22316.934564] SLOW spr round 1 (radius: 5)
[00:01:13 -22314.877620] SLOW spr round 2 (radius: 5)
[00:01:20 -22314.877583] SLOW spr round 3 (radius: 10)
[00:01:26 -22313.486477] SLOW spr round 4 (radius: 5)
[00:01:35 -22312.128601] SLOW spr round 5 (radius: 5)
[00:01:43 -22311.467510] SLOW spr round 6 (radius: 5)
[00:01:50 -22311.467461] SLOW spr round 7 (radius: 10)
[00:01:57 -22311.467458] SLOW spr round 8 (radius: 15)
[00:02:10 -22310.312241] SLOW spr round 9 (radius: 5)
[00:02:19 -22309.295538] SLOW spr round 10 (radius: 5)
[00:02:26 -22309.153559] SLOW spr round 11 (radius: 5)
[00:02:33 -22309.152766] SLOW spr round 12 (radius: 10)
[00:02:40 -22309.069010] SLOW spr round 13 (radius: 15)
[00:02:53 -22309.065657] SLOW spr round 14 (radius: 20)
[00:03:06 -22309.065370] SLOW spr round 15 (radius: 25)
[00:03:14 -22309.065329] Model parameter optimization (eps = 0.100000)

[00:03:15] ML tree search #1, logLikelihood: -22309.065323

[00:03:15 -32888.510654] Initial branch length optimization
[00:03:15 -27101.849504] Model parameter optimization (eps = 10.000000)
[00:03:15 -27081.049923] AUTODETECT spr round 1 (radius: 5)
[00:03:18 -25493.896183] AUTODETECT spr round 2 (radius: 10)
[00:03:22 -24001.807962] AUTODETECT spr round 3 (radius: 15)
[00:03:28 -23368.021700] AUTODETECT spr round 4 (radius: 20)
[00:03:34 -23113.693747] AUTODETECT spr round 5 (radius: 25)
[00:03:39 -22913.570698] SPR radius for FAST iterations: 25 (autodetect)
[00:03:39 -22913.570698] Model parameter optimization (eps = 3.000000)
[00:03:39 -22900.214856] FAST spr round 1 (radius: 25)
[00:03:46 -22352.393543] FAST spr round 2 (radius: 25)
[00:03:51 -22314.697403] FAST spr round 3 (radius: 25)
[00:03:56 -22311.487407] FAST spr round 4 (radius: 25)
[00:04:01 -22306.935265] FAST spr round 5 (radius: 25)
[00:04:05 -22304.151955] FAST spr round 6 (radius: 25)
[00:04:09 -22303.237358] FAST spr round 7 (radius: 25)
[00:04:14 -22302.633926] FAST spr round 8 (radius: 25)
[00:04:18 -22301.955929] FAST spr round 9 (radius: 25)
[00:04:23 -22300.533944] FAST spr round 10 (radius: 25)
[00:04:27 -22299.295903] FAST spr round 11 (radius: 25)
[00:04:31 -22299.089705] FAST spr round 12 (radius: 25)
[00:04:35 -22298.923063] FAST spr round 13 (radius: 25)
[00:04:40 -22298.750003] FAST spr round 14 (radius: 25)
[00:04:44 -22298.587822] FAST spr round 15 (radius: 25)
[00:04:48 -22298.499815] Model parameter optimization (eps = 1.000000)
[00:04:48 -22298.459898] SLOW spr round 1 (radius: 5)
[00:04:56 -22296.578912] SLOW spr round 2 (radius: 5)
[00:05:03 -22296.344282] SLOW spr round 3 (radius: 5)
[00:05:11 -22295.564260] SLOW spr round 4 (radius: 5)
[00:05:18 -22294.943753] SLOW spr round 5 (radius: 5)
[00:05:25 -22294.943183] SLOW spr round 6 (radius: 10)
[00:05:32 -22294.943134] SLOW spr round 7 (radius: 15)
[00:05:43 -22294.399353] SLOW spr round 8 (radius: 5)
[00:05:53 -22291.193419] SLOW spr round 9 (radius: 5)
[00:06:01 -22291.192221] SLOW spr round 10 (radius: 10)
[00:06:08 -22291.191892] SLOW spr round 11 (radius: 15)
[00:06:18 -22291.191777] SLOW spr round 12 (radius: 20)
[00:06:29 -22291.191736] SLOW spr round 13 (radius: 25)
[00:06:39 -22291.103604] Model parameter optimization (eps = 0.100000)

[00:06:39] ML tree search #2, logLikelihood: -22291.088525

[00:06:39 -32702.925381] Initial branch length optimization
[00:06:39 -27088.641995] Model parameter optimization (eps = 10.000000)
[00:06:40 -27069.095860] AUTODETECT spr round 1 (radius: 5)
[00:06:43 -25121.618143] AUTODETECT spr round 2 (radius: 10)
[00:06:48 -23586.518204] AUTODETECT spr round 3 (radius: 15)
[00:06:55 -22942.918250] AUTODETECT spr round 4 (radius: 20)
[00:07:00 -22859.108855] AUTODETECT spr round 5 (radius: 25)
[00:07:05 -22806.067337] SPR radius for FAST iterations: 25 (autodetect)
[00:07:05 -22806.067337] Model parameter optimization (eps = 3.000000)
[00:07:05 -22794.094610] FAST spr round 1 (radius: 25)
[00:07:12 -22336.673835] FAST spr round 2 (radius: 25)
[00:07:17 -22314.901772] FAST spr round 3 (radius: 25)
[00:07:22 -22313.795301] FAST spr round 4 (radius: 25)
[00:07:27 -22313.329551] FAST spr round 5 (radius: 25)
[00:07:31 -22313.149746] FAST spr round 6 (radius: 25)
[00:07:35 -22313.043202] FAST spr round 7 (radius: 25)
[00:07:39 -22313.043065] Model parameter optimization (eps = 1.000000)
[00:07:40 -22313.042490] SLOW spr round 1 (radius: 5)
[00:07:47 -22304.877220] SLOW spr round 2 (radius: 5)
[00:07:55 -22304.877174] SLOW spr round 3 (radius: 10)
[00:08:02 -22302.706310] SLOW spr round 4 (radius: 5)
[00:08:11 -22301.324940] SLOW spr round 5 (radius: 5)
[00:08:20 -22301.324268] SLOW spr round 6 (radius: 10)
[00:08:27 -22301.324219] SLOW spr round 7 (radius: 15)
[00:08:40 -22299.384471] SLOW spr round 8 (radius: 5)
[00:08:50 -22299.381778] SLOW spr round 9 (radius: 10)
[00:08:59 -22296.011599] SLOW spr round 10 (radius: 5)
[00:09:08 -22296.006581] SLOW spr round 11 (radius: 10)
[00:09:17 -22296.005909] SLOW spr round 12 (radius: 15)
[00:09:29 -22295.920699] SLOW spr round 13 (radius: 20)
[00:09:42 -22295.558072] SLOW spr round 14 (radius: 5)
[00:09:52 -22295.531930] SLOW spr round 15 (radius: 10)
[00:10:02 -22295.530788] SLOW spr round 16 (radius: 15)
[00:10:14 -22295.530396] SLOW spr round 17 (radius: 20)
[00:10:27 -22295.530259] SLOW spr round 18 (radius: 25)
[00:10:36 -22295.530209] Model parameter optimization (eps = 0.100000)

[00:10:37] ML tree search #3, logLikelihood: -22295.524610

[00:10:37 -32926.792786] Initial branch length optimization
[00:10:37 -27169.531722] Model parameter optimization (eps = 10.000000)
[00:10:37 -27149.088879] AUTODETECT spr round 1 (radius: 5)
[00:10:40 -25733.124928] AUTODETECT spr round 2 (radius: 10)
[00:10:45 -23469.177351] AUTODETECT spr round 3 (radius: 15)
[00:10:51 -23082.109295] AUTODETECT spr round 4 (radius: 20)
[00:10:56 -22809.959483] AUTODETECT spr round 5 (radius: 25)
[00:11:01 -22764.926441] SPR radius for FAST iterations: 25 (autodetect)
[00:11:01 -22764.926441] Model parameter optimization (eps = 3.000000)
[00:11:01 -22758.191019] FAST spr round 1 (radius: 25)
[00:11:07 -22392.300911] FAST spr round 2 (radius: 25)
[00:11:12 -22348.624175] FAST spr round 3 (radius: 25)
[00:11:17 -22340.392676] FAST spr round 4 (radius: 25)
[00:11:21 -22333.462244] FAST spr round 5 (radius: 25)
[00:11:26 -22330.641518] FAST spr round 6 (radius: 25)
[00:11:30 -22329.896609] FAST spr round 7 (radius: 25)
[00:11:34 -22329.635696] FAST spr round 8 (radius: 25)
[00:11:38 -22325.772286] FAST spr round 9 (radius: 25)
[00:11:42 -22324.224220] FAST spr round 10 (radius: 25)
[00:11:46 -22323.406287] FAST spr round 11 (radius: 25)
[00:11:51 -22321.294069] FAST spr round 12 (radius: 25)
[00:11:55 -22318.749095] FAST spr round 13 (radius: 25)
[00:11:59 -22318.437236] FAST spr round 14 (radius: 25)
[00:12:03 -22318.437149] Model parameter optimization (eps = 1.000000)
[00:12:03 -22317.622081] SLOW spr round 1 (radius: 5)
[00:12:10 -22316.087576] SLOW spr round 2 (radius: 5)
[00:12:17 -22316.086893] SLOW spr round 3 (radius: 10)
[00:12:24 -22315.596104] SLOW spr round 4 (radius: 5)
[00:12:33 -22311.672399] SLOW spr round 5 (radius: 5)
[00:12:41 -22308.651567] SLOW spr round 6 (radius: 5)
[00:12:48 -22308.650659] SLOW spr round 7 (radius: 10)
[00:12:54 -22308.650616] SLOW spr round 8 (radius: 15)
[00:13:05 -22308.650613] SLOW spr round 9 (radius: 20)
[00:13:15 -22308.650613] SLOW spr round 10 (radius: 25)
[00:13:24 -22308.650613] Model parameter optimization (eps = 0.100000)

[00:13:24] ML tree search #4, logLikelihood: -22308.536385

[00:13:24 -32922.875626] Initial branch length optimization
[00:13:25 -27113.778764] Model parameter optimization (eps = 10.000000)
[00:13:25 -27096.264641] AUTODETECT spr round 1 (radius: 5)
[00:13:28 -25268.484304] AUTODETECT spr round 2 (radius: 10)
[00:13:32 -23721.828156] AUTODETECT spr round 3 (radius: 15)
[00:13:38 -23030.212429] AUTODETECT spr round 4 (radius: 20)
[00:13:44 -22808.645203] AUTODETECT spr round 5 (radius: 25)
[00:13:49 -22674.319057] SPR radius for FAST iterations: 25 (autodetect)
[00:13:49 -22674.319057] Model parameter optimization (eps = 3.000000)
[00:13:49 -22665.984191] FAST spr round 1 (radius: 25)
[00:13:55 -22379.980265] FAST spr round 2 (radius: 25)
[00:14:01 -22314.862201] FAST spr round 3 (radius: 25)
[00:14:05 -22308.464987] FAST spr round 4 (radius: 25)
[00:14:09 -22307.697237] FAST spr round 5 (radius: 25)
[00:14:14 -22307.199542] FAST spr round 6 (radius: 25)
[00:14:18 -22306.738112] FAST spr round 7 (radius: 25)
[00:14:22 -22306.373235] FAST spr round 8 (radius: 25)
[00:14:26 -22306.244259] FAST spr round 9 (radius: 25)
[00:14:31 -22306.049797] FAST spr round 10 (radius: 25)
[00:14:35 -22305.940373] FAST spr round 11 (radius: 25)
[00:14:39 -22305.829716] FAST spr round 12 (radius: 25)
[00:14:43 -22304.539659] FAST spr round 13 (radius: 25)
[00:14:47 -22303.918944] FAST spr round 14 (radius: 25)
[00:14:51 -22303.303943] FAST spr round 15 (radius: 25)
[00:14:56 -22303.071661] FAST spr round 16 (radius: 25)
[00:15:00 -22303.059812] Model parameter optimization (eps = 1.000000)
[00:15:00 -22302.824952] SLOW spr round 1 (radius: 5)
[00:15:08 -22298.533068] SLOW spr round 2 (radius: 5)
[00:15:15 -22298.532976] SLOW spr round 3 (radius: 10)
[00:15:22 -22298.079556] SLOW spr round 4 (radius: 5)
[00:15:31 -22296.706261] SLOW spr round 5 (radius: 5)
[00:15:39 -22296.706162] SLOW spr round 6 (radius: 10)
[00:15:47 -22296.706154] SLOW spr round 7 (radius: 15)
[00:15:59 -22296.362689] SLOW spr round 8 (radius: 5)
[00:16:08 -22293.623256] SLOW spr round 9 (radius: 5)
[00:16:16 -22293.623236] SLOW spr round 10 (radius: 10)
[00:16:24 -22293.623235] SLOW spr round 11 (radius: 15)
[00:16:36 -22293.623235] SLOW spr round 12 (radius: 20)
[00:16:50 -22293.623235] SLOW spr round 13 (radius: 25)
[00:17:00 -22293.623235] Model parameter optimization (eps = 0.100000)

[00:17:00] ML tree search #5, logLikelihood: -22293.614274

[00:17:01 -32964.833737] Initial branch length optimization
[00:17:01 -27072.712946] Model parameter optimization (eps = 10.000000)
[00:17:01 -27056.006523] AUTODETECT spr round 1 (radius: 5)
[00:17:04 -25355.810625] AUTODETECT spr round 2 (radius: 10)
[00:17:09 -23517.666733] AUTODETECT spr round 3 (radius: 15)
[00:17:15 -23090.900423] AUTODETECT spr round 4 (radius: 20)
[00:17:21 -22922.920218] AUTODETECT spr round 5 (radius: 25)
[00:17:26 -22922.876279] SPR radius for FAST iterations: 20 (autodetect)
[00:17:26 -22922.876279] Model parameter optimization (eps = 3.000000)
[00:17:26 -22912.670314] FAST spr round 1 (radius: 20)
[00:17:33 -22374.294417] FAST spr round 2 (radius: 20)
[00:17:39 -22319.745868] FAST spr round 3 (radius: 20)
[00:17:44 -22310.128013] FAST spr round 4 (radius: 20)
[00:17:49 -22309.048800] FAST spr round 5 (radius: 20)
[00:17:53 -22308.078146] FAST spr round 6 (radius: 20)
[00:17:57 -22307.726659] FAST spr round 7 (radius: 20)
[00:18:01 -22307.480085] FAST spr round 8 (radius: 20)
[00:18:05 -22305.915524] FAST spr round 9 (radius: 20)
[00:18:10 -22305.785528] FAST spr round 10 (radius: 20)
[00:18:14 -22305.705027] Model parameter optimization (eps = 1.000000)
[00:18:14 -22305.690445] SLOW spr round 1 (radius: 5)
[00:18:22 -22302.332964] SLOW spr round 2 (radius: 5)
[00:18:30 -22302.314688] SLOW spr round 3 (radius: 10)
[00:18:37 -22301.846718] SLOW spr round 4 (radius: 5)
[00:18:47 -22298.931805] SLOW spr round 5 (radius: 5)
[00:18:56 -22297.492235] SLOW spr round 6 (radius: 5)
[00:19:03 -22297.492075] SLOW spr round 7 (radius: 10)
[00:19:11 -22295.896782] SLOW spr round 8 (radius: 5)
[00:19:21 -22294.774463] SLOW spr round 9 (radius: 5)
[00:19:29 -22294.773872] SLOW spr round 10 (radius: 10)
[00:19:37 -22294.773852] SLOW spr round 11 (radius: 15)
[00:19:48 -22294.773851] SLOW spr round 12 (radius: 20)
[00:19:58 -22294.773851] SLOW spr round 13 (radius: 25)
[00:20:08 -22294.479345] SLOW spr round 14 (radius: 5)
[00:20:17 -22294.422381] SLOW spr round 15 (radius: 10)
[00:20:27 -22294.422278] SLOW spr round 16 (radius: 15)
[00:20:38 -22294.422238] SLOW spr round 17 (radius: 20)
[00:20:50 -22294.422220] SLOW spr round 18 (radius: 25)
[00:20:59 -22294.422212] Model parameter optimization (eps = 0.100000)

[00:21:00] ML tree search #6, logLikelihood: -22294.370628

[00:21:00 -32891.529706] Initial branch length optimization
[00:21:00 -27084.979732] Model parameter optimization (eps = 10.000000)
[00:21:00 -27064.649136] AUTODETECT spr round 1 (radius: 5)
[00:21:03 -25205.002725] AUTODETECT spr round 2 (radius: 10)
[00:21:08 -23562.035810] AUTODETECT spr round 3 (radius: 15)
[00:21:14 -22889.122914] AUTODETECT spr round 4 (radius: 20)
[00:21:19 -22818.636437] AUTODETECT spr round 5 (radius: 25)
[00:21:24 -22808.607364] SPR radius for FAST iterations: 25 (autodetect)
[00:21:24 -22808.607364] Model parameter optimization (eps = 3.000000)
[00:21:24 -22796.688682] FAST spr round 1 (radius: 25)
[00:21:31 -22353.777641] FAST spr round 2 (radius: 25)
[00:21:37 -22327.933374] FAST spr round 3 (radius: 25)
[00:21:41 -22326.350406] FAST spr round 4 (radius: 25)
[00:21:45 -22325.559621] FAST spr round 5 (radius: 25)
[00:21:50 -22324.917588] FAST spr round 6 (radius: 25)
[00:21:54 -22324.696083] FAST spr round 7 (radius: 25)
[00:21:58 -22324.538696] FAST spr round 8 (radius: 25)
[00:22:03 -22324.433576] FAST spr round 9 (radius: 25)
[00:22:07 -22324.330989] FAST spr round 10 (radius: 25)
[00:22:11 -22324.330895] Model parameter optimization (eps = 1.000000)
[00:22:11 -22324.166317] SLOW spr round 1 (radius: 5)
[00:22:19 -22322.283068] SLOW spr round 2 (radius: 5)
[00:22:26 -22322.247845] SLOW spr round 3 (radius: 10)
[00:22:33 -22322.246661] SLOW spr round 4 (radius: 15)
[00:22:43 -22322.246366] SLOW spr round 5 (radius: 20)
[00:22:56 -22322.246252] SLOW spr round 6 (radius: 25)
[00:23:06 -22320.644572] SLOW spr round 7 (radius: 5)
[00:23:16 -22319.508205] SLOW spr round 8 (radius: 5)
[00:23:25 -22319.507900] SLOW spr round 9 (radius: 10)
[00:23:33 -22311.643197] SLOW spr round 10 (radius: 5)
[00:23:41 -22310.948732] SLOW spr round 11 (radius: 5)
[00:23:49 -22310.948619] SLOW spr round 12 (radius: 10)
[00:23:57 -22310.948606] SLOW spr round 13 (radius: 15)
[00:24:07 -22310.948599] SLOW spr round 14 (radius: 20)
[00:24:20 -22310.948596] SLOW spr round 15 (radius: 25)
[00:24:32 -22309.964772] SLOW spr round 16 (radius: 5)
[00:24:42 -22305.973755] SLOW spr round 17 (radius: 5)
[00:24:50 -22304.912591] SLOW spr round 18 (radius: 5)
[00:24:58 -22304.006040] SLOW spr round 19 (radius: 5)
[00:25:05 -22303.255589] SLOW spr round 20 (radius: 5)
[00:25:12 -22303.255537] SLOW spr round 21 (radius: 10)
[00:25:19 -22301.972422] SLOW spr round 22 (radius: 5)
[00:25:28 -22301.366269] SLOW spr round 23 (radius: 5)
[00:25:36 -22301.361534] SLOW spr round 24 (radius: 10)
[00:25:43 -22300.522839] SLOW spr round 25 (radius: 5)
[00:25:52 -22299.552030] SLOW spr round 26 (radius: 5)
[00:26:00 -22299.551769] SLOW spr round 27 (radius: 10)
[00:26:07 -22299.551766] SLOW spr round 28 (radius: 15)
[00:26:17 -22299.551765] SLOW spr round 29 (radius: 20)
[00:26:29 -22296.630773] SLOW spr round 30 (radius: 5)
[00:26:40 -22295.078512] SLOW spr round 31 (radius: 5)
[00:26:48 -22295.078245] SLOW spr round 32 (radius: 10)
[00:26:55 -22295.078211] SLOW spr round 33 (radius: 15)
[00:27:06 -22295.078202] SLOW spr round 34 (radius: 20)
[00:27:18 -22295.078199] SLOW spr round 35 (radius: 25)
[00:27:28 -22295.051694] Model parameter optimization (eps = 0.100000)

[00:27:28] ML tree search #7, logLikelihood: -22295.038122

[00:27:28 -32971.561946] Initial branch length optimization
[00:27:29 -27005.940800] Model parameter optimization (eps = 10.000000)
[00:27:29 -26985.435736] AUTODETECT spr round 1 (radius: 5)
[00:27:32 -25451.771223] AUTODETECT spr round 2 (radius: 10)
[00:27:37 -23769.562325] AUTODETECT spr round 3 (radius: 15)
[00:27:43 -23435.870678] AUTODETECT spr round 4 (radius: 20)
[00:27:50 -23012.023340] AUTODETECT spr round 5 (radius: 25)
[00:27:54 -23004.094696] SPR radius for FAST iterations: 25 (autodetect)
[00:27:54 -23004.094696] Model parameter optimization (eps = 3.000000)
[00:27:55 -22992.225713] FAST spr round 1 (radius: 25)
[00:28:02 -22347.705382] FAST spr round 2 (radius: 25)
[00:28:07 -22311.860590] FAST spr round 3 (radius: 25)
[00:28:12 -22308.162495] FAST spr round 4 (radius: 25)
[00:28:17 -22307.072008] FAST spr round 5 (radius: 25)
[00:28:21 -22302.782238] FAST spr round 6 (radius: 25)
[00:28:25 -22301.742159] FAST spr round 7 (radius: 25)
[00:28:30 -22301.585433] FAST spr round 8 (radius: 25)
[00:28:34 -22301.584917] Model parameter optimization (eps = 1.000000)
[00:28:34 -22301.152218] SLOW spr round 1 (radius: 5)
[00:28:42 -22298.433800] SLOW spr round 2 (radius: 5)
[00:28:49 -22298.433753] SLOW spr round 3 (radius: 10)
[00:28:56 -22298.433753] SLOW spr round 4 (radius: 15)
[00:29:09 -22298.433753] SLOW spr round 5 (radius: 20)
[00:29:23 -22298.433753] SLOW spr round 6 (radius: 25)
[00:29:32 -22298.173483] SLOW spr round 7 (radius: 5)
[00:29:43 -22297.334020] SLOW spr round 8 (radius: 5)
[00:29:52 -22297.334013] SLOW spr round 9 (radius: 10)
[00:30:00 -22297.322262] SLOW spr round 10 (radius: 15)
[00:30:13 -22297.322248] SLOW spr round 11 (radius: 20)
[00:30:26 -22297.322248] SLOW spr round 12 (radius: 25)
[00:30:35 -22297.322248] Model parameter optimization (eps = 0.100000)

[00:30:35] ML tree search #8, logLikelihood: -22297.314491

[00:30:35 -32980.659365] Initial branch length optimization
[00:30:35 -27213.290036] Model parameter optimization (eps = 10.000000)
[00:30:36 -27192.789691] AUTODETECT spr round 1 (radius: 5)
[00:30:39 -25415.066115] AUTODETECT spr round 2 (radius: 10)
[00:30:44 -24048.012007] AUTODETECT spr round 3 (radius: 15)
[00:30:49 -23666.205618] AUTODETECT spr round 4 (radius: 20)
[00:30:55 -23598.324942] AUTODETECT spr round 5 (radius: 25)
[00:31:00 -23517.312787] SPR radius for FAST iterations: 25 (autodetect)
[00:31:00 -23517.312787] Model parameter optimization (eps = 3.000000)
[00:31:00 -23505.422411] FAST spr round 1 (radius: 25)
[00:31:07 -22790.508548] FAST spr round 2 (radius: 25)
[00:31:12 -22749.511334] FAST spr round 3 (radius: 25)
[00:31:17 -22744.513742] FAST spr round 4 (radius: 25)
[00:31:22 -22743.791965] FAST spr round 5 (radius: 25)
[00:31:26 -22743.062908] FAST spr round 6 (radius: 25)
[00:31:30 -22742.511767] FAST spr round 7 (radius: 25)
[00:31:35 -22741.587974] FAST spr round 8 (radius: 25)
[00:31:39 -22741.131997] FAST spr round 9 (radius: 25)
[00:31:43 -22740.693799] FAST spr round 10 (radius: 25)
[00:31:48 -22740.169801] FAST spr round 11 (radius: 25)
[00:31:52 -22740.132012] Model parameter optimization (eps = 1.000000)
[00:31:52 -22740.130457] SLOW spr round 1 (radius: 5)
[00:32:00 -22738.863495] SLOW spr round 2 (radius: 5)
[00:32:08 -22738.461212] SLOW spr round 3 (radius: 5)
[00:32:15 -22738.461097] SLOW spr round 4 (radius: 10)
[00:32:22 -22738.461082] SLOW spr round 5 (radius: 15)
[00:32:32 -22737.629402] SLOW spr round 6 (radius: 5)
[00:32:41 -22737.280593] SLOW spr round 7 (radius: 5)
[00:32:49 -22737.280544] SLOW spr round 8 (radius: 10)
[00:32:56 -22737.280544] SLOW spr round 9 (radius: 15)
[00:33:06 -22736.659836] SLOW spr round 10 (radius: 5)
[00:33:15 -22736.658734] SLOW spr round 11 (radius: 10)
[00:33:24 -22736.094986] SLOW spr round 12 (radius: 5)
[00:33:32 -22736.094964] SLOW spr round 13 (radius: 10)
[00:33:40 -22735.980784] SLOW spr round 14 (radius: 5)
[00:33:49 -22735.980782] SLOW spr round 15 (radius: 10)
[00:33:57 -22735.980782] SLOW spr round 16 (radius: 15)
[00:34:06 -22735.980782] SLOW spr round 17 (radius: 20)
[00:34:16 -22735.980782] SLOW spr round 18 (radius: 25)
[00:34:25 -22734.824882] SLOW spr round 19 (radius: 5)
[00:34:35 -22734.824787] SLOW spr round 20 (radius: 10)
[00:34:43 -22734.824779] SLOW spr round 21 (radius: 15)
[00:34:53 -22734.318483] SLOW spr round 22 (radius: 5)
[00:35:02 -22734.317089] SLOW spr round 23 (radius: 10)
[00:35:10 -22734.316993] SLOW spr round 24 (radius: 15)
[00:35:20 -22734.316972] SLOW spr round 25 (radius: 20)
[00:35:30 -22734.316967] SLOW spr round 26 (radius: 25)
[00:35:39 -22734.316965] Model parameter optimization (eps = 0.100000)

[00:35:39] ML tree search #9, logLikelihood: -22734.309711

[00:35:39 -32950.107451] Initial branch length optimization
[00:35:39 -27159.354037] Model parameter optimization (eps = 10.000000)
[00:35:39 -27136.713071] AUTODETECT spr round 1 (radius: 5)
[00:35:42 -25537.340301] AUTODETECT spr round 2 (radius: 10)
[00:35:47 -23970.078512] AUTODETECT spr round 3 (radius: 15)
[00:35:53 -23219.495136] AUTODETECT spr round 4 (radius: 20)
[00:35:59 -23053.693922] AUTODETECT spr round 5 (radius: 25)
[00:36:05 -23028.512151] SPR radius for FAST iterations: 25 (autodetect)
[00:36:05 -23028.512151] Model parameter optimization (eps = 3.000000)
[00:36:05 -23013.505901] FAST spr round 1 (radius: 25)
[00:36:12 -22340.156621] FAST spr round 2 (radius: 25)
[00:36:17 -22314.367161] FAST spr round 3 (radius: 25)
[00:36:22 -22308.657773] FAST spr round 4 (radius: 25)
[00:36:27 -22307.464846] FAST spr round 5 (radius: 25)
[00:36:31 -22306.953492] FAST spr round 6 (radius: 25)
[00:36:36 -22306.459820] FAST spr round 7 (radius: 25)
[00:36:41 -22306.283085] FAST spr round 8 (radius: 25)
[00:36:45 -22306.238805] Model parameter optimization (eps = 1.000000)
[00:36:46 -22305.628346] SLOW spr round 1 (radius: 5)
[00:36:54 -22303.146425] SLOW spr round 2 (radius: 5)
[00:37:01 -22300.191691] SLOW spr round 3 (radius: 5)
[00:37:09 -22297.666016] SLOW spr round 4 (radius: 5)
[00:37:16 -22297.006368] SLOW spr round 5 (radius: 5)
[00:37:23 -22297.005792] SLOW spr round 6 (radius: 10)
[00:37:30 -22297.005661] SLOW spr round 7 (radius: 15)
[00:37:43 -22296.589865] SLOW spr round 8 (radius: 5)
[00:37:53 -22296.266247] SLOW spr round 9 (radius: 5)
[00:38:01 -22296.265825] SLOW spr round 10 (radius: 10)
[00:38:09 -22295.691376] SLOW spr round 11 (radius: 5)
[00:38:19 -22295.560695] SLOW spr round 12 (radius: 5)
[00:38:27 -22295.560182] SLOW spr round 13 (radius: 10)
[00:38:35 -22295.560021] SLOW spr round 14 (radius: 15)
[00:38:47 -22295.559960] SLOW spr round 15 (radius: 20)
[00:39:00 -22290.755735] SLOW spr round 16 (radius: 5)
[00:39:11 -22289.956243] SLOW spr round 17 (radius: 5)
[00:39:19 -22289.955762] SLOW spr round 18 (radius: 10)
[00:39:27 -22289.955724] SLOW spr round 19 (radius: 15)
[00:39:39 -22289.955714] SLOW spr round 20 (radius: 20)
[00:39:51 -22289.955710] SLOW spr round 21 (radius: 25)
[00:40:02 -22289.955709] Model parameter optimization (eps = 0.100000)

[00:40:02] ML tree search #10, logLikelihood: -22289.919656

[00:40:02 -25643.061972] Initial branch length optimization
[00:40:02 -22865.815417] Model parameter optimization (eps = 10.000000)
[00:40:02 -22864.087784] AUTODETECT spr round 1 (radius: 5)
[00:40:06 -22588.071547] AUTODETECT spr round 2 (radius: 10)
[00:40:10 -22481.712826] AUTODETECT spr round 3 (radius: 15)
[00:40:16 -22427.427626] AUTODETECT spr round 4 (radius: 20)
[00:40:21 -22421.281019] AUTODETECT spr round 5 (radius: 25)
[00:40:26 -22421.223720] SPR radius for FAST iterations: 20 (autodetect)
[00:40:26 -22421.223720] Model parameter optimization (eps = 3.000000)
[00:40:26 -22421.091185] FAST spr round 1 (radius: 20)
[00:40:33 -22334.219533] FAST spr round 2 (radius: 20)
[00:40:38 -22327.673903] FAST spr round 3 (radius: 20)
[00:40:43 -22321.866795] FAST spr round 4 (radius: 20)
[00:40:47 -22320.798204] FAST spr round 5 (radius: 20)
[00:40:52 -22317.660775] FAST spr round 6 (radius: 20)
[00:40:57 -22316.083540] FAST spr round 7 (radius: 20)
[00:41:01 -22315.330640] FAST spr round 8 (radius: 20)
[00:41:06 -22313.853579] FAST spr round 9 (radius: 20)
[00:41:10 -22313.113407] FAST spr round 10 (radius: 20)
[00:41:14 -22311.155979] FAST spr round 11 (radius: 20)
[00:41:19 -22310.940655] FAST spr round 12 (radius: 20)
[00:41:23 -22310.782701] FAST spr round 13 (radius: 20)
[00:41:27 -22310.728402] Model parameter optimization (eps = 1.000000)
[00:41:27 -22310.693373] SLOW spr round 1 (radius: 5)
[00:41:35 -22309.648871] SLOW spr round 2 (radius: 5)
[00:41:42 -22308.881603] SLOW spr round 3 (radius: 5)
[00:41:49 -22308.881393] SLOW spr round 4 (radius: 10)
[00:41:56 -22308.881260] SLOW spr round 5 (radius: 15)
[00:42:08 -22308.838734] SLOW spr round 6 (radius: 20)
[00:42:20 -22305.682487] SLOW spr round 7 (radius: 5)
[00:42:30 -22301.369391] SLOW spr round 8 (radius: 5)
[00:42:37 -22301.368533] SLOW spr round 9 (radius: 10)
[00:42:45 -22301.367910] SLOW spr round 10 (radius: 15)
[00:42:58 -22301.367394] SLOW spr round 11 (radius: 20)
[00:43:11 -22301.366962] SLOW spr round 12 (radius: 25)
[00:43:20 -22301.366594] Model parameter optimization (eps = 0.100000)

[00:43:20] ML tree search #11, logLikelihood: -22301.363583

[00:43:20 -25654.636866] Initial branch length optimization
[00:43:20 -22866.709184] Model parameter optimization (eps = 10.000000)
[00:43:20 -22865.810200] AUTODETECT spr round 1 (radius: 5)
[00:43:23 -22537.114743] AUTODETECT spr round 2 (radius: 10)
[00:43:28 -22450.355446] AUTODETECT spr round 3 (radius: 15)
[00:43:34 -22432.252802] AUTODETECT spr round 4 (radius: 20)
[00:43:40 -22427.552472] AUTODETECT spr round 5 (radius: 25)
[00:43:44 -22425.023133] SPR radius for FAST iterations: 25 (autodetect)
[00:43:44 -22425.023133] Model parameter optimization (eps = 3.000000)
[00:43:44 -22424.686263] FAST spr round 1 (radius: 25)
[00:43:51 -22334.858799] FAST spr round 2 (radius: 25)
[00:43:56 -22322.382913] FAST spr round 3 (radius: 25)
[00:44:01 -22320.039060] FAST spr round 4 (radius: 25)
[00:44:05 -22313.842783] FAST spr round 5 (radius: 25)
[00:44:10 -22308.782534] FAST spr round 6 (radius: 25)
[00:44:14 -22305.282644] FAST spr round 7 (radius: 25)
[00:44:18 -22305.020967] FAST spr round 8 (radius: 25)
[00:44:23 -22304.247276] FAST spr round 9 (radius: 25)
[00:44:27 -22304.150408] Model parameter optimization (eps = 1.000000)
[00:44:27 -22304.146320] SLOW spr round 1 (radius: 5)
[00:44:35 -22300.185483] SLOW spr round 2 (radius: 5)
[00:44:42 -22298.585696] SLOW spr round 3 (radius: 5)
[00:44:49 -22297.618360] SLOW spr round 4 (radius: 5)
[00:44:56 -22297.617757] SLOW spr round 5 (radius: 10)
[00:45:03 -22295.994271] SLOW spr round 6 (radius: 5)
[00:45:12 -22295.984076] SLOW spr round 7 (radius: 10)
[00:45:20 -22295.983244] SLOW spr round 8 (radius: 15)
[00:45:32 -22295.983108] SLOW spr round 9 (radius: 20)
[00:45:45 -22295.983080] SLOW spr round 10 (radius: 25)
[00:45:55 -22295.983075] Model parameter optimization (eps = 0.100000)

[00:45:55] ML tree search #12, logLikelihood: -22295.970297

[00:45:55 -25705.134168] Initial branch length optimization
[00:45:55 -22885.666654] Model parameter optimization (eps = 10.000000)
[00:45:55 -22885.029084] AUTODETECT spr round 1 (radius: 5)
[00:45:58 -22568.765355] AUTODETECT spr round 2 (radius: 10)
[00:46:03 -22431.425645] AUTODETECT spr round 3 (radius: 15)
[00:46:11 -22396.710830] AUTODETECT spr round 4 (radius: 20)
[00:46:17 -22390.452312] AUTODETECT spr round 5 (radius: 25)
[00:46:20 -22390.446723] SPR radius for FAST iterations: 20 (autodetect)
[00:46:20 -22390.446723] Model parameter optimization (eps = 3.000000)
[00:46:21 -22390.262796] FAST spr round 1 (radius: 20)
[00:46:27 -22323.908814] FAST spr round 2 (radius: 20)
[00:46:32 -22312.341047] FAST spr round 3 (radius: 20)
[00:46:37 -22311.366672] FAST spr round 4 (radius: 20)
[00:46:41 -22310.703529] FAST spr round 5 (radius: 20)
[00:46:45 -22309.926907] FAST spr round 6 (radius: 20)
[00:46:50 -22309.665730] FAST spr round 7 (radius: 20)
[00:46:54 -22309.537636] FAST spr round 8 (radius: 20)
[00:46:59 -22309.501638] Model parameter optimization (eps = 1.000000)
[00:46:59 -22309.463949] SLOW spr round 1 (radius: 5)
[00:47:07 -22308.703542] SLOW spr round 2 (radius: 5)
[00:47:14 -22308.702854] SLOW spr round 3 (radius: 10)
[00:47:21 -22308.275260] SLOW spr round 4 (radius: 5)
[00:47:31 -22308.068626] SLOW spr round 5 (radius: 5)
[00:47:40 -22308.068005] SLOW spr round 6 (radius: 10)
[00:47:47 -22308.067933] SLOW spr round 7 (radius: 15)
[00:48:00 -22308.067922] SLOW spr round 8 (radius: 20)
[00:48:12 -22308.067919] SLOW spr round 9 (radius: 25)
[00:48:23 -22308.067919] Model parameter optimization (eps = 0.100000)

[00:48:23] ML tree search #13, logLikelihood: -22308.065385

[00:48:23 -25491.733514] Initial branch length optimization
[00:48:23 -22817.952949] Model parameter optimization (eps = 10.000000)
[00:48:23 -22817.423475] AUTODETECT spr round 1 (radius: 5)
[00:48:26 -22549.922196] AUTODETECT spr round 2 (radius: 10)
[00:48:31 -22440.682942] AUTODETECT spr round 3 (radius: 15)
[00:48:37 -22417.246723] AUTODETECT spr round 4 (radius: 20)
[00:48:42 -22407.124903] AUTODETECT spr round 5 (radius: 25)
[00:48:47 -22402.111634] SPR radius for FAST iterations: 25 (autodetect)
[00:48:47 -22402.111634] Model parameter optimization (eps = 3.000000)
[00:48:47 -22402.044579] FAST spr round 1 (radius: 25)
[00:48:53 -22328.146211] FAST spr round 2 (radius: 25)
[00:48:59 -22312.032984] FAST spr round 3 (radius: 25)
[00:49:03 -22308.371407] FAST spr round 4 (radius: 25)
[00:49:08 -22307.934573] FAST spr round 5 (radius: 25)
[00:49:13 -22307.823479] FAST spr round 6 (radius: 25)
[00:49:17 -22307.670764] FAST spr round 7 (radius: 25)
[00:49:22 -22307.670462] Model parameter optimization (eps = 1.000000)
[00:49:22 -22307.659823] SLOW spr round 1 (radius: 5)
[00:49:30 -22306.061155] SLOW spr round 2 (radius: 5)
[00:49:37 -22306.060028] SLOW spr round 3 (radius: 10)
[00:49:44 -22305.503353] SLOW spr round 4 (radius: 5)
[00:49:53 -22305.503157] SLOW spr round 5 (radius: 10)
[00:50:01 -22305.503152] SLOW spr round 6 (radius: 15)
[00:50:12 -22305.503150] SLOW spr round 7 (radius: 20)
[00:50:23 -22305.503150] SLOW spr round 8 (radius: 25)
[00:50:32 -22305.463880] Model parameter optimization (eps = 0.100000)

[00:50:32] ML tree search #14, logLikelihood: -22305.455910

[00:50:32 -25874.422813] Initial branch length optimization
[00:50:32 -22969.682915] Model parameter optimization (eps = 10.000000)
[00:50:32 -22969.292207] AUTODETECT spr round 1 (radius: 5)
[00:50:35 -22514.153342] AUTODETECT spr round 2 (radius: 10)
[00:50:40 -22458.848405] AUTODETECT spr round 3 (radius: 15)
[00:50:46 -22434.528599] AUTODETECT spr round 4 (radius: 20)
[00:50:52 -22413.071899] AUTODETECT spr round 5 (radius: 25)
[00:50:56 -22412.041570] SPR radius for FAST iterations: 25 (autodetect)
[00:50:56 -22412.041570] Model parameter optimization (eps = 3.000000)
[00:50:56 -22411.607244] FAST spr round 1 (radius: 25)
[00:51:02 -22336.233637] FAST spr round 2 (radius: 25)
[00:51:08 -22322.191246] FAST spr round 3 (radius: 25)
[00:51:13 -22319.321230] FAST spr round 4 (radius: 25)
[00:51:17 -22317.537902] FAST spr round 5 (radius: 25)
[00:51:22 -22317.041713] FAST spr round 6 (radius: 25)
[00:51:26 -22316.579715] FAST spr round 7 (radius: 25)
[00:51:31 -22316.495073] Model parameter optimization (eps = 1.000000)
[00:51:31 -22316.389916] SLOW spr round 1 (radius: 5)
[00:51:39 -22314.205160] SLOW spr round 2 (radius: 5)
[00:51:47 -22313.833851] SLOW spr round 3 (radius: 5)
[00:51:54 -22313.833640] SLOW spr round 4 (radius: 10)
[00:52:01 -22308.565172] SLOW spr round 5 (radius: 5)
[00:52:11 -22307.636476] SLOW spr round 6 (radius: 5)
[00:52:20 -22307.635245] SLOW spr round 7 (radius: 10)
[00:52:28 -22306.766297] SLOW spr round 8 (radius: 5)
[00:52:37 -22306.015163] SLOW spr round 9 (radius: 5)
[00:52:46 -22306.014618] SLOW spr round 10 (radius: 10)
[00:52:53 -22306.014588] SLOW spr round 11 (radius: 15)
[00:53:07 -22301.485500] SLOW spr round 12 (radius: 5)
[00:53:18 -22299.391595] SLOW spr round 13 (radius: 5)
[00:53:26 -22299.390269] SLOW spr round 14 (radius: 10)
[00:53:34 -22299.389259] SLOW spr round 15 (radius: 15)
[00:53:48 -22299.388555] SLOW spr round 16 (radius: 20)
[00:54:00 -22299.388071] SLOW spr round 17 (radius: 25)
[00:54:09 -22299.387734] Model parameter optimization (eps = 0.100000)

[00:54:09] ML tree search #15, logLikelihood: -22299.355913

[00:54:09 -25626.531290] Initial branch length optimization
[00:54:09 -22824.680601] Model parameter optimization (eps = 10.000000)
[00:54:10 -22824.127783] AUTODETECT spr round 1 (radius: 5)
[00:54:13 -22472.639995] AUTODETECT spr round 2 (radius: 10)
[00:54:18 -22414.631066] AUTODETECT spr round 3 (radius: 15)
[00:54:24 -22387.570206] AUTODETECT spr round 4 (radius: 20)
[00:54:30 -22381.478020] AUTODETECT spr round 5 (radius: 25)
[00:54:35 -22370.301279] SPR radius for FAST iterations: 25 (autodetect)
[00:54:35 -22370.301279] Model parameter optimization (eps = 3.000000)
[00:54:35 -22370.235709] FAST spr round 1 (radius: 25)
[00:54:41 -22326.900420] FAST spr round 2 (radius: 25)
[00:54:46 -22319.624455] FAST spr round 3 (radius: 25)
[00:54:52 -22311.510721] FAST spr round 4 (radius: 25)
[00:54:56 -22310.566981] FAST spr round 5 (radius: 25)
[00:55:00 -22309.451035] FAST spr round 6 (radius: 25)
[00:55:05 -22308.545150] FAST spr round 7 (radius: 25)
[00:55:10 -22307.810261] FAST spr round 8 (radius: 25)
[00:55:14 -22306.599683] FAST spr round 9 (radius: 25)
[00:55:19 -22306.392621] FAST spr round 10 (radius: 25)
[00:55:23 -22306.311457] Model parameter optimization (eps = 1.000000)
[00:55:23 -22306.285611] SLOW spr round 1 (radius: 5)
[00:55:31 -22305.747644] SLOW spr round 2 (radius: 5)
[00:55:38 -22305.747083] SLOW spr round 3 (radius: 10)
[00:55:45 -22305.747038] SLOW spr round 4 (radius: 15)
[00:55:58 -22305.747027] SLOW spr round 5 (radius: 20)
[00:56:11 -22305.367422] SLOW spr round 6 (radius: 5)
[00:56:21 -22305.334464] SLOW spr round 7 (radius: 10)
[00:56:31 -22304.960096] SLOW spr round 8 (radius: 5)
[00:56:40 -22304.959452] SLOW spr round 9 (radius: 10)
[00:56:48 -22304.959432] SLOW spr round 10 (radius: 15)
[00:57:01 -22304.959431] SLOW spr round 11 (radius: 20)
[00:57:13 -22304.959430] SLOW spr round 12 (radius: 25)
[00:57:23 -22304.959430] Model parameter optimization (eps = 0.100000)

[00:57:23] ML tree search #16, logLikelihood: -22304.918112

[00:57:23 -25721.543748] Initial branch length optimization
[00:57:23 -22866.336776] Model parameter optimization (eps = 10.000000)
[00:57:23 -22865.455152] AUTODETECT spr round 1 (radius: 5)
[00:57:26 -22528.723330] AUTODETECT spr round 2 (radius: 10)
[00:57:31 -22450.193109] AUTODETECT spr round 3 (radius: 15)
[00:57:38 -22430.089996] AUTODETECT spr round 4 (radius: 20)
[00:57:44 -22417.920088] AUTODETECT spr round 5 (radius: 25)
[00:57:48 -22417.895582] SPR radius for FAST iterations: 20 (autodetect)
[00:57:48 -22417.895582] Model parameter optimization (eps = 3.000000)
[00:57:48 -22417.891974] FAST spr round 1 (radius: 20)
[00:57:55 -22333.408585] FAST spr round 2 (radius: 20)
[00:58:00 -22320.787759] FAST spr round 3 (radius: 20)
[00:58:04 -22318.500338] FAST spr round 4 (radius: 20)
[00:58:09 -22314.766471] FAST spr round 5 (radius: 20)
[00:58:13 -22313.272101] FAST spr round 6 (radius: 20)
[00:58:17 -22312.680268] FAST spr round 7 (radius: 20)
[00:58:22 -22312.452604] FAST spr round 8 (radius: 20)
[00:58:26 -22312.327102] FAST spr round 9 (radius: 20)
[00:58:30 -22311.842579] FAST spr round 10 (radius: 20)
[00:58:35 -22311.762449] Model parameter optimization (eps = 1.000000)
[00:58:35 -22311.762134] SLOW spr round 1 (radius: 5)
[00:58:43 -22304.252339] SLOW spr round 2 (radius: 5)
[00:58:50 -22304.244497] SLOW spr round 3 (radius: 10)
[00:58:57 -22300.348337] SLOW spr round 4 (radius: 5)
[00:59:07 -22297.817420] SLOW spr round 5 (radius: 5)
[00:59:15 -22297.815520] SLOW spr round 6 (radius: 10)
[00:59:23 -22297.766057] SLOW spr round 7 (radius: 15)
[00:59:35 -22297.764909] SLOW spr round 8 (radius: 20)
[00:59:48 -22297.764865] SLOW spr round 9 (radius: 25)
[00:59:57 -22297.764845] Model parameter optimization (eps = 0.100000)

[00:59:58] ML tree search #17, logLikelihood: -22297.754445

[00:59:58 -25599.201565] Initial branch length optimization
[00:59:58 -22809.798587] Model parameter optimization (eps = 10.000000)
[00:59:58 -22809.030735] AUTODETECT spr round 1 (radius: 5)
[01:00:01 -22477.996334] AUTODETECT spr round 2 (radius: 10)
[01:00:06 -22449.104574] AUTODETECT spr round 3 (radius: 15)
[01:00:11 -22428.333370] AUTODETECT spr round 4 (radius: 20)
[01:00:17 -22415.815168] AUTODETECT spr round 5 (radius: 25)
[01:00:22 -22413.739933] SPR radius for FAST iterations: 25 (autodetect)
[01:00:22 -22413.739933] Model parameter optimization (eps = 3.000000)
[01:00:22 -22413.710330] FAST spr round 1 (radius: 25)
[01:00:29 -22346.642048] FAST spr round 2 (radius: 25)
[01:00:34 -22326.681519] FAST spr round 3 (radius: 25)
[01:00:39 -22323.833744] FAST spr round 4 (radius: 25)
[01:00:44 -22318.545901] FAST spr round 5 (radius: 25)
[01:00:48 -22312.472128] FAST spr round 6 (radius: 25)
[01:00:54 -22305.112734] FAST spr round 7 (radius: 25)
[01:00:58 -22302.842476] FAST spr round 8 (radius: 25)
[01:01:02 -22301.738693] FAST spr round 9 (radius: 25)
[01:01:07 -22301.260970] FAST spr round 10 (radius: 25)
[01:01:11 -22301.013133] FAST spr round 11 (radius: 25)
[01:01:15 -22300.942966] Model parameter optimization (eps = 1.000000)
[01:01:16 -22300.830184] SLOW spr round 1 (radius: 5)
[01:01:23 -22299.891140] SLOW spr round 2 (radius: 5)
[01:01:30 -22299.888425] SLOW spr round 3 (radius: 10)
[01:01:37 -22299.806855] SLOW spr round 4 (radius: 15)
[01:01:48 -22299.805320] SLOW spr round 5 (radius: 20)
[01:01:59 -22299.805227] SLOW spr round 6 (radius: 25)
[01:02:08 -22299.805205] Model parameter optimization (eps = 0.100000)

[01:02:09] ML tree search #18, logLikelihood: -22299.795001

[01:02:09 -25741.837154] Initial branch length optimization
[01:02:09 -22910.620067] Model parameter optimization (eps = 10.000000)
[01:02:09 -22909.761095] AUTODETECT spr round 1 (radius: 5)
[01:02:12 -22566.993025] AUTODETECT spr round 2 (radius: 10)
[01:02:16 -22507.164794] AUTODETECT spr round 3 (radius: 15)
[01:02:23 -22442.514173] AUTODETECT spr round 4 (radius: 20)
[01:02:28 -22428.893946] AUTODETECT spr round 5 (radius: 25)
[01:02:32 -22428.026198] SPR radius for FAST iterations: 25 (autodetect)
[01:02:32 -22428.026198] Model parameter optimization (eps = 3.000000)
[01:02:33 -22427.954319] FAST spr round 1 (radius: 25)
[01:02:39 -22320.663050] FAST spr round 2 (radius: 25)
[01:02:44 -22311.848944] FAST spr round 3 (radius: 25)
[01:02:48 -22305.628073] FAST spr round 4 (radius: 25)
[01:02:53 -22303.542575] FAST spr round 5 (radius: 25)
[01:02:57 -22301.254884] FAST spr round 6 (radius: 25)
[01:03:01 -22298.966923] FAST spr round 7 (radius: 25)
[01:03:06 -22298.324915] FAST spr round 8 (radius: 25)
[01:03:10 -22297.472859] FAST spr round 9 (radius: 25)
[01:03:14 -22297.209646] FAST spr round 10 (radius: 25)
[01:03:18 -22297.209375] Model parameter optimization (eps = 1.000000)
[01:03:19 -22297.205267] SLOW spr round 1 (radius: 5)
[01:03:26 -22296.916356] SLOW spr round 2 (radius: 5)
[01:03:33 -22296.916310] SLOW spr round 3 (radius: 10)
[01:03:40 -22296.916309] SLOW spr round 4 (radius: 15)
[01:03:52 -22296.916309] SLOW spr round 5 (radius: 20)
[01:04:05 -22294.127563] SLOW spr round 6 (radius: 5)
[01:04:15 -22293.925900] SLOW spr round 7 (radius: 5)
[01:04:23 -22293.925301] SLOW spr round 8 (radius: 10)
[01:04:31 -22293.925284] SLOW spr round 9 (radius: 15)
[01:04:42 -22292.907611] SLOW spr round 10 (radius: 5)
[01:04:52 -22292.374052] SLOW spr round 11 (radius: 5)
[01:05:00 -22291.176391] SLOW spr round 12 (radius: 5)
[01:05:08 -22291.176000] SLOW spr round 13 (radius: 10)
[01:05:15 -22291.175920] SLOW spr round 14 (radius: 15)
[01:05:25 -22290.879892] SLOW spr round 15 (radius: 5)
[01:05:35 -22290.268716] SLOW spr round 16 (radius: 5)
[01:05:43 -22290.073227] SLOW spr round 17 (radius: 5)
[01:05:50 -22290.073203] SLOW spr round 18 (radius: 10)
[01:05:57 -22290.073203] SLOW spr round 19 (radius: 15)
[01:06:08 -22290.073203] SLOW spr round 20 (radius: 20)
[01:06:19 -22290.073203] SLOW spr round 21 (radius: 25)
[01:06:28 -22290.073203] Model parameter optimization (eps = 0.100000)

[01:06:28] ML tree search #19, logLikelihood: -22290.054033

[01:06:28 -25649.954499] Initial branch length optimization
[01:06:28 -22831.981616] Model parameter optimization (eps = 10.000000)
[01:06:29 -22830.735304] AUTODETECT spr round 1 (radius: 5)
[01:06:31 -22476.666615] AUTODETECT spr round 2 (radius: 10)
[01:06:36 -22411.364848] AUTODETECT spr round 3 (radius: 15)
[01:06:42 -22388.379711] AUTODETECT spr round 4 (radius: 20)
[01:06:48 -22384.704302] AUTODETECT spr round 5 (radius: 25)
[01:06:52 -22376.456983] SPR radius for FAST iterations: 25 (autodetect)
[01:06:52 -22376.456983] Model parameter optimization (eps = 3.000000)
[01:06:52 -22376.398343] FAST spr round 1 (radius: 25)
[01:06:58 -22314.756457] FAST spr round 2 (radius: 25)
[01:07:04 -22309.188384] FAST spr round 3 (radius: 25)
[01:07:08 -22308.317340] FAST spr round 4 (radius: 25)
[01:07:12 -22307.572585] FAST spr round 5 (radius: 25)
[01:07:17 -22306.508132] FAST spr round 6 (radius: 25)
[01:07:21 -22306.067804] FAST spr round 7 (radius: 25)
[01:07:26 -22306.017069] Model parameter optimization (eps = 1.000000)
[01:07:26 -22305.991812] SLOW spr round 1 (radius: 5)
[01:07:33 -22303.879506] SLOW spr round 2 (radius: 5)
[01:07:40 -22303.726072] SLOW spr round 3 (radius: 5)
[01:07:46 -22303.725946] SLOW spr round 4 (radius: 10)
[01:07:53 -22303.725945] SLOW spr round 5 (radius: 15)
[01:08:03 -22303.725945] SLOW spr round 6 (radius: 20)
[01:08:15 -22302.951591] SLOW spr round 7 (radius: 5)
[01:08:24 -22302.663045] SLOW spr round 8 (radius: 5)
[01:08:31 -22302.663040] SLOW spr round 9 (radius: 10)
[01:08:38 -22302.663040] SLOW spr round 10 (radius: 15)
[01:08:49 -22302.663040] SLOW spr round 11 (radius: 20)
[01:09:01 -22302.663040] SLOW spr round 12 (radius: 25)
[01:09:12 -22302.663040] Model parameter optimization (eps = 0.100000)

[01:09:13] ML tree search #20, logLikelihood: -22302.662778


Optimized model parameters:

   Partition 0: noname
   Rate heterogeneity: GAMMA (4 cats, mean),  alpha: 0.997471 (ML),  weights&rates: (0.250000,0.136449) (0.250000,0.475991) (0.250000,0.999580) (0.250000,2.387981) 
   Base frequencies (model): 0.079066 0.055941 0.041977 0.053052 0.012937 0.040767 0.071586 0.057337 0.022355 0.062157 0.099081 0.064600 0.022951 0.042302 0.044040 0.061197 0.053287 0.012066 0.034155 0.069147 
   Substitution rates (model): 0.425093 0.276818 0.395144 2.489084 0.969894 1.038545 2.066040 0.358858 0.149830 0.395337 0.536518 1.124035 0.253701 1.177651 4.727182 2.139501 0.180717 0.218959 2.547870 0.751878 0.123954 0.534551 2.807908 0.363970 0.390192 2.426601 0.126991 0.301848 6.326067 0.484133 0.052722 0.332533 0.858151 0.578987 0.593607 0.314440 0.170887 5.076149 0.528768 1.695752 0.541712 1.437645 4.509238 0.191503 0.068427 2.145078 0.371004 0.089525 0.161787 4.008358 2.000679 0.045376 0.612025 0.083688 0.062556 0.523386 5.243870 0.844926 0.927114 0.010690 0.015076 0.282959 0.025548 0.017416 0.394456 1.240275 0.425860 0.029890 0.135107 0.037967 0.084808 0.003499 0.569265 0.640543 0.320627 0.594007 0.013266 0.893680 1.105251 0.075382 2.784478 1.143480 0.670128 1.165532 1.959291 4.128591 0.267959 4.813505 0.072854 0.582457 3.234294 1.672569 0.035855 0.624294 1.223828 1.080136 0.236199 0.257336 0.210332 0.348847 0.423881 0.044265 0.069673 1.807177 0.173735 0.018811 0.419409 0.611973 0.604545 0.077852 0.120037 0.245034 0.311484 0.008705 0.044261 0.296636 0.139538 0.089586 0.196961 1.739990 0.129836 0.268491 0.054679 0.076701 0.108882 0.366317 0.697264 0.442472 0.682139 0.508851 0.990012 0.584262 0.597054 5.306834 0.119013 4.145067 0.159069 4.273607 1.112727 0.078281 0.064105 1.033739 0.111660 0.232523 10.649107 0.137500 6.312358 2.592692 0.249060 0.182287 0.302936 0.619632 0.299648 1.702745 0.656604 0.023918 0.390322 0.748683 1.136863 0.049906 0.131932 0.185202 1.798853 0.099849 0.346960 2.020366 0.696175 0.481306 1.898718 0.094464 0.361819 0.165001 2.457121 7.803902 0.654683 1.338132 0.571468 0.095131 0.089613 0.296501 6.472279 0.248862 0.400547 0.098369 0.140825 0.245841 2.188158 3.151815 0.189510 0.249313 


Final LogLikelihood: -22289.919656

AIC score: 45279.839312 / AICc score: 290979.839312 / BIC score: 46208.725434
Free parameters (model + branch lengths): 350

WARNING: Number of free parameters (K=350) is larger than alignment size (n=105).
         This might lead to overfitting and compromise tree inference results!


Best ML tree saved to: /geode2/home/u020/danschw/Carbonate/GitHub/spore_amg/genes_of_interest/spo0A/data/align-trim-tree/tree/MafftEinsi.trim.raxml.bestTree
All ML trees saved to: /geode2/home/u020/danschw/Carbonate/GitHub/spore_amg/genes_of_interest/spo0A/data/align-trim-tree/tree/MafftEinsi.trim.raxml.mlTrees
Optimized model saved to: /geode2/home/u020/danschw/Carbonate/GitHub/spore_amg/genes_of_interest/spo0A/data/align-trim-tree/tree/MafftEinsi.trim.raxml.bestModel

Execution log saved to: /geode2/home/u020/danschw/Carbonate/GitHub/spore_amg/genes_of_interest/spo0A/data/align-trim-tree/tree/MafftEinsi.trim.raxml.log

Analysis started: 12-Oct-2022 10:09:22 / finished: 12-Oct-2022 11:18:35

Elapsed time: 4153.174 seconds

