
RAxML-NG v. 0.9.0git released on 24.05.2019 by The Exelixis Lab.
Developed by: Alexey M. Kozlov and Alexandros Stamatakis.
Contributors: Diego Darriba, Tomas Flouri, Benoit Morel, Sarah Lutteropp, Ben Bettisworth.
Latest version: https://github.com/amkozlov/raxml-ng
Questions/problems/suggestions? Please visit: https://groups.google.com/forum/#!forum/raxml

RAxML-NG was called at 01-Feb-2022 16:23:37 as follows:

raxml-ng --check --msa /N/u/danschw/Carbonate/GitHub/spore_amg/metaG/data/coat/align-trim-tree/cotJB_MafftEinsi.trim --model LG+G4+F --data-type AA --prefix check-msa

Analysis options:
  run mode: Alignment validation
  start tree(s): 
  random seed: 1643750617
  SIMD kernels: AVX2
  parallelization: PTHREADS (24 threads), thread pinning: OFF

[00:00:00] Reading alignment from file: /N/u/danschw/Carbonate/GitHub/spore_amg/metaG/data/coat/align-trim-tree/cotJB_MafftEinsi.trim
[00:00:00] Loaded alignment with 476 taxa and 88 sites

WARNING: Sequences phage_gvd_6 and phage_blastp_12 are exactly identical!
WARNING: Sequences phage_gvd_8 and phage_gvd_14 are exactly identical!
WARNING: Sequences phage_gvd_8 and phage_gvd_24 are exactly identical!
WARNING: Sequences phage_gvd_17 and phage_gvd_21 are exactly identical!
WARNING: Sequences phage_gvd_20 and bacteria_uniref_365 are exactly identical!
WARNING: Sequences phage_gvd_26 and phage_blastp_4 are exactly identical!
WARNING: Sequences phage_gvd_33 and phage_gvd_35 are exactly identical!
WARNING: Sequences phage_gvd_37 and bacteria_uniref_180 are exactly identical!
WARNING: Duplicate sequences found: 8

NOTE: Reduced alignment (with duplicates and gap-only sites/taxa removed) 
NOTE: was saved to: /geode2/home/u020/danschw/Carbonate/GitHub/spore_amg/metaG/data/coat/align-trim-tree/check_msa/check-msa.raxml.reduced.phy

Alignment comprises 1 partitions and 88 patterns

Partition 0: noname
Model: LG+FC+G4m
Alignment sites / patterns: 88 / 88
Gaps: 5.61 %
Invariant sites: 0.00 %


Alignment can be successfully read by RAxML-NG.


Execution log saved to: /geode2/home/u020/danschw/Carbonate/GitHub/spore_amg/metaG/data/coat/align-trim-tree/check_msa/check-msa.raxml.log

Analysis started: 01-Feb-2022 16:23:37 / finished: 01-Feb-2022 16:23:37

Elapsed time: 0.213 seconds

