
RAxML-NG v. 0.9.0git released on 24.05.2019 by The Exelixis Lab.
Developed by: Alexey M. Kozlov and Alexandros Stamatakis.
Contributors: Diego Darriba, Tomas Flouri, Benoit Morel, Sarah Lutteropp, Ben Bettisworth.
Latest version: https://github.com/amkozlov/raxml-ng
Questions/problems/suggestions? Please visit: https://groups.google.com/forum/#!forum/raxml

RAxML-NG was called at 01-Feb-2022 16:30:47 as follows:

raxml-ng --msa /N/u/danschw/Carbonate/GitHub/spore_amg/metaG/data/coat/align-trim-tree/check_msa/parse-msa.raxml.rba --model LG+G4+F --prefix /N/u/danschw/Carbonate/GitHub/spore_amg/metaG/data/coat/align-trim-tree/tree/ml_search/rand-91 --threads 2 --seed 91 --tree pars{10}

Analysis options:
  run mode: ML tree search
  start tree(s): parsimony (10)
  random seed: 91
  tip-inner: OFF
  pattern compression: ON
  per-rate scalers: OFF
  site repeats: ON
  fast spr radius: AUTO
  spr subtree cutoff: 1.000000
  branch lengths: proportional (ML estimate, algorithm: NR-FAST)
  SIMD kernels: AVX2
  parallelization: PTHREADS (2 threads), thread pinning: OFF

WARNING: The model you specified on the command line (LG+G4+F) will be ignored 
         since the binary MSA file already contains a model definition.
         If you want to change the model, please re-run RAxML-NG 
         with the original PHYLIP/FASTA alignment and --redo option.

[00:00:00] Loading binary alignment from file: /N/u/danschw/Carbonate/GitHub/spore_amg/metaG/data/coat/align-trim-tree/check_msa/parse-msa.raxml.rba
[00:00:00] Alignment comprises 468 taxa, 1 partitions and 88 patterns

Partition 0: noname
Model: LG+FC+G4m
Alignment sites / patterns: 88 / 88
Gaps: 5.67 %
Invariant sites: 0.00 %


[00:00:00] Generating 10 parsimony starting tree(s) with 468 taxa
[00:00:02] Data distribution: max. partitions/sites/weight per thread: 1 / 44 / 3520

Starting ML tree search with 10 distinct starting trees

[00:00:02 -67477.248339] Initial branch length optimization
[00:00:03 -62613.803568] Model parameter optimization (eps = 10.000000)
[00:00:03 -62598.508386] AUTODETECT spr round 1 (radius: 5)
[00:00:22 -61678.287328] AUTODETECT spr round 2 (radius: 10)
[00:00:46 -61310.465866] AUTODETECT spr round 3 (radius: 15)
[00:01:18 -61042.393687] AUTODETECT spr round 4 (radius: 20)
[00:01:55 -61009.376595] AUTODETECT spr round 5 (radius: 25)
[00:02:33 -61002.256116] SPR radius for FAST iterations: 25 (autodetect)
[00:02:33 -61002.256116] Model parameter optimization (eps = 3.000000)
[00:02:33 -61002.233863] FAST spr round 1 (radius: 25)
[00:03:22 -60616.446923] FAST spr round 2 (radius: 25)
[00:03:58 -60541.761583] FAST spr round 3 (radius: 25)
[00:04:26 -60526.733990] FAST spr round 4 (radius: 25)
[00:04:51 -60522.946960] FAST spr round 5 (radius: 25)
[00:05:14 -60522.019920] FAST spr round 6 (radius: 25)
[00:05:39 -60515.825161] FAST spr round 7 (radius: 25)
[00:06:02 -60505.329650] FAST spr round 8 (radius: 25)
[00:06:25 -60498.984368] FAST spr round 9 (radius: 25)
[00:06:47 -60497.021297] FAST spr round 10 (radius: 25)
[00:07:08 -60495.974137] FAST spr round 11 (radius: 25)
[00:07:30 -60494.583132] FAST spr round 12 (radius: 25)
[00:07:52 -60494.115467] FAST spr round 13 (radius: 25)
[00:08:14 -60493.301745] FAST spr round 14 (radius: 25)
[00:08:36 -60493.063729] FAST spr round 15 (radius: 25)
[00:08:57 -60492.884350] FAST spr round 16 (radius: 25)
[00:09:19 -60492.731285] FAST spr round 17 (radius: 25)
[00:09:40 -60492.566798] FAST spr round 18 (radius: 25)
[00:10:02 -60492.418752] FAST spr round 19 (radius: 25)
[00:10:24 -60492.295926] FAST spr round 20 (radius: 25)
[00:10:45 -60492.160857] FAST spr round 21 (radius: 25)
[00:11:07 -60492.072560] Model parameter optimization (eps = 1.000000)
[00:11:07 -60491.999548] SLOW spr round 1 (radius: 5)
[00:11:39 -60481.836525] SLOW spr round 2 (radius: 5)
[00:12:10 -60480.477736] SLOW spr round 3 (radius: 5)
[00:12:39 -60478.870735] SLOW spr round 4 (radius: 5)
[00:13:08 -60477.015403] SLOW spr round 5 (radius: 5)
[00:13:37 -60477.015228] SLOW spr round 6 (radius: 10)
[00:14:05 -60476.241580] SLOW spr round 7 (radius: 5)
[00:14:42 -60470.898902] SLOW spr round 8 (radius: 5)
[00:15:14 -60467.131587] SLOW spr round 9 (radius: 5)
[00:15:44 -60467.131413] SLOW spr round 10 (radius: 10)
[00:16:13 -60463.226003] SLOW spr round 11 (radius: 5)
[00:16:49 -60460.713330] SLOW spr round 12 (radius: 5)
[00:17:22 -60460.712215] SLOW spr round 13 (radius: 10)
[00:17:51 -60460.032716] SLOW spr round 14 (radius: 5)
[00:18:27 -60459.558825] SLOW spr round 15 (radius: 5)
[00:19:00 -60458.222106] SLOW spr round 16 (radius: 5)
[00:19:29 -60458.221854] SLOW spr round 17 (radius: 10)
[00:19:59 -60457.040715] SLOW spr round 18 (radius: 5)
[00:20:35 -60454.239339] SLOW spr round 19 (radius: 5)
[00:21:06 -60454.237624] SLOW spr round 20 (radius: 10)
[00:21:36 -60454.237333] SLOW spr round 21 (radius: 15)
[00:22:32 -60454.148965] SLOW spr round 22 (radius: 20)
[00:23:44 -60454.148742] SLOW spr round 23 (radius: 25)
[00:25:01 -60454.148741] Model parameter optimization (eps = 0.100000)

[00:25:01] ML tree search #1, logLikelihood: -60454.147707

[00:25:01 -67461.900660] Initial branch length optimization
[00:25:01 -62691.962530] Model parameter optimization (eps = 10.000000)
[00:25:02 -62670.685271] AUTODETECT spr round 1 (radius: 5)
[00:25:20 -61623.117531] AUTODETECT spr round 2 (radius: 10)
[00:25:44 -61016.329445] AUTODETECT spr round 3 (radius: 15)
[00:26:15 -60905.944134] AUTODETECT spr round 4 (radius: 20)
[00:26:50 -60876.804595] AUTODETECT spr round 5 (radius: 25)
[00:27:24 -60844.029049] SPR radius for FAST iterations: 25 (autodetect)
[00:27:24 -60844.029049] Model parameter optimization (eps = 3.000000)
[00:27:24 -60843.350521] FAST spr round 1 (radius: 25)
[00:28:10 -60500.810617] FAST spr round 2 (radius: 25)
[00:28:45 -60462.991375] FAST spr round 3 (radius: 25)
[00:29:12 -60461.080330] FAST spr round 4 (radius: 25)
[00:29:36 -60460.475366] FAST spr round 5 (radius: 25)
[00:29:59 -60458.395718] FAST spr round 6 (radius: 25)
[00:30:20 -60457.020891] FAST spr round 7 (radius: 25)
[00:30:42 -60456.613329] FAST spr round 8 (radius: 25)
[00:31:04 -60456.270740] FAST spr round 9 (radius: 25)
[00:31:26 -60455.978169] FAST spr round 10 (radius: 25)
[00:31:48 -60452.973379] FAST spr round 11 (radius: 25)
[00:32:10 -60451.415784] FAST spr round 12 (radius: 25)
[00:32:32 -60451.072046] FAST spr round 13 (radius: 25)
[00:32:54 -60450.922338] FAST spr round 14 (radius: 25)
[00:33:15 -60449.620705] FAST spr round 15 (radius: 25)
[00:33:37 -60449.494527] FAST spr round 16 (radius: 25)
[00:33:59 -60449.408927] Model parameter optimization (eps = 1.000000)
[00:33:59 -60449.109438] SLOW spr round 1 (radius: 5)
[00:34:32 -60443.869512] SLOW spr round 2 (radius: 5)
[00:35:01 -60443.506288] SLOW spr round 3 (radius: 5)
[00:35:30 -60443.505906] SLOW spr round 4 (radius: 10)
[00:36:00 -60442.121467] SLOW spr round 5 (radius: 5)
[00:36:36 -60441.509284] SLOW spr round 6 (radius: 5)
[00:37:08 -60441.507769] SLOW spr round 7 (radius: 10)
[00:37:37 -60440.174669] SLOW spr round 8 (radius: 5)
[00:38:12 -60439.768375] SLOW spr round 9 (radius: 5)
[00:38:44 -60439.768090] SLOW spr round 10 (radius: 10)
[00:39:14 -60439.580064] SLOW spr round 11 (radius: 5)
[00:39:49 -60439.575753] SLOW spr round 12 (radius: 10)
[00:40:21 -60439.575538] SLOW spr round 13 (radius: 15)
[00:41:07 -60439.104671] SLOW spr round 14 (radius: 5)
[00:41:43 -60438.724243] SLOW spr round 15 (radius: 5)
[00:42:16 -60438.724059] SLOW spr round 16 (radius: 10)
[00:42:45 -60438.724057] SLOW spr round 17 (radius: 15)
[00:43:32 -60438.724057] SLOW spr round 18 (radius: 20)
[00:44:33 -60438.724057] SLOW spr round 19 (radius: 25)
[00:45:36 -60438.724057] Model parameter optimization (eps = 0.100000)

[00:45:36] ML tree search #2, logLikelihood: -60438.717533

[00:45:36 -67104.036739] Initial branch length optimization
[00:45:37 -62445.340759] Model parameter optimization (eps = 10.000000)
[00:45:37 -62428.609996] AUTODETECT spr round 1 (radius: 5)
[00:45:55 -61458.271699] AUTODETECT spr round 2 (radius: 10)
[00:46:20 -61096.104863] AUTODETECT spr round 3 (radius: 15)
[00:46:54 -60879.636190] AUTODETECT spr round 4 (radius: 20)
[00:47:29 -60852.917622] AUTODETECT spr round 5 (radius: 25)
[00:48:02 -60850.002483] SPR radius for FAST iterations: 25 (autodetect)
[00:48:02 -60850.002483] Model parameter optimization (eps = 3.000000)
[00:48:03 -60849.740727] FAST spr round 1 (radius: 25)
[00:48:51 -60540.510501] FAST spr round 2 (radius: 25)
[00:49:24 -60508.400263] FAST spr round 3 (radius: 25)
[00:49:53 -60493.704306] FAST spr round 4 (radius: 25)
[00:50:17 -60491.022835] FAST spr round 5 (radius: 25)
[00:50:39 -60488.295556] FAST spr round 6 (radius: 25)
[00:51:01 -60487.450232] FAST spr round 7 (radius: 25)
[00:51:23 -60487.313972] FAST spr round 8 (radius: 25)
[00:51:44 -60487.217205] Model parameter optimization (eps = 1.000000)
[00:51:45 -60486.563152] SLOW spr round 1 (radius: 5)
[00:52:18 -60477.529601] SLOW spr round 2 (radius: 5)
[00:52:49 -60475.766981] SLOW spr round 3 (radius: 5)
[00:53:19 -60475.225539] SLOW spr round 4 (radius: 5)
[00:53:47 -60475.225369] SLOW spr round 5 (radius: 10)
[00:54:16 -60474.556471] SLOW spr round 6 (radius: 5)
[00:54:53 -60469.590226] SLOW spr round 7 (radius: 5)
[00:55:26 -60466.363053] SLOW spr round 8 (radius: 5)
[00:55:57 -60466.137437] SLOW spr round 9 (radius: 5)
[00:56:26 -60466.135148] SLOW spr round 10 (radius: 10)
[00:56:54 -60465.993025] SLOW spr round 11 (radius: 5)
[00:57:31 -60465.991294] SLOW spr round 12 (radius: 10)
[00:58:03 -60463.890236] SLOW spr round 13 (radius: 5)
[00:58:40 -60460.264902] SLOW spr round 14 (radius: 5)
[00:59:11 -60458.892902] SLOW spr round 15 (radius: 5)
[00:59:41 -60458.892792] SLOW spr round 16 (radius: 10)
[01:00:10 -60458.076257] SLOW spr round 17 (radius: 5)
[01:00:46 -60456.330134] SLOW spr round 18 (radius: 5)
[01:01:17 -60456.329108] SLOW spr round 19 (radius: 10)
[01:01:46 -60456.329032] SLOW spr round 20 (radius: 15)
[01:02:35 -60453.893504] SLOW spr round 21 (radius: 5)
[01:03:12 -60450.912424] SLOW spr round 22 (radius: 5)
[01:03:44 -60450.912398] SLOW spr round 23 (radius: 10)
[01:04:13 -60450.912397] SLOW spr round 24 (radius: 15)
[01:05:00 -60450.601865] SLOW spr round 25 (radius: 5)
[01:05:36 -60446.277151] SLOW spr round 26 (radius: 5)
[01:06:08 -60446.276785] SLOW spr round 27 (radius: 10)
[01:06:38 -60446.276774] SLOW spr round 28 (radius: 15)
[01:07:25 -60446.276773] SLOW spr round 29 (radius: 20)
[01:08:23 -60445.606814] SLOW spr round 30 (radius: 5)
[01:09:00 -60445.602648] SLOW spr round 31 (radius: 10)
[01:09:33 -60445.602622] SLOW spr round 32 (radius: 15)
[01:10:17 -60445.602621] SLOW spr round 33 (radius: 20)
[01:11:17 -60445.602620] SLOW spr round 34 (radius: 25)
[01:12:23 -60445.602620] Model parameter optimization (eps = 0.100000)

[01:12:24] ML tree search #3, logLikelihood: -60445.581555

[01:12:24 -67411.680800] Initial branch length optimization
[01:12:24 -62597.200455] Model parameter optimization (eps = 10.000000)
[01:12:25 -62581.628796] AUTODETECT spr round 1 (radius: 5)
[01:12:43 -61563.672726] AUTODETECT spr round 2 (radius: 10)
[01:13:07 -61183.544360] AUTODETECT spr round 3 (radius: 15)
[01:13:39 -60993.650349] AUTODETECT spr round 4 (radius: 20)
[01:14:17 -60952.489776] AUTODETECT spr round 5 (radius: 25)
[01:14:56 -60924.641647] SPR radius for FAST iterations: 25 (autodetect)
[01:14:56 -60924.641647] Model parameter optimization (eps = 3.000000)
[01:14:57 -60924.340888] FAST spr round 1 (radius: 25)
[01:15:49 -60634.734425] FAST spr round 2 (radius: 25)
[01:16:23 -60591.042926] FAST spr round 3 (radius: 25)
[01:16:51 -60573.470850] FAST spr round 4 (radius: 25)
[01:17:16 -60556.412548] FAST spr round 5 (radius: 25)
[01:17:39 -60554.534894] FAST spr round 6 (radius: 25)
[01:18:00 -60552.163626] FAST spr round 7 (radius: 25)
[01:18:21 -60549.658203] FAST spr round 8 (radius: 25)
[01:18:42 -60547.973103] FAST spr round 9 (radius: 25)
[01:19:04 -60545.519556] FAST spr round 10 (radius: 25)
[01:19:25 -60541.784954] FAST spr round 11 (radius: 25)
[01:19:47 -60540.800839] FAST spr round 12 (radius: 25)
[01:20:08 -60540.012858] FAST spr round 13 (radius: 25)
[01:20:31 -60539.271990] FAST spr round 14 (radius: 25)
[01:20:52 -60538.686051] FAST spr round 15 (radius: 25)
[01:21:14 -60538.368334] FAST spr round 16 (radius: 25)
[01:21:36 -60538.142284] FAST spr round 17 (radius: 25)
[01:21:57 -60537.212261] FAST spr round 18 (radius: 25)
[01:22:19 -60528.848032] FAST spr round 19 (radius: 25)
[01:22:42 -60522.188188] FAST spr round 20 (radius: 25)
[01:23:04 -60521.340416] FAST spr round 21 (radius: 25)
[01:23:25 -60521.157303] FAST spr round 22 (radius: 25)
[01:23:47 -60521.042850] FAST spr round 23 (radius: 25)
[01:24:09 -60520.954707] Model parameter optimization (eps = 1.000000)
[01:24:09 -60520.754777] SLOW spr round 1 (radius: 5)
[01:24:42 -60513.633312] SLOW spr round 2 (radius: 5)
[01:25:13 -60505.564194] SLOW spr round 3 (radius: 5)
[01:25:42 -60504.871376] SLOW spr round 4 (radius: 5)
[01:26:12 -60504.870778] SLOW spr round 5 (radius: 10)
[01:26:40 -60503.427835] SLOW spr round 6 (radius: 5)
[01:27:17 -60503.427342] SLOW spr round 7 (radius: 10)
[01:27:50 -60503.303771] SLOW spr round 8 (radius: 5)
[01:28:25 -60503.303605] SLOW spr round 9 (radius: 10)
[01:28:57 -60503.303602] SLOW spr round 10 (radius: 15)
[01:29:47 -60502.154723] SLOW spr round 11 (radius: 5)
[01:30:23 -60502.154201] SLOW spr round 12 (radius: 10)
[01:30:56 -60502.154196] SLOW spr round 13 (radius: 15)
[01:31:44 -60502.154195] SLOW spr round 14 (radius: 20)
[01:32:53 -60502.154195] SLOW spr round 15 (radius: 25)
[01:34:05 -60502.154195] Model parameter optimization (eps = 0.100000)

[01:34:06] ML tree search #4, logLikelihood: -60502.102056

[01:34:06 -67347.303627] Initial branch length optimization
[01:34:06 -62608.649277] Model parameter optimization (eps = 10.000000)
[01:34:07 -62588.102749] AUTODETECT spr round 1 (radius: 5)
[01:34:25 -61548.713009] AUTODETECT spr round 2 (radius: 10)
[01:34:49 -61124.934927] AUTODETECT spr round 3 (radius: 15)
[01:35:19 -60934.146865] AUTODETECT spr round 4 (radius: 20)
[01:35:53 -60902.417145] AUTODETECT spr round 5 (radius: 25)
[01:36:29 -60866.828650] SPR radius for FAST iterations: 25 (autodetect)
[01:36:29 -60866.828650] Model parameter optimization (eps = 3.000000)
[01:36:29 -60866.590507] FAST spr round 1 (radius: 25)
[01:37:16 -60536.638819] FAST spr round 2 (radius: 25)
[01:37:50 -60512.141124] FAST spr round 3 (radius: 25)
[01:38:18 -60497.253043] FAST spr round 4 (radius: 25)
[01:38:42 -60490.406135] FAST spr round 5 (radius: 25)
[01:39:05 -60482.692502] FAST spr round 6 (radius: 25)
[01:39:27 -60475.117658] FAST spr round 7 (radius: 25)
[01:39:49 -60474.308805] FAST spr round 8 (radius: 25)
[01:40:11 -60473.822179] FAST spr round 9 (radius: 25)
[01:40:32 -60473.473818] FAST spr round 10 (radius: 25)
[01:40:54 -60473.082541] FAST spr round 11 (radius: 25)
[01:41:15 -60472.742034] FAST spr round 12 (radius: 25)
[01:41:37 -60472.469608] FAST spr round 13 (radius: 25)
[01:41:58 -60471.965432] FAST spr round 14 (radius: 25)
[01:42:20 -60471.775394] FAST spr round 15 (radius: 25)
[01:42:41 -60471.594843] FAST spr round 16 (radius: 25)
[01:43:03 -60470.800496] FAST spr round 17 (radius: 25)
[01:43:25 -60470.354331] FAST spr round 18 (radius: 25)
[01:43:47 -60470.173500] FAST spr round 19 (radius: 25)
[01:44:09 -60469.213320] FAST spr round 20 (radius: 25)
[01:44:30 -60468.956759] FAST spr round 21 (radius: 25)
[01:44:52 -60468.794520] FAST spr round 22 (radius: 25)
[01:45:13 -60467.162746] FAST spr round 23 (radius: 25)
[01:45:36 -60467.100891] Model parameter optimization (eps = 1.000000)
[01:45:36 -60466.642622] SLOW spr round 1 (radius: 5)
[01:46:09 -60462.556391] SLOW spr round 2 (radius: 5)
[01:46:40 -60459.780372] SLOW spr round 3 (radius: 5)
[01:47:09 -60459.780247] SLOW spr round 4 (radius: 10)
[01:47:37 -60459.583959] SLOW spr round 5 (radius: 5)
[01:48:14 -60456.949152] SLOW spr round 6 (radius: 5)
[01:48:47 -60456.916755] SLOW spr round 7 (radius: 10)
[01:49:16 -60456.916686] SLOW spr round 8 (radius: 15)
[01:50:02 -60455.974790] SLOW spr round 9 (radius: 5)
[01:50:38 -60454.642050] SLOW spr round 10 (radius: 5)
[01:51:12 -60454.220707] SLOW spr round 11 (radius: 5)
[01:51:43 -60454.220614] SLOW spr round 12 (radius: 10)
[01:52:12 -60453.488347] SLOW spr round 13 (radius: 5)
[01:52:47 -60453.487610] SLOW spr round 14 (radius: 10)
[01:53:19 -60453.487562] SLOW spr round 15 (radius: 15)
[01:54:03 -60452.598506] SLOW spr round 16 (radius: 5)
[01:54:40 -60452.445061] SLOW spr round 17 (radius: 5)
[01:55:13 -60452.444967] SLOW spr round 18 (radius: 10)
[01:55:42 -60452.444963] SLOW spr round 19 (radius: 15)
[01:56:28 -60452.361113] SLOW spr round 20 (radius: 20)
[01:57:25 -60452.338890] SLOW spr round 21 (radius: 25)
[01:58:26 -60452.338426] Model parameter optimization (eps = 0.100000)

[01:58:26] ML tree search #5, logLikelihood: -60452.305146

[01:58:26 -67524.536260] Initial branch length optimization
[01:58:27 -62672.172697] Model parameter optimization (eps = 10.000000)
[01:58:27 -62654.612932] AUTODETECT spr round 1 (radius: 5)
[01:58:46 -61457.580535] AUTODETECT spr round 2 (radius: 10)
[01:59:09 -61117.672634] AUTODETECT spr round 3 (radius: 15)
[01:59:42 -60984.090875] AUTODETECT spr round 4 (radius: 20)
[02:00:18 -60938.441279] AUTODETECT spr round 5 (radius: 25)
[02:00:54 -60935.458600] SPR radius for FAST iterations: 25 (autodetect)
[02:00:54 -60935.458600] Model parameter optimization (eps = 3.000000)
[02:00:54 -60935.256914] FAST spr round 1 (radius: 25)
[02:01:43 -60543.131535] FAST spr round 2 (radius: 25)
[02:02:19 -60471.124947] FAST spr round 3 (radius: 25)
[02:02:46 -60455.651805] FAST spr round 4 (radius: 25)
[02:03:10 -60451.082430] FAST spr round 5 (radius: 25)
[02:03:32 -60449.106860] FAST spr round 6 (radius: 25)
[02:03:54 -60447.885690] FAST spr round 7 (radius: 25)
[02:04:16 -60447.234805] FAST spr round 8 (radius: 25)
[02:04:37 -60446.744359] FAST spr round 9 (radius: 25)
[02:04:59 -60446.435642] FAST spr round 10 (radius: 25)
[02:05:20 -60445.892670] FAST spr round 11 (radius: 25)
[02:05:42 -60445.695438] FAST spr round 12 (radius: 25)
[02:06:04 -60444.976032] FAST spr round 13 (radius: 25)
[02:06:24 -60442.095302] FAST spr round 14 (radius: 25)
[02:06:45 -60441.966046] FAST spr round 15 (radius: 25)
[02:07:06 -60441.851808] FAST spr round 16 (radius: 25)
[02:07:27 -60440.158507] FAST spr round 17 (radius: 25)
[02:07:48 -60440.076289] Model parameter optimization (eps = 1.000000)
[02:07:48 -60439.974011] SLOW spr round 1 (radius: 5)
[02:08:20 -60431.984966] SLOW spr round 2 (radius: 5)
[02:08:49 -60431.968526] SLOW spr round 3 (radius: 10)
[02:09:18 -60428.407601] SLOW spr round 4 (radius: 5)
[02:09:55 -60422.965872] SLOW spr round 5 (radius: 5)
[02:10:28 -60421.416827] SLOW spr round 6 (radius: 5)
[02:10:58 -60421.414519] SLOW spr round 7 (radius: 10)
[02:11:27 -60419.960237] SLOW spr round 8 (radius: 5)
[02:12:03 -60417.661020] SLOW spr round 9 (radius: 5)
[02:12:34 -60417.396332] SLOW spr round 10 (radius: 5)
[02:13:04 -60416.710945] SLOW spr round 11 (radius: 5)
[02:13:33 -60416.703693] SLOW spr round 12 (radius: 10)
[02:14:02 -60416.582189] SLOW spr round 13 (radius: 5)
[02:14:38 -60416.581982] SLOW spr round 14 (radius: 10)
[02:15:10 -60413.018026] SLOW spr round 15 (radius: 5)
[02:15:47 -60411.044049] SLOW spr round 16 (radius: 5)
[02:16:19 -60409.513772] SLOW spr round 17 (radius: 5)
[02:16:50 -60409.513134] SLOW spr round 18 (radius: 10)
[02:17:18 -60409.513109] SLOW spr round 19 (radius: 15)
[02:18:11 -60409.513106] SLOW spr round 20 (radius: 20)
[02:19:18 -60408.084755] SLOW spr round 21 (radius: 5)
[02:19:55 -60408.083840] SLOW spr round 22 (radius: 10)
[02:20:30 -60408.083817] SLOW spr round 23 (radius: 15)
[02:21:18 -60408.083817] SLOW spr round 24 (radius: 20)
[02:22:26 -60408.083817] SLOW spr round 25 (radius: 25)
[02:23:38 -60408.083817] Model parameter optimization (eps = 0.100000)

[02:23:39] ML tree search #6, logLikelihood: -60408.076710

[02:23:39 -67368.317118] Initial branch length optimization
[02:23:39 -62642.034566] Model parameter optimization (eps = 10.000000)
[02:23:40 -62622.119955] AUTODETECT spr round 1 (radius: 5)
[02:23:58 -61609.715181] AUTODETECT spr round 2 (radius: 10)
[02:24:21 -61230.639889] AUTODETECT spr round 3 (radius: 15)
[02:24:53 -61014.876189] AUTODETECT spr round 4 (radius: 20)
[02:25:31 -60947.815194] AUTODETECT spr round 5 (radius: 25)
[02:26:09 -60945.537928] SPR radius for FAST iterations: 25 (autodetect)
[02:26:09 -60945.537928] Model parameter optimization (eps = 3.000000)
[02:26:09 -60945.264766] FAST spr round 1 (radius: 25)
[02:26:58 -60582.931950] FAST spr round 2 (radius: 25)
[02:27:33 -60484.176335] FAST spr round 3 (radius: 25)
[02:28:00 -60468.812172] FAST spr round 4 (radius: 25)
[02:28:24 -60460.263035] FAST spr round 5 (radius: 25)
[02:28:47 -60458.859618] FAST spr round 6 (radius: 25)
[02:29:09 -60456.936123] FAST spr round 7 (radius: 25)
[02:29:31 -60454.780104] FAST spr round 8 (radius: 25)
[02:29:53 -60449.653097] FAST spr round 9 (radius: 25)
[02:30:15 -60447.264819] FAST spr round 10 (radius: 25)
[02:30:37 -60446.586133] FAST spr round 11 (radius: 25)
[02:30:58 -60445.970501] FAST spr round 12 (radius: 25)
[02:31:20 -60445.392024] FAST spr round 13 (radius: 25)
[02:31:41 -60445.034427] FAST spr round 14 (radius: 25)
[02:32:02 -60444.759986] FAST spr round 15 (radius: 25)
[02:32:24 -60444.639217] FAST spr round 16 (radius: 25)
[02:32:45 -60444.512179] FAST spr round 17 (radius: 25)
[02:33:07 -60444.397405] FAST spr round 18 (radius: 25)
[02:33:28 -60444.299628] Model parameter optimization (eps = 1.000000)
[02:33:29 -60443.890119] SLOW spr round 1 (radius: 5)
[02:34:01 -60439.957318] SLOW spr round 2 (radius: 5)
[02:34:31 -60439.779421] SLOW spr round 3 (radius: 5)
[02:35:01 -60439.779329] SLOW spr round 4 (radius: 10)
[02:35:29 -60438.590996] SLOW spr round 5 (radius: 5)
[02:36:06 -60432.787201] SLOW spr round 6 (radius: 5)
[02:36:37 -60432.768833] SLOW spr round 7 (radius: 10)
[02:37:06 -60432.768403] SLOW spr round 8 (radius: 15)
[02:37:55 -60432.768381] SLOW spr round 9 (radius: 20)
[02:38:59 -60432.768379] SLOW spr round 10 (radius: 25)
[02:40:04 -60432.768379] Model parameter optimization (eps = 0.100000)

[02:40:04] ML tree search #7, logLikelihood: -60432.768299

[02:40:04 -67649.636136] Initial branch length optimization
[02:40:05 -62844.971853] Model parameter optimization (eps = 10.000000)
[02:40:05 -62838.168106] AUTODETECT spr round 1 (radius: 5)
[02:40:23 -61701.530872] AUTODETECT spr round 2 (radius: 10)
[02:40:47 -61151.820414] AUTODETECT spr round 3 (radius: 15)
[02:41:20 -61031.740521] AUTODETECT spr round 4 (radius: 20)
[02:41:56 -61010.467420] AUTODETECT spr round 5 (radius: 25)
[02:42:31 -61001.139854] SPR radius for FAST iterations: 25 (autodetect)
[02:42:31 -61001.139854] Model parameter optimization (eps = 3.000000)
[02:42:32 -60998.632852] FAST spr round 1 (radius: 25)
[02:43:23 -60563.517285] FAST spr round 2 (radius: 25)
[02:43:58 -60485.733742] FAST spr round 3 (radius: 25)
[02:44:27 -60458.874483] FAST spr round 4 (radius: 25)
[02:44:51 -60452.850363] FAST spr round 5 (radius: 25)
[02:45:14 -60451.569043] FAST spr round 6 (radius: 25)
[02:45:37 -60450.515471] FAST spr round 7 (radius: 25)
[02:45:59 -60449.475620] FAST spr round 8 (radius: 25)
[02:46:20 -60448.998733] FAST spr round 9 (radius: 25)
[02:46:42 -60448.837098] FAST spr round 10 (radius: 25)
[02:47:03 -60448.731892] FAST spr round 11 (radius: 25)
[02:47:24 -60448.640681] Model parameter optimization (eps = 1.000000)
[02:47:24 -60448.480797] SLOW spr round 1 (radius: 5)
[02:47:57 -60438.446039] SLOW spr round 2 (radius: 5)
[02:48:28 -60434.375867] SLOW spr round 3 (radius: 5)
[02:48:57 -60434.347157] SLOW spr round 4 (radius: 10)
[02:49:25 -60434.076080] SLOW spr round 5 (radius: 5)
[02:50:02 -60430.762530] SLOW spr round 6 (radius: 5)
[02:50:34 -60430.517917] SLOW spr round 7 (radius: 5)
[02:51:04 -60430.517692] SLOW spr round 8 (radius: 10)
[02:51:32 -60430.499336] SLOW spr round 9 (radius: 15)
[02:52:29 -60430.499136] SLOW spr round 10 (radius: 20)
[02:53:44 -60430.312786] SLOW spr round 11 (radius: 5)
[02:54:21 -60429.504236] SLOW spr round 12 (radius: 5)
[02:54:54 -60429.504127] SLOW spr round 13 (radius: 10)
[02:55:24 -60429.020970] SLOW spr round 14 (radius: 5)
[02:56:01 -60426.091617] SLOW spr round 15 (radius: 5)
[02:56:32 -60424.670020] SLOW spr round 16 (radius: 5)
[02:57:03 -60415.177136] SLOW spr round 17 (radius: 5)
[02:57:32 -60410.308232] SLOW spr round 18 (radius: 5)
[02:57:59 -60410.294811] SLOW spr round 19 (radius: 10)
[02:58:27 -60409.933189] SLOW spr round 20 (radius: 5)
[02:59:03 -60408.400913] SLOW spr round 21 (radius: 5)
[02:59:35 -60408.400827] SLOW spr round 22 (radius: 10)
[03:00:05 -60408.400826] SLOW spr round 23 (radius: 15)
[03:01:02 -60408.400826] SLOW spr round 24 (radius: 20)
[03:02:19 -60408.400826] SLOW spr round 25 (radius: 25)
[03:03:37 -60408.400826] Model parameter optimization (eps = 0.100000)

[03:03:37] ML tree search #8, logLikelihood: -60408.336615

[03:03:37 -67326.007218] Initial branch length optimization
[03:03:38 -62569.461193] Model parameter optimization (eps = 10.000000)
[03:03:38 -62554.779963] AUTODETECT spr round 1 (radius: 5)
[03:03:57 -61537.480938] AUTODETECT spr round 2 (radius: 10)
[03:04:21 -61092.444469] AUTODETECT spr round 3 (radius: 15)
[03:04:55 -60981.973138] AUTODETECT spr round 4 (radius: 20)
[03:05:35 -60934.583842] AUTODETECT spr round 5 (radius: 25)
[03:06:13 -60921.295586] SPR radius for FAST iterations: 25 (autodetect)
[03:06:13 -60921.295586] Model parameter optimization (eps = 3.000000)
[03:06:14 -60921.258494] FAST spr round 1 (radius: 25)
[03:07:04 -60619.147184] FAST spr round 2 (radius: 25)
[03:07:39 -60568.232043] FAST spr round 3 (radius: 25)
[03:08:08 -60557.177386] FAST spr round 4 (radius: 25)
[03:08:33 -60541.467486] FAST spr round 5 (radius: 25)
[03:08:56 -60533.581348] FAST spr round 6 (radius: 25)
[03:09:18 -60533.212653] FAST spr round 7 (radius: 25)
[03:09:40 -60532.902267] FAST spr round 8 (radius: 25)
[03:10:02 -60532.739476] FAST spr round 9 (radius: 25)
[03:10:24 -60532.580059] FAST spr round 10 (radius: 25)
[03:10:45 -60532.496928] Model parameter optimization (eps = 1.000000)
[03:10:45 -60532.242641] SLOW spr round 1 (radius: 5)
[03:11:17 -60522.979075] SLOW spr round 2 (radius: 5)
[03:11:48 -60522.551841] SLOW spr round 3 (radius: 5)
[03:12:16 -60522.497678] SLOW spr round 4 (radius: 10)
[03:12:46 -60515.593813] SLOW spr round 5 (radius: 5)
[03:13:22 -60513.430038] SLOW spr round 6 (radius: 5)
[03:13:55 -60512.288379] SLOW spr round 7 (radius: 5)
[03:14:25 -60511.899339] SLOW spr round 8 (radius: 5)
[03:14:54 -60510.948615] SLOW spr round 9 (radius: 5)
[03:15:23 -60509.629001] SLOW spr round 10 (radius: 5)
[03:15:51 -60509.627392] SLOW spr round 11 (radius: 10)
[03:16:20 -60509.627049] SLOW spr round 12 (radius: 15)
[03:17:17 -60509.626969] SLOW spr round 13 (radius: 20)
[03:18:30 -60509.626950] SLOW spr round 14 (radius: 25)
[03:19:45 -60509.626946] Model parameter optimization (eps = 0.100000)

[03:19:45] ML tree search #9, logLikelihood: -60509.598437

[03:19:45 -67477.296140] Initial branch length optimization
[03:19:45 -62614.622205] Model parameter optimization (eps = 10.000000)
[03:19:46 -62596.858093] AUTODETECT spr round 1 (radius: 5)
[03:20:05 -61662.681028] AUTODETECT spr round 2 (radius: 10)
[03:20:29 -61279.100515] AUTODETECT spr round 3 (radius: 15)
[03:21:04 -61038.043361] AUTODETECT spr round 4 (radius: 20)
[03:21:50 -60931.132429] AUTODETECT spr round 5 (radius: 25)
[03:22:31 -60911.723658] SPR radius for FAST iterations: 25 (autodetect)
[03:22:31 -60911.723658] Model parameter optimization (eps = 3.000000)
[03:22:32 -60911.609472] FAST spr round 1 (radius: 25)
[03:23:24 -60609.298920] FAST spr round 2 (radius: 25)
[03:24:01 -60558.274435] FAST spr round 3 (radius: 25)
[03:24:30 -60538.734102] FAST spr round 4 (radius: 25)
[03:24:55 -60527.690588] FAST spr round 5 (radius: 25)
[03:25:18 -60523.738905] FAST spr round 6 (radius: 25)
[03:25:41 -60521.772024] FAST spr round 7 (radius: 25)
[03:26:02 -60518.428762] FAST spr round 8 (radius: 25)
[03:26:24 -60517.659765] FAST spr round 9 (radius: 25)
[03:26:46 -60517.160585] FAST spr round 10 (radius: 25)
[03:27:07 -60516.702791] FAST spr round 11 (radius: 25)
[03:27:29 -60516.380262] FAST spr round 12 (radius: 25)
[03:27:50 -60516.235060] FAST spr round 13 (radius: 25)
[03:28:12 -60516.132644] FAST spr round 14 (radius: 25)
[03:28:33 -60515.719621] FAST spr round 15 (radius: 25)
[03:28:55 -60515.661400] Model parameter optimization (eps = 1.000000)
[03:28:55 -60515.414692] SLOW spr round 1 (radius: 5)
[03:29:29 -60508.782063] SLOW spr round 2 (radius: 5)
[03:30:01 -60496.064253] SLOW spr round 3 (radius: 5)
[03:30:33 -60493.375306] SLOW spr round 4 (radius: 5)
[03:31:02 -60493.374971] SLOW spr round 5 (radius: 10)
[03:31:31 -60490.624442] SLOW spr round 6 (radius: 5)
[03:32:07 -60490.622067] SLOW spr round 7 (radius: 10)
[03:32:39 -60489.294926] SLOW spr round 8 (radius: 5)
[03:33:14 -60488.479648] SLOW spr round 9 (radius: 5)
[03:33:46 -60488.479161] SLOW spr round 10 (radius: 10)
[03:34:16 -60486.019572] SLOW spr round 11 (radius: 5)
[03:34:51 -60486.015903] SLOW spr round 12 (radius: 10)
[03:35:23 -60486.015050] SLOW spr round 13 (radius: 15)
[03:36:14 -60483.982353] SLOW spr round 14 (radius: 5)
[03:36:51 -60480.176262] SLOW spr round 15 (radius: 5)
[03:37:23 -60480.173837] SLOW spr round 16 (radius: 10)
[03:37:54 -60479.827410] SLOW spr round 17 (radius: 5)
[03:38:32 -60477.407794] SLOW spr round 18 (radius: 5)
[03:39:04 -60474.693567] SLOW spr round 19 (radius: 5)
[03:39:34 -60474.692900] SLOW spr round 20 (radius: 10)
[03:40:03 -60474.256727] SLOW spr round 21 (radius: 5)
[03:40:38 -60474.256500] SLOW spr round 22 (radius: 10)
[03:41:11 -60474.121859] SLOW spr round 23 (radius: 5)
[03:41:46 -60474.121150] SLOW spr round 24 (radius: 10)
[03:42:18 -60473.926618] SLOW spr round 25 (radius: 5)
[03:42:54 -60473.797429] SLOW spr round 26 (radius: 5)
[03:43:26 -60473.797048] SLOW spr round 27 (radius: 10)
[03:43:55 -60473.796929] SLOW spr round 28 (radius: 15)
[03:44:49 -60473.796862] SLOW spr round 29 (radius: 20)
[03:46:01 -60472.706124] SLOW spr round 30 (radius: 5)
[03:46:39 -60471.818215] SLOW spr round 31 (radius: 5)
[03:47:11 -60471.817626] SLOW spr round 32 (radius: 10)
[03:47:41 -60471.817614] SLOW spr round 33 (radius: 15)
[03:48:35 -60471.756841] SLOW spr round 34 (radius: 20)
[03:49:48 -60471.756184] SLOW spr round 35 (radius: 25)
[03:51:04 -60470.260924] SLOW spr round 36 (radius: 5)
[03:51:42 -60465.580466] SLOW spr round 37 (radius: 5)
[03:52:16 -60465.579803] SLOW spr round 38 (radius: 10)
[03:52:46 -60465.394219] SLOW spr round 39 (radius: 5)
[03:53:21 -60465.393535] SLOW spr round 40 (radius: 10)
[03:53:53 -60465.323833] SLOW spr round 41 (radius: 15)
[03:54:45 -60465.160959] SLOW spr round 42 (radius: 5)
[03:55:22 -60465.160657] SLOW spr round 43 (radius: 10)
[03:55:56 -60464.819136] SLOW spr round 44 (radius: 5)
[03:56:31 -60464.818481] SLOW spr round 45 (radius: 10)
[03:57:02 -60464.818472] SLOW spr round 46 (radius: 15)
[03:57:55 -60464.818472] SLOW spr round 47 (radius: 20)
[03:59:09 -60464.818472] SLOW spr round 48 (radius: 25)
[04:00:24 -60464.818472] Model parameter optimization (eps = 0.100000)

[04:00:25] ML tree search #10, logLikelihood: -60464.810891


Optimized model parameters:

   Partition 0: noname
   Rate heterogeneity: GAMMA (4 cats, mean),  alpha: 1.138614 (ML),  weights&rates: (0.250000,0.163752) (0.250000,0.514788) (0.250000,1.019644) (0.250000,2.301815) 
   Base frequencies (empirical): 0.072021 0.042059 0.055341 0.069550 0.017143 0.052046 0.086023 0.036602 0.022162 0.031892 0.103784 0.057838 0.041699 0.034929 0.054157 0.041004 0.046435 0.042136 0.058662 0.034517 
   Substitution rates (model): 0.425093 0.276818 0.395144 2.489084 0.969894 1.038545 2.066040 0.358858 0.149830 0.395337 0.536518 1.124035 0.253701 1.177651 4.727182 2.139501 0.180717 0.218959 2.547870 0.751878 0.123954 0.534551 2.807908 0.363970 0.390192 2.426601 0.126991 0.301848 6.326067 0.484133 0.052722 0.332533 0.858151 0.578987 0.593607 0.314440 0.170887 5.076149 0.528768 1.695752 0.541712 1.437645 4.509238 0.191503 0.068427 2.145078 0.371004 0.089525 0.161787 4.008358 2.000679 0.045376 0.612025 0.083688 0.062556 0.523386 5.243870 0.844926 0.927114 0.010690 0.015076 0.282959 0.025548 0.017416 0.394456 1.240275 0.425860 0.029890 0.135107 0.037967 0.084808 0.003499 0.569265 0.640543 0.320627 0.594007 0.013266 0.893680 1.105251 0.075382 2.784478 1.143480 0.670128 1.165532 1.959291 4.128591 0.267959 4.813505 0.072854 0.582457 3.234294 1.672569 0.035855 0.624294 1.223828 1.080136 0.236199 0.257336 0.210332 0.348847 0.423881 0.044265 0.069673 1.807177 0.173735 0.018811 0.419409 0.611973 0.604545 0.077852 0.120037 0.245034 0.311484 0.008705 0.044261 0.296636 0.139538 0.089586 0.196961 1.739990 0.129836 0.268491 0.054679 0.076701 0.108882 0.366317 0.697264 0.442472 0.682139 0.508851 0.990012 0.584262 0.597054 5.306834 0.119013 4.145067 0.159069 4.273607 1.112727 0.078281 0.064105 1.033739 0.111660 0.232523 10.649107 0.137500 6.312358 2.592692 0.249060 0.182287 0.302936 0.619632 0.299648 1.702745 0.656604 0.023918 0.390322 0.748683 1.136863 0.049906 0.131932 0.185202 1.798853 0.099849 0.346960 2.020366 0.696175 0.481306 1.898718 0.094464 0.361819 0.165001 2.457121 7.803902 0.654683 1.338132 0.571468 0.095131 0.089613 0.296501 6.472279 0.248862 0.400547 0.098369 0.140825 0.245841 2.188158 3.151815 0.189510 0.249313 


Final LogLikelihood: -60408.076710

AIC score: 122722.153419 / AICc score: 1941046.153419 / BIC score: 125083.055403
Free parameters (model + branch lengths): 953

WARNING: Number of free parameters (K=953) is larger than alignment size (n=88).
         This might lead to overfitting and compromise tree inference results!


Best ML tree saved to: /geode2/home/u020/danschw/Carbonate/GitHub/spore_amg/metaG/data/coat/align-trim-tree/tree/ml_search/rand-91.raxml.bestTree
All ML trees saved to: /geode2/home/u020/danschw/Carbonate/GitHub/spore_amg/metaG/data/coat/align-trim-tree/tree/ml_search/rand-91.raxml.mlTrees
Optimized model saved to: /geode2/home/u020/danschw/Carbonate/GitHub/spore_amg/metaG/data/coat/align-trim-tree/tree/ml_search/rand-91.raxml.bestModel

Execution log saved to: /geode2/home/u020/danschw/Carbonate/GitHub/spore_amg/metaG/data/coat/align-trim-tree/tree/ml_search/rand-91.raxml.log

Analysis started: 01-Feb-2022 16:30:47 / finished: 01-Feb-2022 20:31:12

Elapsed time: 14425.175 seconds

