
RAxML-NG v. 0.9.0git released on 24.05.2019 by The Exelixis Lab.
Developed by: Alexey M. Kozlov and Alexandros Stamatakis.
Contributors: Diego Darriba, Tomas Flouri, Benoit Morel, Sarah Lutteropp, Ben Bettisworth.
Latest version: https://github.com/amkozlov/raxml-ng
Questions/problems/suggestions? Please visit: https://groups.google.com/forum/#!forum/raxml

RAxML-NG was called at 01-Feb-2022 16:30:47 as follows:

raxml-ng --msa /N/u/danschw/Carbonate/GitHub/spore_amg/metaG/data/coat/align-trim-tree/check_msa/parse-msa.raxml.rba --model LG+G4+F --prefix /N/u/danschw/Carbonate/GitHub/spore_amg/metaG/data/coat/align-trim-tree/tree/ml_search/rand-93 --threads 2 --seed 93 --tree rand{10}

Analysis options:
  run mode: ML tree search
  start tree(s): random (10)
  random seed: 93
  tip-inner: OFF
  pattern compression: ON
  per-rate scalers: OFF
  site repeats: ON
  fast spr radius: AUTO
  spr subtree cutoff: 1.000000
  branch lengths: proportional (ML estimate, algorithm: NR-FAST)
  SIMD kernels: AVX2
  parallelization: PTHREADS (2 threads), thread pinning: OFF

WARNING: The model you specified on the command line (LG+G4+F) will be ignored 
         since the binary MSA file already contains a model definition.
         If you want to change the model, please re-run RAxML-NG 
         with the original PHYLIP/FASTA alignment and --redo option.

[00:00:00] Loading binary alignment from file: /N/u/danschw/Carbonate/GitHub/spore_amg/metaG/data/coat/align-trim-tree/check_msa/parse-msa.raxml.rba
[00:00:00] Alignment comprises 468 taxa, 1 partitions and 88 patterns

Partition 0: noname
Model: LG+FC+G4m
Alignment sites / patterns: 88 / 88
Gaps: 5.67 %
Invariant sites: 0.00 %


[00:00:00] Generating 10 random starting tree(s) with 468 taxa
[00:00:00] Data distribution: max. partitions/sites/weight per thread: 1 / 44 / 3520

Starting ML tree search with 10 distinct starting trees

[00:00:00 -89776.824288] Initial branch length optimization
[00:00:00 -77822.739513] Model parameter optimization (eps = 10.000000)
[00:00:01 -77819.299308] AUTODETECT spr round 1 (radius: 5)
[00:00:21 -72604.717118] AUTODETECT spr round 2 (radius: 10)
[00:00:45 -67478.919959] AUTODETECT spr round 3 (radius: 15)
[00:01:14 -64906.572144] AUTODETECT spr round 4 (radius: 20)
[00:01:49 -63316.621934] AUTODETECT spr round 5 (radius: 25)
[00:02:29 -63041.898113] SPR radius for FAST iterations: 25 (autodetect)
[00:02:29 -63041.898113] Model parameter optimization (eps = 3.000000)
[00:02:30 -63021.929236] FAST spr round 1 (radius: 25)
[00:03:23 -60737.995961] FAST spr round 2 (radius: 25)
[00:03:58 -60567.450922] FAST spr round 3 (radius: 25)
[00:04:27 -60526.083955] FAST spr round 4 (radius: 25)
[00:04:52 -60512.424452] FAST spr round 5 (radius: 25)
[00:05:15 -60511.328337] FAST spr round 6 (radius: 25)
[00:05:37 -60510.260974] FAST spr round 7 (radius: 25)
[00:05:59 -60508.535315] FAST spr round 8 (radius: 25)
[00:06:25 -60507.858914] FAST spr round 9 (radius: 25)
[00:06:51 -60507.314672] FAST spr round 10 (radius: 25)
[00:07:16 -60506.793676] FAST spr round 11 (radius: 25)
[00:07:41 -60506.056749] FAST spr round 12 (radius: 25)
[00:08:05 -60505.703713] FAST spr round 13 (radius: 25)
[00:08:30 -60505.473918] FAST spr round 14 (radius: 25)
[00:08:55 -60505.397373] Model parameter optimization (eps = 1.000000)
[00:08:56 -60505.327867] SLOW spr round 1 (radius: 5)
[00:09:32 -60496.817718] SLOW spr round 2 (radius: 5)
[00:10:06 -60496.670334] SLOW spr round 3 (radius: 5)
[00:10:39 -60496.669724] SLOW spr round 4 (radius: 10)
[00:11:13 -60495.637944] SLOW spr round 5 (radius: 5)
[00:11:54 -60492.578525] SLOW spr round 6 (radius: 5)
[00:12:31 -60491.904048] SLOW spr round 7 (radius: 5)
[00:13:04 -60491.903535] SLOW spr round 8 (radius: 10)
[00:13:36 -60491.328144] SLOW spr round 9 (radius: 5)
[00:14:16 -60490.836281] SLOW spr round 10 (radius: 5)
[00:14:52 -60490.836151] SLOW spr round 11 (radius: 10)
[00:15:25 -60490.836149] SLOW spr round 12 (radius: 15)
[00:16:26 -60489.813516] SLOW spr round 13 (radius: 5)
[00:17:06 -60488.735010] SLOW spr round 14 (radius: 5)
[00:17:41 -60488.287608] SLOW spr round 15 (radius: 5)
[00:18:14 -60488.287299] SLOW spr round 16 (radius: 10)
[00:18:45 -60488.287294] SLOW spr round 17 (radius: 15)
[00:19:48 -60487.345427] SLOW spr round 18 (radius: 5)
[00:20:28 -60486.838949] SLOW spr round 19 (radius: 5)
[00:21:03 -60486.838481] SLOW spr round 20 (radius: 10)
[00:21:35 -60486.838476] SLOW spr round 21 (radius: 15)
[00:22:36 -60486.838476] SLOW spr round 22 (radius: 20)
[00:23:50 -60486.838476] SLOW spr round 23 (radius: 25)
[00:25:08 -60486.838476] Model parameter optimization (eps = 0.100000)

[00:25:08] ML tree search #1, logLikelihood: -60486.814528

[00:25:08 -89661.090425] Initial branch length optimization
[00:25:08 -77751.699815] Model parameter optimization (eps = 10.000000)
[00:25:09 -77748.655211] AUTODETECT spr round 1 (radius: 5)
[00:25:30 -72522.509795] AUTODETECT spr round 2 (radius: 10)
[00:25:57 -66615.360752] AUTODETECT spr round 3 (radius: 15)
[00:26:31 -63987.740241] AUTODETECT spr round 4 (radius: 20)
[00:27:13 -63032.205041] AUTODETECT spr round 5 (radius: 25)
[00:27:55 -62911.674892] SPR radius for FAST iterations: 25 (autodetect)
[00:27:55 -62911.674892] Model parameter optimization (eps = 3.000000)
[00:27:56 -62899.747163] FAST spr round 1 (radius: 25)
[00:28:51 -60809.199129] FAST spr round 2 (radius: 25)
[00:29:29 -60524.957652] FAST spr round 3 (radius: 25)
[00:29:59 -60488.576965] FAST spr round 4 (radius: 25)
[00:30:26 -60474.404275] FAST spr round 5 (radius: 25)
[00:30:52 -60462.270747] FAST spr round 6 (radius: 25)
[00:31:17 -60459.265263] FAST spr round 7 (radius: 25)
[00:31:41 -60458.425345] FAST spr round 8 (radius: 25)
[00:32:04 -60457.189581] FAST spr round 9 (radius: 25)
[00:32:28 -60456.645142] FAST spr round 10 (radius: 25)
[00:32:52 -60456.149542] FAST spr round 11 (radius: 25)
[00:33:16 -60455.934831] FAST spr round 12 (radius: 25)
[00:33:40 -60455.737073] FAST spr round 13 (radius: 25)
[00:34:03 -60455.588903] FAST spr round 14 (radius: 25)
[00:34:27 -60455.451687] FAST spr round 15 (radius: 25)
[00:34:50 -60455.439559] Model parameter optimization (eps = 1.000000)
[00:34:51 -60455.339428] SLOW spr round 1 (radius: 5)
[00:35:27 -60444.220783] SLOW spr round 2 (radius: 5)
[00:36:01 -60439.636233] SLOW spr round 3 (radius: 5)
[00:36:34 -60439.252484] SLOW spr round 4 (radius: 5)
[00:37:06 -60437.783096] SLOW spr round 5 (radius: 5)
[00:37:38 -60437.783061] SLOW spr round 6 (radius: 10)
[00:38:08 -60436.806202] SLOW spr round 7 (radius: 5)
[00:38:48 -60431.917003] SLOW spr round 8 (radius: 5)
[00:39:24 -60431.916839] SLOW spr round 9 (radius: 10)
[00:39:57 -60431.280665] SLOW spr round 10 (radius: 5)
[00:40:37 -60430.937027] SLOW spr round 11 (radius: 5)
[00:41:12 -60430.936497] SLOW spr round 12 (radius: 10)
[00:41:43 -60430.735443] SLOW spr round 13 (radius: 5)
[00:42:22 -60430.554188] SLOW spr round 14 (radius: 5)
[00:42:56 -60430.554153] SLOW spr round 15 (radius: 10)
[00:43:28 -60430.554152] SLOW spr round 16 (radius: 15)
[00:44:26 -60430.554152] SLOW spr round 17 (radius: 20)
[00:45:39 -60430.554152] SLOW spr round 18 (radius: 25)
[00:46:53 -60429.520832] SLOW spr round 19 (radius: 5)
[00:47:35 -60429.083921] SLOW spr round 20 (radius: 5)
[00:48:10 -60429.083310] SLOW spr round 21 (radius: 10)
[00:48:42 -60429.083286] SLOW spr round 22 (radius: 15)
[00:49:39 -60429.083284] SLOW spr round 23 (radius: 20)
[00:50:54 -60429.083283] SLOW spr round 24 (radius: 25)
[00:52:10 -60429.083283] Model parameter optimization (eps = 0.100000)

[00:52:10] ML tree search #2, logLikelihood: -60429.069463

[00:52:10 -89646.882123] Initial branch length optimization
[00:52:10 -77730.771401] Model parameter optimization (eps = 10.000000)
[00:52:11 -77727.073551] AUTODETECT spr round 1 (radius: 5)
[00:52:33 -72849.086378] AUTODETECT spr round 2 (radius: 10)
[00:53:01 -66676.426889] AUTODETECT spr round 3 (radius: 15)
[00:53:34 -63444.822514] AUTODETECT spr round 4 (radius: 20)
[00:54:15 -62914.597264] AUTODETECT spr round 5 (radius: 25)
[00:55:00 -62828.125523] SPR radius for FAST iterations: 25 (autodetect)
[00:55:00 -62828.125523] Model parameter optimization (eps = 3.000000)
[00:55:01 -62806.825269] FAST spr round 1 (radius: 25)
[00:55:58 -60988.248207] FAST spr round 2 (radius: 25)
[00:56:37 -60594.681386] FAST spr round 3 (radius: 25)
[00:57:08 -60502.699438] FAST spr round 4 (radius: 25)
[00:57:36 -60488.197363] FAST spr round 5 (radius: 25)
[00:58:01 -60485.495597] FAST spr round 6 (radius: 25)
[00:58:24 -60483.580017] FAST spr round 7 (radius: 25)
[00:58:49 -60482.437231] FAST spr round 8 (radius: 25)
[00:59:13 -60481.465267] FAST spr round 9 (radius: 25)
[00:59:36 -60481.130795] FAST spr round 10 (radius: 25)
[01:00:00 -60480.832642] FAST spr round 11 (radius: 25)
[01:00:23 -60480.590543] FAST spr round 12 (radius: 25)
[01:00:47 -60480.396868] FAST spr round 13 (radius: 25)
[01:01:10 -60479.154947] FAST spr round 14 (radius: 25)
[01:01:34 -60479.032168] FAST spr round 15 (radius: 25)
[01:01:58 -60478.908597] FAST spr round 16 (radius: 25)
[01:02:22 -60478.827643] Model parameter optimization (eps = 1.000000)
[01:02:22 -60478.663153] SLOW spr round 1 (radius: 5)
[01:02:58 -60472.964163] SLOW spr round 2 (radius: 5)
[01:03:29 -60471.358589] SLOW spr round 3 (radius: 5)
[01:04:01 -60471.358469] SLOW spr round 4 (radius: 10)
[01:04:31 -60471.219020] SLOW spr round 5 (radius: 5)
[01:05:12 -60468.330287] SLOW spr round 6 (radius: 5)
[01:05:49 -60464.112165] SLOW spr round 7 (radius: 5)
[01:06:23 -60459.354607] SLOW spr round 8 (radius: 5)
[01:06:57 -60454.155047] SLOW spr round 9 (radius: 5)
[01:07:28 -60454.154729] SLOW spr round 10 (radius: 10)
[01:07:59 -60454.154723] SLOW spr round 11 (radius: 15)
[01:08:56 -60452.903606] SLOW spr round 12 (radius: 5)
[01:09:37 -60452.894807] SLOW spr round 13 (radius: 10)
[01:10:13 -60452.893803] SLOW spr round 14 (radius: 15)
[01:11:03 -60452.893692] SLOW spr round 15 (radius: 20)
[01:12:12 -60451.851774] SLOW spr round 16 (radius: 5)
[01:12:53 -60451.234276] SLOW spr round 17 (radius: 5)
[01:13:28 -60451.234260] SLOW spr round 18 (radius: 10)
[01:14:00 -60451.234260] SLOW spr round 19 (radius: 15)
[01:14:52 -60451.234260] SLOW spr round 20 (radius: 20)
[01:15:59 -60451.234260] SLOW spr round 21 (radius: 25)
[01:17:10 -60450.618589] SLOW spr round 22 (radius: 5)
[01:17:52 -60444.250933] SLOW spr round 23 (radius: 5)
[01:18:29 -60440.889956] SLOW spr round 24 (radius: 5)
[01:19:02 -60439.688770] SLOW spr round 25 (radius: 5)
[01:19:34 -60438.680786] SLOW spr round 26 (radius: 5)
[01:20:04 -60438.680637] SLOW spr round 27 (radius: 10)
[01:20:34 -60438.680636] SLOW spr round 28 (radius: 15)
[01:21:30 -60438.680636] SLOW spr round 29 (radius: 20)
[01:22:37 -60438.680636] SLOW spr round 30 (radius: 25)
[01:23:48 -60438.635632] Model parameter optimization (eps = 0.100000)

[01:23:48] ML tree search #3, logLikelihood: -60438.634918

[01:23:48 -89766.413793] Initial branch length optimization
[01:23:48 -77838.956372] Model parameter optimization (eps = 10.000000)
[01:23:49 -77835.813893] AUTODETECT spr round 1 (radius: 5)
[01:24:10 -72977.267982] AUTODETECT spr round 2 (radius: 10)
[01:24:39 -66191.465506] AUTODETECT spr round 3 (radius: 15)
[01:25:13 -63848.849951] AUTODETECT spr round 4 (radius: 20)
[01:25:52 -63356.968198] AUTODETECT spr round 5 (radius: 25)
[01:26:33 -63155.122181] SPR radius for FAST iterations: 25 (autodetect)
[01:26:33 -63155.122181] Model parameter optimization (eps = 3.000000)
[01:26:34 -63132.581462] FAST spr round 1 (radius: 25)
[01:27:30 -60937.727004] FAST spr round 2 (radius: 25)
[01:28:09 -60668.708637] FAST spr round 3 (radius: 25)
[01:28:41 -60553.705622] FAST spr round 4 (radius: 25)
[01:29:11 -60518.154994] FAST spr round 5 (radius: 25)
[01:29:37 -60504.347559] FAST spr round 6 (radius: 25)
[01:30:02 -60501.497123] FAST spr round 7 (radius: 25)
[01:30:26 -60499.515553] FAST spr round 8 (radius: 25)
[01:30:50 -60498.710610] FAST spr round 9 (radius: 25)
[01:31:14 -60498.034661] FAST spr round 10 (radius: 25)
[01:31:38 -60494.528176] FAST spr round 11 (radius: 25)
[01:32:01 -60494.076089] FAST spr round 12 (radius: 25)
[01:32:25 -60493.741212] FAST spr round 13 (radius: 25)
[01:32:48 -60493.407805] FAST spr round 14 (radius: 25)
[01:33:12 -60493.041091] FAST spr round 15 (radius: 25)
[01:33:35 -60491.120959] FAST spr round 16 (radius: 25)
[01:34:00 -60486.810290] FAST spr round 17 (radius: 25)
[01:34:24 -60484.695833] FAST spr round 18 (radius: 25)
[01:34:48 -60483.856616] FAST spr round 19 (radius: 25)
[01:35:12 -60480.034903] FAST spr round 20 (radius: 25)
[01:35:35 -60479.122693] FAST spr round 21 (radius: 25)
[01:35:59 -60478.746336] FAST spr round 22 (radius: 25)
[01:36:22 -60478.423134] FAST spr round 23 (radius: 25)
[01:36:46 -60478.181855] FAST spr round 24 (radius: 25)
[01:37:09 -60475.356961] FAST spr round 25 (radius: 25)
[01:37:33 -60475.179322] FAST spr round 26 (radius: 25)
[01:37:56 -60475.179290] Model parameter optimization (eps = 1.000000)
[01:37:57 -60475.045015] SLOW spr round 1 (radius: 5)
[01:38:32 -60459.369855] SLOW spr round 2 (radius: 5)
[01:39:06 -60456.228725] SLOW spr round 3 (radius: 5)
[01:39:38 -60456.228117] SLOW spr round 4 (radius: 10)
[01:40:10 -60449.460652] SLOW spr round 5 (radius: 5)
[01:40:50 -60446.987520] SLOW spr round 6 (radius: 5)
[01:41:25 -60446.985954] SLOW spr round 7 (radius: 10)
[01:41:58 -60446.225058] SLOW spr round 8 (radius: 5)
[01:42:40 -60441.636577] SLOW spr round 9 (radius: 5)
[01:43:15 -60441.636270] SLOW spr round 10 (radius: 10)
[01:43:48 -60441.273801] SLOW spr round 11 (radius: 5)
[01:44:29 -60437.114500] SLOW spr round 12 (radius: 5)
[01:45:05 -60436.846949] SLOW spr round 13 (radius: 5)
[01:45:39 -60436.846226] SLOW spr round 14 (radius: 10)
[01:46:11 -60436.846168] SLOW spr round 15 (radius: 15)
[01:47:10 -60435.885508] SLOW spr round 16 (radius: 5)
[01:47:51 -60433.916968] SLOW spr round 17 (radius: 5)
[01:48:27 -60433.916922] SLOW spr round 18 (radius: 10)
[01:49:00 -60433.916921] SLOW spr round 19 (radius: 15)
[01:49:55 -60433.916921] SLOW spr round 20 (radius: 20)
[01:51:09 -60433.455246] SLOW spr round 21 (radius: 5)
[01:51:50 -60431.507953] SLOW spr round 22 (radius: 5)
[01:52:26 -60431.379611] SLOW spr round 23 (radius: 5)
[01:53:00 -60431.378056] SLOW spr round 24 (radius: 10)
[01:53:32 -60430.580255] SLOW spr round 25 (radius: 5)
[01:54:12 -60430.139625] SLOW spr round 26 (radius: 5)
[01:54:48 -60430.139510] SLOW spr round 27 (radius: 10)
[01:55:21 -60429.740567] SLOW spr round 28 (radius: 5)
[01:56:00 -60429.739123] SLOW spr round 29 (radius: 10)
[01:56:36 -60429.739082] SLOW spr round 30 (radius: 15)
[01:57:31 -60429.739080] SLOW spr round 31 (radius: 20)
[01:58:44 -60429.739080] SLOW spr round 32 (radius: 25)
[02:00:01 -60429.739080] Model parameter optimization (eps = 0.100000)

[02:00:02] ML tree search #4, logLikelihood: -60429.684477

[02:00:02 -89915.039359] Initial branch length optimization
[02:00:02 -77818.611738] Model parameter optimization (eps = 10.000000)
[02:00:03 -77816.008859] AUTODETECT spr round 1 (radius: 5)
[02:00:25 -72750.857185] AUTODETECT spr round 2 (radius: 10)
[02:00:54 -66833.430400] AUTODETECT spr round 3 (radius: 15)
[02:01:30 -63590.300052] AUTODETECT spr round 4 (radius: 20)
[02:02:12 -62809.218093] AUTODETECT spr round 5 (radius: 25)
[02:02:54 -62706.971571] SPR radius for FAST iterations: 25 (autodetect)
[02:02:54 -62706.971571] Model parameter optimization (eps = 3.000000)
[02:02:55 -62690.612735] FAST spr round 1 (radius: 25)
[02:03:55 -60789.126966] FAST spr round 2 (radius: 25)
[02:04:36 -60540.066645] FAST spr round 3 (radius: 25)
[02:05:09 -60491.425224] FAST spr round 4 (radius: 25)
[02:05:37 -60484.132356] FAST spr round 5 (radius: 25)
[02:06:03 -60482.567853] FAST spr round 6 (radius: 25)
[02:06:28 -60480.560332] FAST spr round 7 (radius: 25)
[02:06:52 -60480.219523] FAST spr round 8 (radius: 25)
[02:07:16 -60479.999784] FAST spr round 9 (radius: 25)
[02:07:40 -60479.565992] FAST spr round 10 (radius: 25)
[02:08:03 -60479.421710] FAST spr round 11 (radius: 25)
[02:08:27 -60479.301558] FAST spr round 12 (radius: 25)
[02:08:51 -60479.194276] FAST spr round 13 (radius: 25)
[02:09:15 -60479.093726] FAST spr round 14 (radius: 25)
[02:09:39 -60479.003509] Model parameter optimization (eps = 1.000000)
[02:09:39 -60478.885078] SLOW spr round 1 (radius: 5)
[02:10:14 -60470.165646] SLOW spr round 2 (radius: 5)
[02:10:47 -60467.008579] SLOW spr round 3 (radius: 5)
[02:11:18 -60467.007620] SLOW spr round 4 (radius: 10)
[02:11:50 -60465.874576] SLOW spr round 5 (radius: 5)
[02:12:31 -60461.546303] SLOW spr round 6 (radius: 5)
[02:13:07 -60449.512186] SLOW spr round 7 (radius: 5)
[02:13:41 -60445.080675] SLOW spr round 8 (radius: 5)
[02:14:14 -60443.745997] SLOW spr round 9 (radius: 5)
[02:14:45 -60443.745228] SLOW spr round 10 (radius: 10)
[02:15:17 -60443.745202] SLOW spr round 11 (radius: 15)
[02:16:25 -60443.745201] SLOW spr round 12 (radius: 20)
[02:17:48 -60443.745201] SLOW spr round 13 (radius: 25)
[02:19:07 -60443.745201] Model parameter optimization (eps = 0.100000)

[02:19:07] ML tree search #5, logLikelihood: -60443.718456

[02:19:07 -90068.813798] Initial branch length optimization
[02:19:08 -77888.719641] Model parameter optimization (eps = 10.000000)
[02:19:08 -77883.915922] AUTODETECT spr round 1 (radius: 5)
[02:19:30 -73270.694964] AUTODETECT spr round 2 (radius: 10)
[02:19:58 -67015.891056] AUTODETECT spr round 3 (radius: 15)
[02:20:34 -63742.031443] AUTODETECT spr round 4 (radius: 20)
[02:21:19 -63149.129113] AUTODETECT spr round 5 (radius: 25)
[02:22:09 -62915.460684] SPR radius for FAST iterations: 25 (autodetect)
[02:22:09 -62915.460684] Model parameter optimization (eps = 3.000000)
[02:22:09 -62900.247863] FAST spr round 1 (radius: 25)
[02:23:09 -60809.039087] FAST spr round 2 (radius: 25)
[02:23:48 -60599.312635] FAST spr round 3 (radius: 25)
[02:24:20 -60510.994317] FAST spr round 4 (radius: 25)
[02:24:47 -60486.577490] FAST spr round 5 (radius: 25)
[02:25:12 -60484.387385] FAST spr round 6 (radius: 25)
[02:25:37 -60482.803604] FAST spr round 7 (radius: 25)
[02:26:02 -60482.124381] FAST spr round 8 (radius: 25)
[02:26:27 -60481.644684] FAST spr round 9 (radius: 25)
[02:26:52 -60481.181589] FAST spr round 10 (radius: 25)
[02:27:16 -60480.855564] FAST spr round 11 (radius: 25)
[02:27:40 -60480.658752] FAST spr round 12 (radius: 25)
[02:28:04 -60480.484303] FAST spr round 13 (radius: 25)
[02:28:29 -60480.106068] FAST spr round 14 (radius: 25)
[02:28:53 -60479.957388] FAST spr round 15 (radius: 25)
[02:29:17 -60479.802657] FAST spr round 16 (radius: 25)
[02:29:41 -60479.665884] FAST spr round 17 (radius: 25)
[02:30:06 -60479.588014] Model parameter optimization (eps = 1.000000)
[02:30:06 -60479.512486] SLOW spr round 1 (radius: 5)
[02:30:43 -60470.679224] SLOW spr round 2 (radius: 5)
[02:31:16 -60470.662190] SLOW spr round 3 (radius: 10)
[02:31:48 -60467.088050] SLOW spr round 4 (radius: 5)
[02:32:29 -60465.530057] SLOW spr round 5 (radius: 5)
[02:33:05 -60465.445591] SLOW spr round 6 (radius: 10)
[02:33:39 -60465.445398] SLOW spr round 7 (radius: 15)
[02:34:38 -60463.545509] SLOW spr round 8 (radius: 5)
[02:35:21 -60459.910616] SLOW spr round 9 (radius: 5)
[02:35:59 -60458.505343] SLOW spr round 10 (radius: 5)
[02:36:32 -60458.504808] SLOW spr round 11 (radius: 10)
[02:37:05 -60456.841727] SLOW spr round 12 (radius: 5)
[02:37:44 -60456.841217] SLOW spr round 13 (radius: 10)
[02:38:19 -60456.841207] SLOW spr round 14 (radius: 15)
[02:39:11 -60456.841207] SLOW spr round 15 (radius: 20)
[02:40:23 -60456.607063] SLOW spr round 16 (radius: 5)
[02:41:03 -60456.605829] SLOW spr round 17 (radius: 10)
[02:41:41 -60456.368829] SLOW spr round 18 (radius: 5)
[02:42:21 -60436.759402] SLOW spr round 19 (radius: 5)
[02:42:55 -60436.002212] SLOW spr round 20 (radius: 5)
[02:43:27 -60436.002120] SLOW spr round 21 (radius: 10)
[02:43:59 -60436.002113] SLOW spr round 22 (radius: 15)
[02:44:55 -60436.002113] SLOW spr round 23 (radius: 20)
[02:46:04 -60435.893375] SLOW spr round 24 (radius: 5)
[02:46:44 -60435.893228] SLOW spr round 25 (radius: 10)
[02:47:20 -60435.893225] SLOW spr round 26 (radius: 15)
[02:48:11 -60435.893225] SLOW spr round 27 (radius: 20)
[02:49:22 -60435.893225] SLOW spr round 28 (radius: 25)
[02:50:37 -60435.893225] Model parameter optimization (eps = 0.100000)

[02:50:37] ML tree search #6, logLikelihood: -60435.874576

[02:50:37 -89354.823569] Initial branch length optimization
[02:50:38 -77650.773653] Model parameter optimization (eps = 10.000000)
[02:50:38 -77647.578205] AUTODETECT spr round 1 (radius: 5)
[02:51:00 -72241.203698] AUTODETECT spr round 2 (radius: 10)
[02:51:27 -66155.421808] AUTODETECT spr round 3 (radius: 15)
[02:52:03 -63931.925017] AUTODETECT spr round 4 (radius: 20)
[02:52:45 -63527.770020] AUTODETECT spr round 5 (radius: 25)
[02:53:31 -63261.669306] SPR radius for FAST iterations: 25 (autodetect)
[02:53:31 -63261.669306] Model parameter optimization (eps = 3.000000)
[02:53:31 -63245.310466] FAST spr round 1 (radius: 25)
[02:54:28 -60905.156732] FAST spr round 2 (radius: 25)
[02:55:06 -60720.029356] FAST spr round 3 (radius: 25)
[02:55:37 -60686.966347] FAST spr round 4 (radius: 25)
[02:56:04 -60675.289868] FAST spr round 5 (radius: 25)
[02:56:29 -60672.615833] FAST spr round 6 (radius: 25)
[02:56:54 -60670.155888] FAST spr round 7 (radius: 25)
[02:57:18 -60669.179647] FAST spr round 8 (radius: 25)
[02:57:42 -60668.595898] FAST spr round 9 (radius: 25)
[02:58:06 -60668.019944] FAST spr round 10 (radius: 25)
[02:58:30 -60667.483440] FAST spr round 11 (radius: 25)
[02:58:54 -60666.948817] FAST spr round 12 (radius: 25)
[02:59:18 -60666.539541] FAST spr round 13 (radius: 25)
[02:59:42 -60666.136449] FAST spr round 14 (radius: 25)
[03:00:06 -60665.928760] FAST spr round 15 (radius: 25)
[03:00:30 -60665.765711] FAST spr round 16 (radius: 25)
[03:00:54 -60665.653702] FAST spr round 17 (radius: 25)
[03:01:19 -60664.895729] FAST spr round 18 (radius: 25)
[03:01:43 -60662.713137] FAST spr round 19 (radius: 25)
[03:02:07 -60661.080031] FAST spr round 20 (radius: 25)
[03:02:32 -60660.095991] FAST spr round 21 (radius: 25)
[03:02:56 -60660.005327] Model parameter optimization (eps = 1.000000)
[03:02:57 -60659.948992] SLOW spr round 1 (radius: 5)
[03:03:33 -60656.634831] SLOW spr round 2 (radius: 5)
[03:04:07 -60654.694861] SLOW spr round 3 (radius: 5)
[03:04:39 -60654.215285] SLOW spr round 4 (radius: 5)
[03:05:10 -60654.215047] SLOW spr round 5 (radius: 10)
[03:05:43 -60651.675553] SLOW spr round 6 (radius: 5)
[03:06:24 -60642.864908] SLOW spr round 7 (radius: 5)
[03:07:01 -60640.205067] SLOW spr round 8 (radius: 5)
[03:07:35 -60639.975860] SLOW spr round 9 (radius: 5)
[03:08:07 -60639.975444] SLOW spr round 10 (radius: 10)
[03:08:39 -60639.975252] SLOW spr round 11 (radius: 15)
[03:09:31 -60638.688804] SLOW spr round 12 (radius: 5)
[03:10:12 -60638.681825] SLOW spr round 13 (radius: 10)
[03:10:49 -60638.681684] SLOW spr round 14 (radius: 15)
[03:11:37 -60637.979625] SLOW spr round 15 (radius: 5)
[03:12:17 -60637.920448] SLOW spr round 16 (radius: 10)
[03:12:53 -60637.920039] SLOW spr round 17 (radius: 15)
[03:13:40 -60637.919965] SLOW spr round 18 (radius: 20)
[03:14:43 -60637.919948] SLOW spr round 19 (radius: 25)
[03:15:49 -60636.660903] SLOW spr round 20 (radius: 5)
[03:16:30 -60636.653553] SLOW spr round 21 (radius: 10)
[03:17:06 -60636.652489] SLOW spr round 22 (radius: 15)
[03:17:54 -60636.652312] SLOW spr round 23 (radius: 20)
[03:18:57 -60636.652281] SLOW spr round 24 (radius: 25)
[03:20:04 -60636.652276] Model parameter optimization (eps = 0.100000)

[03:20:04] ML tree search #7, logLikelihood: -60636.608212

[03:20:04 -89763.178474] Initial branch length optimization
[03:20:05 -77852.247742] Model parameter optimization (eps = 10.000000)
[03:20:05 -77848.065391] AUTODETECT spr round 1 (radius: 5)
[03:20:27 -72852.357340] AUTODETECT spr round 2 (radius: 10)
[03:20:54 -67277.758890] AUTODETECT spr round 3 (radius: 15)
[03:21:27 -64693.228152] AUTODETECT spr round 4 (radius: 20)
[03:22:07 -63523.345152] AUTODETECT spr round 5 (radius: 25)
[03:22:49 -63212.636889] SPR radius for FAST iterations: 25 (autodetect)
[03:22:49 -63212.636889] Model parameter optimization (eps = 3.000000)
[03:22:50 -63191.115008] FAST spr round 1 (radius: 25)
[03:23:46 -60814.296747] FAST spr round 2 (radius: 25)
[03:24:24 -60528.312096] FAST spr round 3 (radius: 25)
[03:24:54 -60499.664928] FAST spr round 4 (radius: 25)
[03:25:21 -60488.286363] FAST spr round 5 (radius: 25)
[03:25:45 -60481.122300] FAST spr round 6 (radius: 25)
[03:26:08 -60480.321935] FAST spr round 7 (radius: 25)
[03:26:31 -60479.524477] FAST spr round 8 (radius: 25)
[03:26:54 -60479.137006] FAST spr round 9 (radius: 25)
[03:27:16 -60478.824167] FAST spr round 10 (radius: 25)
[03:27:39 -60478.519750] FAST spr round 11 (radius: 25)
[03:28:01 -60478.232757] FAST spr round 12 (radius: 25)
[03:28:22 -60477.887441] FAST spr round 13 (radius: 25)
[03:28:42 -60477.635309] FAST spr round 14 (radius: 25)
[03:29:03 -60477.415222] FAST spr round 15 (radius: 25)
[03:29:24 -60477.234574] FAST spr round 16 (radius: 25)
[03:29:46 -60477.085193] FAST spr round 17 (radius: 25)
[03:30:07 -60476.956677] FAST spr round 18 (radius: 25)
[03:30:29 -60476.871285] Model parameter optimization (eps = 1.000000)
[03:30:29 -60476.866998] SLOW spr round 1 (radius: 5)
[03:31:04 -60473.452330] SLOW spr round 2 (radius: 5)
[03:31:35 -60473.450901] SLOW spr round 3 (radius: 10)
[03:32:06 -60470.298599] SLOW spr round 4 (radius: 5)
[03:32:43 -60469.464662] SLOW spr round 5 (radius: 5)
[03:33:16 -60469.463739] SLOW spr round 6 (radius: 10)
[03:33:48 -60469.463720] SLOW spr round 7 (radius: 15)
[03:34:42 -60469.201094] SLOW spr round 8 (radius: 5)
[03:35:20 -60468.680776] SLOW spr round 9 (radius: 5)
[03:35:53 -60467.757575] SLOW spr round 10 (radius: 5)
[03:36:23 -60467.757313] SLOW spr round 11 (radius: 10)
[03:36:52 -60467.757311] SLOW spr round 12 (radius: 15)
[03:37:46 -60467.757311] SLOW spr round 13 (radius: 20)
[03:38:55 -60467.757311] SLOW spr round 14 (radius: 25)
[03:40:08 -60467.757311] Model parameter optimization (eps = 0.100000)

[03:40:08] ML tree search #8, logLikelihood: -60467.755853

[03:40:08 -89650.981793] Initial branch length optimization
[03:40:09 -77760.523560] Model parameter optimization (eps = 10.000000)
[03:40:09 -77756.354924] AUTODETECT spr round 1 (radius: 5)
[03:40:29 -72828.292611] AUTODETECT spr round 2 (radius: 10)
[03:40:55 -66681.008231] AUTODETECT spr round 3 (radius: 15)
[03:41:28 -64198.434568] AUTODETECT spr round 4 (radius: 20)
[03:42:09 -63314.713399] AUTODETECT spr round 5 (radius: 25)
[03:42:49 -63238.261589] SPR radius for FAST iterations: 25 (autodetect)
[03:42:49 -63238.261589] Model parameter optimization (eps = 3.000000)
[03:42:50 -63220.869467] FAST spr round 1 (radius: 25)
[03:43:43 -60772.621347] FAST spr round 2 (radius: 25)
[03:44:20 -60536.803664] FAST spr round 3 (radius: 25)
[03:44:49 -60483.093358] FAST spr round 4 (radius: 25)
[03:45:13 -60468.101998] FAST spr round 5 (radius: 25)
[03:45:36 -60466.989312] FAST spr round 6 (radius: 25)
[03:45:57 -60466.294747] FAST spr round 7 (radius: 25)
[03:46:19 -60464.712336] FAST spr round 8 (radius: 25)
[03:46:41 -60463.119286] FAST spr round 9 (radius: 25)
[03:47:02 -60456.562637] FAST spr round 10 (radius: 25)
[03:47:23 -60449.032138] FAST spr round 11 (radius: 25)
[03:47:44 -60443.945587] FAST spr round 12 (radius: 25)
[03:48:05 -60443.713699] FAST spr round 13 (radius: 25)
[03:48:27 -60443.489258] FAST spr round 14 (radius: 25)
[03:48:47 -60443.363415] FAST spr round 15 (radius: 25)
[03:49:08 -60443.253895] FAST spr round 16 (radius: 25)
[03:49:30 -60442.842636] FAST spr round 17 (radius: 25)
[03:49:51 -60442.733784] FAST spr round 18 (radius: 25)
[03:50:12 -60442.509867] FAST spr round 19 (radius: 25)
[03:50:33 -60442.166929] FAST spr round 20 (radius: 25)
[03:50:54 -60442.113137] Model parameter optimization (eps = 1.000000)
[03:50:54 -60441.837149] SLOW spr round 1 (radius: 5)
[03:51:26 -60436.144065] SLOW spr round 2 (radius: 5)
[03:51:56 -60432.148751] SLOW spr round 3 (radius: 5)
[03:52:24 -60432.146220] SLOW spr round 4 (radius: 10)
[03:52:52 -60431.437133] SLOW spr round 5 (radius: 5)
[03:53:28 -60431.274538] SLOW spr round 6 (radius: 5)
[03:53:59 -60431.274348] SLOW spr round 7 (radius: 10)
[03:54:28 -60425.422752] SLOW spr round 8 (radius: 5)
[03:55:04 -60423.596101] SLOW spr round 9 (radius: 5)
[03:55:36 -60423.358222] SLOW spr round 10 (radius: 5)
[03:56:06 -60423.340427] SLOW spr round 11 (radius: 10)
[03:56:34 -60423.340408] SLOW spr round 12 (radius: 15)
[03:57:24 -60421.799732] SLOW spr round 13 (radius: 5)
[03:58:00 -60412.110729] SLOW spr round 14 (radius: 5)
[03:58:32 -60411.916142] SLOW spr round 15 (radius: 5)
[03:59:01 -60411.915620] SLOW spr round 16 (radius: 10)
[03:59:29 -60411.915612] SLOW spr round 17 (radius: 15)
[04:00:19 -60411.915612] SLOW spr round 18 (radius: 20)
[04:01:19 -60410.643018] SLOW spr round 19 (radius: 5)
[04:01:57 -60408.559064] SLOW spr round 20 (radius: 5)
[04:02:29 -60408.558248] SLOW spr round 21 (radius: 10)
[04:02:59 -60407.036326] SLOW spr round 22 (radius: 5)
[04:03:34 -60406.656472] SLOW spr round 23 (radius: 5)
[04:04:05 -60406.655951] SLOW spr round 24 (radius: 10)
[04:04:34 -60406.655947] SLOW spr round 25 (radius: 15)
[04:05:22 -60406.180334] SLOW spr round 26 (radius: 5)
[04:05:58 -60403.634409] SLOW spr round 27 (radius: 5)
[04:06:30 -60403.634359] SLOW spr round 28 (radius: 10)
[04:06:59 -60403.634358] SLOW spr round 29 (radius: 15)
[04:07:46 -60403.634358] SLOW spr round 30 (radius: 20)
[04:08:47 -60403.634358] SLOW spr round 31 (radius: 25)
[04:09:53 -60403.630730] Model parameter optimization (eps = 0.100000)

[04:09:54] ML tree search #9, logLikelihood: -60403.577082

[04:09:54 -89609.917221] Initial branch length optimization
[04:09:54 -77569.267215] Model parameter optimization (eps = 10.000000)
[04:09:55 -77552.119776] AUTODETECT spr round 1 (radius: 5)
[04:10:15 -72935.836724] AUTODETECT spr round 2 (radius: 10)
[04:10:40 -66816.379470] AUTODETECT spr round 3 (radius: 15)
[04:11:13 -63818.640991] AUTODETECT spr round 4 (radius: 20)
[04:11:55 -62655.542235] AUTODETECT spr round 5 (radius: 25)
[04:12:46 -62552.862569] SPR radius for FAST iterations: 25 (autodetect)
[04:12:46 -62552.862569] Model parameter optimization (eps = 3.000000)
[04:12:46 -62534.597745] FAST spr round 1 (radius: 25)
[04:13:40 -60748.147215] FAST spr round 2 (radius: 25)
[04:14:15 -60518.462426] FAST spr round 3 (radius: 25)
[04:14:45 -60467.536588] FAST spr round 4 (radius: 25)
[04:15:10 -60458.076728] FAST spr round 5 (radius: 25)
[04:15:34 -60452.132141] FAST spr round 6 (radius: 25)
[04:15:56 -60451.032280] FAST spr round 7 (radius: 25)
[04:16:17 -60450.602626] FAST spr round 8 (radius: 25)
[04:16:39 -60450.262530] FAST spr round 9 (radius: 25)
[04:17:00 -60450.031922] FAST spr round 10 (radius: 25)
[04:17:22 -60449.866017] FAST spr round 11 (radius: 25)
[04:17:43 -60449.719864] FAST spr round 12 (radius: 25)
[04:18:05 -60449.512894] FAST spr round 13 (radius: 25)
[04:18:26 -60449.441760] Model parameter optimization (eps = 1.000000)
[04:18:26 -60449.437663] SLOW spr round 1 (radius: 5)
[04:18:58 -60441.676664] SLOW spr round 2 (radius: 5)
[04:19:28 -60439.634024] SLOW spr round 3 (radius: 5)
[04:19:57 -60439.633177] SLOW spr round 4 (radius: 10)
[04:20:26 -60434.690397] SLOW spr round 5 (radius: 5)
[04:21:01 -60434.685067] SLOW spr round 6 (radius: 10)
[04:21:34 -60434.345781] SLOW spr round 7 (radius: 5)
[04:22:08 -60434.345111] SLOW spr round 8 (radius: 10)
[04:22:40 -60434.042859] SLOW spr round 9 (radius: 5)
[04:23:15 -60433.258947] SLOW spr round 10 (radius: 5)
[04:23:47 -60432.486615] SLOW spr round 11 (radius: 5)
[04:24:17 -60432.368059] SLOW spr round 12 (radius: 5)
[04:24:46 -60432.367566] SLOW spr round 13 (radius: 10)
[04:25:16 -60432.367473] SLOW spr round 14 (radius: 15)
[04:26:10 -60430.284701] SLOW spr round 15 (radius: 5)
[04:26:48 -60427.403757] SLOW spr round 16 (radius: 5)
[04:27:20 -60427.403449] SLOW spr round 17 (radius: 10)
[04:27:50 -60427.403443] SLOW spr round 18 (radius: 15)
[04:28:42 -60426.770897] SLOW spr round 19 (radius: 5)
[04:29:19 -60425.711109] SLOW spr round 20 (radius: 5)
[04:29:51 -60425.709753] SLOW spr round 21 (radius: 10)
[04:30:22 -60425.709748] SLOW spr round 22 (radius: 15)
[04:31:14 -60425.709748] SLOW spr round 23 (radius: 20)
[04:32:22 -60424.708044] SLOW spr round 24 (radius: 5)
[04:32:59 -60424.707195] SLOW spr round 25 (radius: 10)
[04:33:34 -60424.707151] SLOW spr round 26 (radius: 15)
[04:34:23 -60424.707148] SLOW spr round 27 (radius: 20)
[04:35:32 -60424.707148] SLOW spr round 28 (radius: 25)
[04:36:50 -60424.707148] Model parameter optimization (eps = 0.100000)

[04:36:50] ML tree search #10, logLikelihood: -60424.694416


Optimized model parameters:

   Partition 0: noname
   Rate heterogeneity: GAMMA (4 cats, mean),  alpha: 1.146389 (ML),  weights&rates: (0.250000,0.165203) (0.250000,0.516726) (0.250000,1.020575) (0.250000,2.297495) 
   Base frequencies (empirical): 0.072021 0.042059 0.055341 0.069550 0.017143 0.052046 0.086023 0.036602 0.022162 0.031892 0.103784 0.057838 0.041699 0.034929 0.054157 0.041004 0.046435 0.042136 0.058662 0.034517 
   Substitution rates (model): 0.425093 0.276818 0.395144 2.489084 0.969894 1.038545 2.066040 0.358858 0.149830 0.395337 0.536518 1.124035 0.253701 1.177651 4.727182 2.139501 0.180717 0.218959 2.547870 0.751878 0.123954 0.534551 2.807908 0.363970 0.390192 2.426601 0.126991 0.301848 6.326067 0.484133 0.052722 0.332533 0.858151 0.578987 0.593607 0.314440 0.170887 5.076149 0.528768 1.695752 0.541712 1.437645 4.509238 0.191503 0.068427 2.145078 0.371004 0.089525 0.161787 4.008358 2.000679 0.045376 0.612025 0.083688 0.062556 0.523386 5.243870 0.844926 0.927114 0.010690 0.015076 0.282959 0.025548 0.017416 0.394456 1.240275 0.425860 0.029890 0.135107 0.037967 0.084808 0.003499 0.569265 0.640543 0.320627 0.594007 0.013266 0.893680 1.105251 0.075382 2.784478 1.143480 0.670128 1.165532 1.959291 4.128591 0.267959 4.813505 0.072854 0.582457 3.234294 1.672569 0.035855 0.624294 1.223828 1.080136 0.236199 0.257336 0.210332 0.348847 0.423881 0.044265 0.069673 1.807177 0.173735 0.018811 0.419409 0.611973 0.604545 0.077852 0.120037 0.245034 0.311484 0.008705 0.044261 0.296636 0.139538 0.089586 0.196961 1.739990 0.129836 0.268491 0.054679 0.076701 0.108882 0.366317 0.697264 0.442472 0.682139 0.508851 0.990012 0.584262 0.597054 5.306834 0.119013 4.145067 0.159069 4.273607 1.112727 0.078281 0.064105 1.033739 0.111660 0.232523 10.649107 0.137500 6.312358 2.592692 0.249060 0.182287 0.302936 0.619632 0.299648 1.702745 0.656604 0.023918 0.390322 0.748683 1.136863 0.049906 0.131932 0.185202 1.798853 0.099849 0.346960 2.020366 0.696175 0.481306 1.898718 0.094464 0.361819 0.165001 2.457121 7.803902 0.654683 1.338132 0.571468 0.095131 0.089613 0.296501 6.472279 0.248862 0.400547 0.098369 0.140825 0.245841 2.188158 3.151815 0.189510 0.249313 


Final LogLikelihood: -60403.577082

AIC score: 122713.154163 / AICc score: 1941037.154163 / BIC score: 125074.056147
Free parameters (model + branch lengths): 953

WARNING: Number of free parameters (K=953) is larger than alignment size (n=88).
         This might lead to overfitting and compromise tree inference results!


Best ML tree saved to: /geode2/home/u020/danschw/Carbonate/GitHub/spore_amg/metaG/data/coat/align-trim-tree/tree/ml_search/rand-93.raxml.bestTree
All ML trees saved to: /geode2/home/u020/danschw/Carbonate/GitHub/spore_amg/metaG/data/coat/align-trim-tree/tree/ml_search/rand-93.raxml.mlTrees
Optimized model saved to: /geode2/home/u020/danschw/Carbonate/GitHub/spore_amg/metaG/data/coat/align-trim-tree/tree/ml_search/rand-93.raxml.bestModel

Execution log saved to: /geode2/home/u020/danschw/Carbonate/GitHub/spore_amg/metaG/data/coat/align-trim-tree/tree/ml_search/rand-93.raxml.log

Analysis started: 01-Feb-2022 16:30:47 / finished: 01-Feb-2022 21:07:38

Elapsed time: 16610.543 seconds

