
RAxML-NG v. 0.9.0git released on 24.05.2019 by The Exelixis Lab.
Developed by: Alexey M. Kozlov and Alexandros Stamatakis.
Contributors: Diego Darriba, Tomas Flouri, Benoit Morel, Sarah Lutteropp, Ben Bettisworth.
Latest version: https://github.com/amkozlov/raxml-ng
Questions/problems/suggestions? Please visit: https://groups.google.com/forum/#!forum/raxml

RAxML-NG was called at 02-Feb-2022 10:13:56 as follows:

raxml-ng --rfdist --tree mltrees --redo --prefix RF

Analysis options:
  run mode: RF distance computation
  start tree(s): user
  random seed: 1643814836
  SIMD kernels: AVX
  parallelization: PTHREADS (16 threads), thread pinning: OFF

WARNING: Running in REDO mode: existing checkpoints are ignored, and all result files will be overwritten!

Reading input trees from file: mltrees
Loaded 500 trees with 468 taxa.

Average absolute RF distance in this tree set: 414.395206
Average relative RF distance in this tree set: 0.445586
Number of unique topologies in this tree set: 500

Pairwise RF distances saved to: /geode2/home/u020/danschw/Carbonate/GitHub/spore_amg/metaG/data/coat/align-trim-tree/tree/ml_search/RF.raxml.rfDistances

Execution log saved to: /geode2/home/u020/danschw/Carbonate/GitHub/spore_amg/metaG/data/coat/align-trim-tree/tree/ml_search/RF.raxml.log

Analysis started: 02-Feb-2022 10:13:56 / finished: 02-Feb-2022 10:14:34

Elapsed time: 38.978 seconds

