Flex 2.6.4 loaded.
cmake version 3.18.4 loaded.
raxmlng version 0.9.0-pthreads loaded.

RAxML-NG v. 0.9.0git released on 24.05.2019 by The Exelixis Lab.
Developed by: Alexey M. Kozlov and Alexandros Stamatakis.
Contributors: Diego Darriba, Tomas Flouri, Benoit Morel, Sarah Lutteropp, Ben Bettisworth.
Latest version: https://github.com/amkozlov/raxml-ng
Questions/problems/suggestions? Please visit: https://groups.google.com/forum/#!forum/raxml

RAxML-NG was called at 01-Feb-2022 16:30:47 as follows:

raxml-ng --msa /N/u/danschw/Carbonate/GitHub/spore_amg/metaG/data/coat/align-trim-tree/check_msa/parse-msa.raxml.rba --model LG+G4+F --prefix /N/u/danschw/Carbonate/GitHub/spore_amg/metaG/data/coat/align-trim-tree/tree/ml_search/rand-103 --threads 2 --seed 103 --tree rand{10}

Analysis options:
  run mode: ML tree search
  start tree(s): random (10)
  random seed: 103
  tip-inner: OFF
  pattern compression: ON
  per-rate scalers: OFF
  site repeats: ON
  fast spr radius: AUTO
  spr subtree cutoff: 1.000000
  branch lengths: proportional (ML estimate, algorithm: NR-FAST)
  SIMD kernels: AVX2
  parallelization: PTHREADS (2 threads), thread pinning: OFF

WARNING: The model you specified on the command line (LG+G4+F) will be ignored 
         since the binary MSA file already contains a model definition.
         If you want to change the model, please re-run RAxML-NG 
         with the original PHYLIP/FASTA alignment and --redo option.

[00:00:00] Loading binary alignment from file: /N/u/danschw/Carbonate/GitHub/spore_amg/metaG/data/coat/align-trim-tree/check_msa/parse-msa.raxml.rba
[00:00:00] Alignment comprises 468 taxa, 1 partitions and 88 patterns

Partition 0: noname
Model: LG+FC+G4m
Alignment sites / patterns: 88 / 88
Gaps: 5.67 %
Invariant sites: 0.00 %


[00:00:00] Generating 10 random starting tree(s) with 468 taxa
[00:00:00] Data distribution: max. partitions/sites/weight per thread: 1 / 44 / 3520

Starting ML tree search with 10 distinct starting trees

[00:00:00 -90127.826995] Initial branch length optimization
[00:00:00 -77896.485117] Model parameter optimization (eps = 10.000000)
[00:00:01 -77893.015278] AUTODETECT spr round 1 (radius: 5)
[00:00:20 -72891.202330] AUTODETECT spr round 2 (radius: 10)
[00:00:46 -66632.088431] AUTODETECT spr round 3 (radius: 15)
[00:01:21 -64584.617087] AUTODETECT spr round 4 (radius: 20)
[00:02:04 -63547.578452] AUTODETECT spr round 5 (radius: 25)
[00:02:52 -63473.846335] SPR radius for FAST iterations: 25 (autodetect)
[00:02:52 -63473.846335] Model parameter optimization (eps = 3.000000)
[00:02:53 -63456.753465] FAST spr round 1 (radius: 25)
[00:03:46 -60651.637095] FAST spr round 2 (radius: 25)
[00:04:22 -60496.541293] FAST spr round 3 (radius: 25)
[00:04:50 -60478.120729] FAST spr round 4 (radius: 25)
[00:05:14 -60471.287742] FAST spr round 5 (radius: 25)
[00:05:37 -60470.053900] FAST spr round 6 (radius: 25)
[00:06:00 -60468.331998] FAST spr round 7 (radius: 25)
[00:06:26 -60466.068270] FAST spr round 8 (radius: 25)
[00:06:51 -60465.223685] FAST spr round 9 (radius: 25)
[00:07:16 -60464.753291] FAST spr round 10 (radius: 25)
[00:07:42 -60464.355378] FAST spr round 11 (radius: 25)
[00:08:07 -60463.416622] FAST spr round 12 (radius: 25)
[00:08:32 -60463.287770] FAST spr round 13 (radius: 25)
[00:08:57 -60463.180402] FAST spr round 14 (radius: 25)
[00:09:22 -60463.111794] Model parameter optimization (eps = 1.000000)
[00:09:22 -60463.106033] SLOW spr round 1 (radius: 5)
[00:09:58 -60457.277669] SLOW spr round 2 (radius: 5)
[00:10:33 -60456.010061] SLOW spr round 3 (radius: 5)
[00:11:07 -60455.689006] SLOW spr round 4 (radius: 5)
[00:11:39 -60455.688635] SLOW spr round 5 (radius: 10)
[00:12:11 -60454.197219] SLOW spr round 6 (radius: 5)
[00:12:53 -60452.938772] SLOW spr round 7 (radius: 5)
[00:13:29 -60452.938655] SLOW spr round 8 (radius: 10)
[00:14:02 -60451.158149] SLOW spr round 9 (radius: 5)
[00:14:43 -60441.233767] SLOW spr round 10 (radius: 5)
[00:15:18 -60441.233530] SLOW spr round 11 (radius: 10)
[00:15:51 -60439.819828] SLOW spr round 12 (radius: 5)
[00:16:31 -60437.185918] SLOW spr round 13 (radius: 5)
[00:17:06 -60437.185414] SLOW spr round 14 (radius: 10)
[00:17:39 -60437.061502] SLOW spr round 15 (radius: 5)
[00:18:18 -60433.863351] SLOW spr round 16 (radius: 5)
[00:18:53 -60433.761334] SLOW spr round 17 (radius: 5)
[00:19:25 -60433.760951] SLOW spr round 18 (radius: 10)
[00:19:56 -60432.642760] SLOW spr round 19 (radius: 5)
[00:20:36 -60431.299692] SLOW spr round 20 (radius: 5)
[00:21:11 -60431.298596] SLOW spr round 21 (radius: 10)
[00:21:42 -60431.090965] SLOW spr round 22 (radius: 5)
[00:22:21 -60430.050767] SLOW spr round 23 (radius: 5)
[00:22:57 -60429.923127] SLOW spr round 24 (radius: 5)
[00:23:29 -60429.922754] SLOW spr round 25 (radius: 10)
[00:23:59 -60429.902406] SLOW spr round 26 (radius: 15)
[00:24:55 -60427.124048] SLOW spr round 27 (radius: 5)
[00:25:35 -60420.771829] SLOW spr round 28 (radius: 5)
[00:26:11 -60416.742014] SLOW spr round 29 (radius: 5)
[00:26:44 -60416.741366] SLOW spr round 30 (radius: 10)
[00:27:15 -60416.457746] SLOW spr round 31 (radius: 5)
[00:27:55 -60411.385173] SLOW spr round 32 (radius: 5)
[00:28:31 -60410.905074] SLOW spr round 33 (radius: 5)
[00:29:04 -60410.904831] SLOW spr round 34 (radius: 10)
[00:29:34 -60410.904828] SLOW spr round 35 (radius: 15)
[00:30:33 -60409.877945] SLOW spr round 36 (radius: 5)
[00:31:13 -60408.960175] SLOW spr round 37 (radius: 5)
[00:31:49 -60408.960010] SLOW spr round 38 (radius: 10)
[00:32:22 -60408.864455] SLOW spr round 39 (radius: 15)
[00:33:20 -60404.310223] SLOW spr round 40 (radius: 5)
[00:34:01 -60402.485046] SLOW spr round 41 (radius: 5)
[00:34:37 -60401.284292] SLOW spr round 42 (radius: 5)
[00:35:10 -60401.283144] SLOW spr round 43 (radius: 10)
[00:35:42 -60399.032864] SLOW spr round 44 (radius: 5)
[00:36:21 -60399.015815] SLOW spr round 45 (radius: 10)
[00:36:56 -60399.014973] SLOW spr round 46 (radius: 15)
[00:37:51 -60398.414305] SLOW spr round 47 (radius: 5)
[00:38:32 -60396.940559] SLOW spr round 48 (radius: 5)
[00:39:08 -60395.975004] SLOW spr round 49 (radius: 5)
[00:39:42 -60394.040505] SLOW spr round 50 (radius: 5)
[00:40:14 -60394.040464] SLOW spr round 51 (radius: 10)
[00:40:45 -60394.040464] SLOW spr round 52 (radius: 15)
[00:41:47 -60394.040464] SLOW spr round 53 (radius: 20)
[00:43:06 -60393.258920] SLOW spr round 54 (radius: 5)
[00:43:47 -60392.442135] SLOW spr round 55 (radius: 5)
[00:44:23 -60392.441601] SLOW spr round 56 (radius: 10)
[00:44:56 -60392.441518] SLOW spr round 57 (radius: 15)
[00:45:54 -60392.441501] SLOW spr round 58 (radius: 20)
[00:47:13 -60392.441498] SLOW spr round 59 (radius: 25)
[00:48:34 -60392.441497] Model parameter optimization (eps = 0.100000)

[00:48:35] ML tree search #1, logLikelihood: -60392.440368

[00:48:35 -89631.009005] Initial branch length optimization
[00:48:35 -77662.556345] Model parameter optimization (eps = 10.000000)
[00:48:36 -77659.066379] AUTODETECT spr round 1 (radius: 5)
[00:48:58 -72637.786476] AUTODETECT spr round 2 (radius: 10)
[00:49:25 -66779.516282] AUTODETECT spr round 3 (radius: 15)
[00:50:03 -63420.985601] AUTODETECT spr round 4 (radius: 20)
[00:50:46 -62979.187801] AUTODETECT spr round 5 (radius: 25)
[00:51:32 -62911.768782] SPR radius for FAST iterations: 25 (autodetect)
[00:51:32 -62911.768782] Model parameter optimization (eps = 3.000000)
[00:51:33 -62894.281746] FAST spr round 1 (radius: 25)
[00:52:33 -60751.329651] FAST spr round 2 (radius: 25)
[00:53:13 -60505.362576] FAST spr round 3 (radius: 25)
[00:53:44 -60484.704587] FAST spr round 4 (radius: 25)
[00:54:11 -60479.951128] FAST spr round 5 (radius: 25)
[00:54:37 -60474.812653] FAST spr round 6 (radius: 25)
[00:55:02 -60473.127669] FAST spr round 7 (radius: 25)
[00:55:27 -60471.679798] FAST spr round 8 (radius: 25)
[00:55:51 -60470.892530] FAST spr round 9 (radius: 25)
[00:56:15 -60470.251142] FAST spr round 10 (radius: 25)
[00:56:39 -60469.886190] FAST spr round 11 (radius: 25)
[00:57:03 -60469.553148] FAST spr round 12 (radius: 25)
[00:57:27 -60469.247645] FAST spr round 13 (radius: 25)
[00:57:50 -60468.988890] FAST spr round 14 (radius: 25)
[00:58:14 -60468.850717] FAST spr round 15 (radius: 25)
[00:58:38 -60468.309010] FAST spr round 16 (radius: 25)
[00:59:02 -60467.929399] FAST spr round 17 (radius: 25)
[00:59:25 -60467.643648] FAST spr round 18 (radius: 25)
[00:59:49 -60467.528984] FAST spr round 19 (radius: 25)
[01:00:13 -60467.446003] Model parameter optimization (eps = 1.000000)
[01:00:13 -60467.380585] SLOW spr round 1 (radius: 5)
[01:00:49 -60457.653078] SLOW spr round 2 (radius: 5)
[01:01:24 -60449.584514] SLOW spr round 3 (radius: 5)
[01:01:57 -60446.757008] SLOW spr round 4 (radius: 5)
[01:02:30 -60446.089484] SLOW spr round 5 (radius: 5)
[01:03:01 -60446.089430] SLOW spr round 6 (radius: 10)
[01:03:32 -60445.690571] SLOW spr round 7 (radius: 5)
[01:04:13 -60445.682278] SLOW spr round 8 (radius: 10)
[01:04:50 -60445.473374] SLOW spr round 9 (radius: 5)
[01:05:29 -60444.685016] SLOW spr round 10 (radius: 5)
[01:06:06 -60444.682997] SLOW spr round 11 (radius: 10)
[01:06:40 -60444.666418] SLOW spr round 12 (radius: 15)
[01:07:36 -60444.329053] SLOW spr round 13 (radius: 5)
[01:08:18 -60436.070733] SLOW spr round 14 (radius: 5)
[01:08:55 -60433.436861] SLOW spr round 15 (radius: 5)
[01:09:29 -60429.760808] SLOW spr round 16 (radius: 5)
[01:10:02 -60429.672808] SLOW spr round 17 (radius: 10)
[01:10:34 -60429.672433] SLOW spr round 18 (radius: 15)
[01:11:36 -60429.530512] SLOW spr round 19 (radius: 5)
[01:12:17 -60429.230566] SLOW spr round 20 (radius: 5)
[01:12:53 -60429.229871] SLOW spr round 21 (radius: 10)
[01:13:27 -60429.229856] SLOW spr round 22 (radius: 15)
[01:14:26 -60429.229856] SLOW spr round 23 (radius: 20)
[01:15:41 -60428.149028] SLOW spr round 24 (radius: 5)
[01:16:22 -60427.918357] SLOW spr round 25 (radius: 5)
[01:16:59 -60427.918336] SLOW spr round 26 (radius: 10)
[01:17:33 -60427.918336] SLOW spr round 27 (radius: 15)
[01:18:31 -60427.918336] SLOW spr round 28 (radius: 20)
[01:19:46 -60427.918336] SLOW spr round 29 (radius: 25)
[01:21:03 -60425.362096] SLOW spr round 30 (radius: 5)
[01:21:44 -60422.913807] SLOW spr round 31 (radius: 5)
[01:22:20 -60421.913976] SLOW spr round 32 (radius: 5)
[01:22:53 -60421.654993] SLOW spr round 33 (radius: 5)
[01:23:25 -60421.654403] SLOW spr round 34 (radius: 10)
[01:23:57 -60421.654400] SLOW spr round 35 (radius: 15)
[01:24:58 -60421.654400] SLOW spr round 36 (radius: 20)
[01:26:12 -60421.654400] SLOW spr round 37 (radius: 25)
[01:27:29 -60421.654400] Model parameter optimization (eps = 0.100000)

[01:27:29] ML tree search #2, logLikelihood: -60421.654400

[01:27:29 -89762.115993] Initial branch length optimization
[01:27:30 -77689.863838] Model parameter optimization (eps = 10.000000)
[01:27:30 -77685.847479] AUTODETECT spr round 1 (radius: 5)
[01:27:52 -72594.750398] AUTODETECT spr round 2 (radius: 10)
[01:28:19 -66756.294417] AUTODETECT spr round 3 (radius: 15)
[01:28:57 -63706.181964] AUTODETECT spr round 4 (radius: 20)
[01:29:39 -62928.055861] AUTODETECT spr round 5 (radius: 25)
[01:30:18 -62611.750894] SPR radius for FAST iterations: 25 (autodetect)
[01:30:18 -62611.750894] Model parameter optimization (eps = 3.000000)
[01:30:19 -62588.323018] FAST spr round 1 (radius: 25)
[01:31:11 -60662.455040] FAST spr round 2 (radius: 25)
[01:31:48 -60513.225357] FAST spr round 3 (radius: 25)
[01:32:20 -60486.222498] FAST spr round 4 (radius: 25)
[01:32:47 -60467.026821] FAST spr round 5 (radius: 25)
[01:33:12 -60466.344897] FAST spr round 6 (radius: 25)
[01:33:38 -60465.860458] FAST spr round 7 (radius: 25)
[01:34:02 -60465.602247] FAST spr round 8 (radius: 25)
[01:34:26 -60465.428274] FAST spr round 9 (radius: 25)
[01:34:51 -60465.287834] FAST spr round 10 (radius: 25)
[01:35:16 -60465.204799] Model parameter optimization (eps = 1.000000)
[01:35:16 -60465.165157] SLOW spr round 1 (radius: 5)
[01:35:52 -60460.618442] SLOW spr round 2 (radius: 5)
[01:36:25 -60460.443009] SLOW spr round 3 (radius: 5)
[01:36:57 -60460.442616] SLOW spr round 4 (radius: 10)
[01:37:30 -60458.376079] SLOW spr round 5 (radius: 5)
[01:38:11 -60453.455702] SLOW spr round 6 (radius: 5)
[01:38:46 -60453.455346] SLOW spr round 7 (radius: 10)
[01:39:20 -60453.106605] SLOW spr round 8 (radius: 5)
[01:40:00 -60453.093935] SLOW spr round 9 (radius: 10)
[01:40:37 -60452.741921] SLOW spr round 10 (radius: 5)
[01:41:17 -60450.287918] SLOW spr round 11 (radius: 5)
[01:41:52 -60450.287106] SLOW spr round 12 (radius: 10)
[01:42:26 -60450.226537] SLOW spr round 13 (radius: 15)
[01:43:21 -60450.224835] SLOW spr round 14 (radius: 20)
[01:44:25 -60449.084648] SLOW spr round 15 (radius: 5)
[01:45:07 -60446.994002] SLOW spr round 16 (radius: 5)
[01:45:44 -60441.813890] SLOW spr round 17 (radius: 5)
[01:46:18 -60441.301699] SLOW spr round 18 (radius: 5)
[01:46:51 -60441.286087] SLOW spr round 19 (radius: 10)
[01:47:22 -60440.753691] SLOW spr round 20 (radius: 5)
[01:48:04 -60429.291623] SLOW spr round 21 (radius: 5)
[01:48:40 -60427.328153] SLOW spr round 22 (radius: 5)
[01:49:13 -60427.328085] SLOW spr round 23 (radius: 10)
[01:49:45 -60427.328084] SLOW spr round 24 (radius: 15)
[01:50:40 -60426.428155] SLOW spr round 25 (radius: 5)
[01:51:21 -60425.290539] SLOW spr round 26 (radius: 5)
[01:51:57 -60424.915837] SLOW spr round 27 (radius: 5)
[01:52:29 -60424.915611] SLOW spr round 28 (radius: 10)
[01:53:02 -60423.936496] SLOW spr round 29 (radius: 5)
[01:53:41 -60423.934385] SLOW spr round 30 (radius: 10)
[01:54:18 -60423.932881] SLOW spr round 31 (radius: 15)
[01:55:09 -60423.931686] SLOW spr round 32 (radius: 20)
[01:56:11 -60423.930750] SLOW spr round 33 (radius: 25)
[01:57:11 -60423.930020] Model parameter optimization (eps = 0.100000)

[01:57:11] ML tree search #3, logLikelihood: -60423.906340

[01:57:11 -89786.924101] Initial branch length optimization
[01:57:12 -77805.749680] Model parameter optimization (eps = 10.000000)
[01:57:12 -77801.509270] AUTODETECT spr round 1 (radius: 5)
[01:57:35 -72130.378942] AUTODETECT spr round 2 (radius: 10)
[01:58:03 -66060.437754] AUTODETECT spr round 3 (radius: 15)
[01:58:42 -63518.778484] AUTODETECT spr round 4 (radius: 20)
[01:59:23 -63094.856161] AUTODETECT spr round 5 (radius: 25)
[02:00:09 -62630.981585] SPR radius for FAST iterations: 25 (autodetect)
[02:00:09 -62630.981585] Model parameter optimization (eps = 3.000000)
[02:00:10 -62614.040240] FAST spr round 1 (radius: 25)
[02:01:08 -60687.922278] FAST spr round 2 (radius: 25)
[02:01:49 -60558.553844] FAST spr round 3 (radius: 25)
[02:02:21 -60522.594498] FAST spr round 4 (radius: 25)
[02:02:50 -60518.129631] FAST spr round 5 (radius: 25)
[02:03:16 -60512.882483] FAST spr round 6 (radius: 25)
[02:03:42 -60511.997410] FAST spr round 7 (radius: 25)
[02:04:07 -60511.446496] FAST spr round 8 (radius: 25)
[02:04:32 -60506.331852] FAST spr round 9 (radius: 25)
[02:04:57 -60505.807194] FAST spr round 10 (radius: 25)
[02:05:21 -60505.538264] FAST spr round 11 (radius: 25)
[02:05:46 -60505.267477] FAST spr round 12 (radius: 25)
[02:06:10 -60504.959685] FAST spr round 13 (radius: 25)
[02:06:34 -60504.543932] FAST spr round 14 (radius: 25)
[02:06:59 -60504.291682] FAST spr round 15 (radius: 25)
[02:07:23 -60504.038187] FAST spr round 16 (radius: 25)
[02:07:48 -60503.774896] FAST spr round 17 (radius: 25)
[02:08:12 -60503.417406] FAST spr round 18 (radius: 25)
[02:08:36 -60503.235562] FAST spr round 19 (radius: 25)
[02:09:01 -60503.098598] FAST spr round 20 (radius: 25)
[02:09:25 -60502.967138] FAST spr round 21 (radius: 25)
[02:09:49 -60502.881863] Model parameter optimization (eps = 1.000000)
[02:09:50 -60502.878226] SLOW spr round 1 (radius: 5)
[02:10:26 -60494.358092] SLOW spr round 2 (radius: 5)
[02:11:00 -60490.282780] SLOW spr round 3 (radius: 5)
[02:11:32 -60490.229472] SLOW spr round 4 (radius: 10)
[02:12:03 -60489.938795] SLOW spr round 5 (radius: 5)
[02:12:42 -60484.672829] SLOW spr round 6 (radius: 5)
[02:13:16 -60484.671173] SLOW spr round 7 (radius: 10)
[02:13:48 -60484.342474] SLOW spr round 8 (radius: 5)
[02:14:28 -60483.378485] SLOW spr round 9 (radius: 5)
[02:15:02 -60483.377038] SLOW spr round 10 (radius: 10)
[02:15:35 -60483.376897] SLOW spr round 11 (radius: 15)
[02:16:27 -60483.085546] SLOW spr round 12 (radius: 5)
[02:17:06 -60483.084827] SLOW spr round 13 (radius: 10)
[02:17:41 -60481.068594] SLOW spr round 14 (radius: 5)
[02:18:20 -60477.179034] SLOW spr round 15 (radius: 5)
[02:18:53 -60477.118727] SLOW spr round 16 (radius: 10)
[02:19:25 -60477.118720] SLOW spr round 17 (radius: 15)
[02:20:17 -60477.118720] SLOW spr round 18 (radius: 20)
[02:21:23 -60475.730600] SLOW spr round 19 (radius: 5)
[02:22:03 -60475.730427] SLOW spr round 20 (radius: 10)
[02:22:41 -60475.730408] SLOW spr round 21 (radius: 15)
[02:23:30 -60475.730405] SLOW spr round 22 (radius: 20)
[02:24:37 -60475.730405] SLOW spr round 23 (radius: 25)
[02:25:52 -60475.730405] Model parameter optimization (eps = 0.100000)

[02:25:52] ML tree search #4, logLikelihood: -60475.714600

[02:25:52 -89608.681498] Initial branch length optimization
[02:25:53 -77743.597538] Model parameter optimization (eps = 10.000000)
[02:25:53 -77739.950631] AUTODETECT spr round 1 (radius: 5)
[02:26:16 -73093.012936] AUTODETECT spr round 2 (radius: 10)
[02:26:46 -67224.683443] AUTODETECT spr round 3 (radius: 15)
[02:27:24 -64424.040763] AUTODETECT spr round 4 (radius: 20)
[02:28:14 -63436.682907] AUTODETECT spr round 5 (radius: 25)
[02:29:06 -63104.872037] SPR radius for FAST iterations: 25 (autodetect)
[02:29:07 -63104.872037] Model parameter optimization (eps = 3.000000)
[02:29:07 -63089.364969] FAST spr round 1 (radius: 25)
[02:30:08 -60679.846667] FAST spr round 2 (radius: 25)
[02:30:48 -60545.517331] FAST spr round 3 (radius: 25)
[02:31:20 -60522.829723] FAST spr round 4 (radius: 25)
[02:31:47 -60520.416844] FAST spr round 5 (radius: 25)
[02:32:13 -60519.679739] FAST spr round 6 (radius: 25)
[02:32:38 -60515.962381] FAST spr round 7 (radius: 25)
[02:33:02 -60515.487153] FAST spr round 8 (radius: 25)
[02:33:27 -60515.269954] FAST spr round 9 (radius: 25)
[02:33:51 -60515.129183] FAST spr round 10 (radius: 25)
[02:34:15 -60515.017636] FAST spr round 11 (radius: 25)
[02:34:39 -60514.813770] FAST spr round 12 (radius: 25)
[02:35:03 -60514.694319] FAST spr round 13 (radius: 25)
[02:35:27 -60514.583247] FAST spr round 14 (radius: 25)
[02:35:51 -60514.461240] FAST spr round 15 (radius: 25)
[02:36:14 -60514.360579] FAST spr round 16 (radius: 25)
[02:36:38 -60514.269850] Model parameter optimization (eps = 1.000000)
[02:36:38 -60514.235111] SLOW spr round 1 (radius: 5)
[02:37:14 -60505.210021] SLOW spr round 2 (radius: 5)
[02:37:46 -60504.391682] SLOW spr round 3 (radius: 5)
[02:38:18 -60504.390483] SLOW spr round 4 (radius: 10)
[02:38:50 -60504.020343] SLOW spr round 5 (radius: 5)
[02:39:28 -60503.417158] SLOW spr round 6 (radius: 5)
[02:40:02 -60503.416521] SLOW spr round 7 (radius: 10)
[02:40:35 -60503.392785] SLOW spr round 8 (radius: 15)
[02:41:31 -60500.756541] SLOW spr round 9 (radius: 5)
[02:42:11 -60493.812631] SLOW spr round 10 (radius: 5)
[02:42:48 -60490.938175] SLOW spr round 11 (radius: 5)
[02:43:22 -60490.372795] SLOW spr round 12 (radius: 5)
[02:43:54 -60490.372753] SLOW spr round 13 (radius: 10)
[02:44:25 -60487.687097] SLOW spr round 14 (radius: 5)
[02:45:04 -60487.154423] SLOW spr round 15 (radius: 5)
[02:45:38 -60487.154411] SLOW spr round 16 (radius: 10)
[02:46:10 -60487.154410] SLOW spr round 17 (radius: 15)
[02:47:06 -60487.104971] SLOW spr round 18 (radius: 20)
[02:48:17 -60485.610038] SLOW spr round 19 (radius: 5)
[02:48:57 -60484.500673] SLOW spr round 20 (radius: 5)
[02:49:32 -60484.314708] SLOW spr round 21 (radius: 5)
[02:50:05 -60484.314544] SLOW spr round 22 (radius: 10)
[02:50:35 -60484.314536] SLOW spr round 23 (radius: 15)
[02:51:34 -60481.565778] SLOW spr round 24 (radius: 5)
[02:52:14 -60481.565400] SLOW spr round 25 (radius: 10)
[02:52:50 -60481.565220] SLOW spr round 26 (radius: 15)
[02:53:43 -60481.408948] SLOW spr round 27 (radius: 5)
[02:54:23 -60481.396722] SLOW spr round 28 (radius: 10)
[02:54:59 -60481.396676] SLOW spr round 29 (radius: 15)
[02:55:52 -60481.396671] SLOW spr round 30 (radius: 20)
[02:57:06 -60481.003459] SLOW spr round 31 (radius: 5)
[02:57:48 -60479.582916] SLOW spr round 32 (radius: 5)
[02:58:24 -60479.581868] SLOW spr round 33 (radius: 10)
[02:58:57 -60479.581447] SLOW spr round 34 (radius: 15)
[02:59:55 -60479.062781] SLOW spr round 35 (radius: 5)
[03:00:36 -60479.059064] SLOW spr round 36 (radius: 10)
[03:01:13 -60479.057494] SLOW spr round 37 (radius: 15)
[03:02:08 -60479.056802] SLOW spr round 38 (radius: 20)
[03:03:25 -60479.056501] SLOW spr round 39 (radius: 25)
[03:04:42 -60477.565754] SLOW spr round 40 (radius: 5)
[03:05:23 -60477.490496] SLOW spr round 41 (radius: 10)
[03:06:01 -60477.490141] SLOW spr round 42 (radius: 15)
[03:06:55 -60477.490104] SLOW spr round 43 (radius: 20)
[03:08:11 -60477.490093] SLOW spr round 44 (radius: 25)
[03:09:28 -60477.490090] Model parameter optimization (eps = 0.100000)

[03:09:29] ML tree search #5, logLikelihood: -60477.490089

[03:09:29 -89714.744110] Initial branch length optimization
[03:09:29 -77731.517363] Model parameter optimization (eps = 10.000000)
[03:09:30 -77728.750437] AUTODETECT spr round 1 (radius: 5)
[03:09:52 -72803.487122] AUTODETECT spr round 2 (radius: 10)
[03:10:21 -65425.293347] AUTODETECT spr round 3 (radius: 15)
[03:10:56 -62865.138979] AUTODETECT spr round 4 (radius: 20)
[03:11:35 -62474.209922] AUTODETECT spr round 5 (radius: 25)
[03:12:22 -62263.151999] SPR radius for FAST iterations: 25 (autodetect)
[03:12:22 -62263.151999] Model parameter optimization (eps = 3.000000)
[03:12:23 -62247.638064] FAST spr round 1 (radius: 25)
[03:13:21 -60767.320374] FAST spr round 2 (radius: 25)
[03:13:59 -60573.111207] FAST spr round 3 (radius: 25)
[03:14:29 -60556.782275] FAST spr round 4 (radius: 25)
[03:14:55 -60550.830165] FAST spr round 5 (radius: 25)
[03:15:21 -60546.262693] FAST spr round 6 (radius: 25)
[03:15:45 -60544.456757] FAST spr round 7 (radius: 25)
[03:16:09 -60542.561801] FAST spr round 8 (radius: 25)
[03:16:33 -60540.751130] FAST spr round 9 (radius: 25)
[03:16:57 -60540.085574] FAST spr round 10 (radius: 25)
[03:17:20 -60535.676217] FAST spr round 11 (radius: 25)
[03:17:43 -60535.126073] FAST spr round 12 (radius: 25)
[03:18:06 -60534.699238] FAST spr round 13 (radius: 25)
[03:18:30 -60534.428994] FAST spr round 14 (radius: 25)
[03:18:53 -60534.164911] FAST spr round 15 (radius: 25)
[03:19:16 -60533.926372] FAST spr round 16 (radius: 25)
[03:19:39 -60533.728021] FAST spr round 17 (radius: 25)
[03:20:03 -60533.540680] FAST spr round 18 (radius: 25)
[03:20:26 -60533.380225] FAST spr round 19 (radius: 25)
[03:20:49 -60533.248204] FAST spr round 20 (radius: 25)
[03:21:13 -60532.949283] FAST spr round 21 (radius: 25)
[03:21:36 -60532.855313] Model parameter optimization (eps = 1.000000)
[03:21:36 -60532.842576] SLOW spr round 1 (radius: 5)
[03:22:11 -60525.837022] SLOW spr round 2 (radius: 5)
[03:22:43 -60524.626042] SLOW spr round 3 (radius: 5)
[03:23:15 -60522.715973] SLOW spr round 4 (radius: 5)
[03:23:46 -60522.715880] SLOW spr round 5 (radius: 10)
[03:24:17 -60520.080044] SLOW spr round 6 (radius: 5)
[03:24:56 -60518.111820] SLOW spr round 7 (radius: 5)
[03:25:31 -60513.272524] SLOW spr round 8 (radius: 5)
[03:26:04 -60508.815412] SLOW spr round 9 (radius: 5)
[03:26:36 -60506.611748] SLOW spr round 10 (radius: 5)
[03:27:07 -60506.459825] SLOW spr round 11 (radius: 5)
[03:27:37 -60506.459366] SLOW spr round 12 (radius: 10)
[03:28:08 -60504.099400] SLOW spr round 13 (radius: 5)
[03:28:45 -60498.410871] SLOW spr round 14 (radius: 5)
[03:29:17 -60498.410587] SLOW spr round 15 (radius: 10)
[03:29:48 -60498.410581] SLOW spr round 16 (radius: 15)
[03:30:45 -60494.325856] SLOW spr round 17 (radius: 5)
[03:31:24 -60493.941068] SLOW spr round 18 (radius: 5)
[03:31:58 -60493.940789] SLOW spr round 19 (radius: 10)
[03:32:29 -60493.940777] SLOW spr round 20 (radius: 15)
[03:33:23 -60493.940776] SLOW spr round 21 (radius: 20)
[03:34:29 -60493.220365] SLOW spr round 22 (radius: 5)
[03:35:07 -60493.219994] SLOW spr round 23 (radius: 10)
[03:35:42 -60493.219961] SLOW spr round 24 (radius: 15)
[03:36:31 -60493.219958] SLOW spr round 25 (radius: 20)
[03:37:36 -60493.219958] SLOW spr round 26 (radius: 25)
[03:38:44 -60493.219958] Model parameter optimization (eps = 0.100000)

[03:38:44] ML tree search #6, logLikelihood: -60493.204142

[03:38:44 -90007.194685] Initial branch length optimization
[03:38:44 -77890.140895] Model parameter optimization (eps = 10.000000)
[03:38:45 -77885.398737] AUTODETECT spr round 1 (radius: 5)
[03:39:05 -73195.936487] AUTODETECT spr round 2 (radius: 10)
[03:39:28 -67724.862284] AUTODETECT spr round 3 (radius: 15)
[03:40:00 -63918.124141] AUTODETECT spr round 4 (radius: 20)
[03:40:37 -62909.216511] AUTODETECT spr round 5 (radius: 25)
[03:41:21 -62533.635354] SPR radius for FAST iterations: 25 (autodetect)
[03:41:21 -62533.635354] Model parameter optimization (eps = 3.000000)
[03:41:22 -62506.875307] FAST spr round 1 (radius: 25)
[03:42:12 -60801.113102] FAST spr round 2 (radius: 25)
[03:42:48 -60552.451671] FAST spr round 3 (radius: 25)
[03:43:17 -60488.753586] FAST spr round 4 (radius: 25)
[03:43:42 -60469.704917] FAST spr round 5 (radius: 25)
[03:44:05 -60464.894028] FAST spr round 6 (radius: 25)
[03:44:27 -60461.639210] FAST spr round 7 (radius: 25)
[03:44:49 -60456.723275] FAST spr round 8 (radius: 25)
[03:45:10 -60453.828861] FAST spr round 9 (radius: 25)
[03:45:31 -60452.102282] FAST spr round 10 (radius: 25)
[03:45:52 -60451.417644] FAST spr round 11 (radius: 25)
[03:46:13 -60450.883035] FAST spr round 12 (radius: 25)
[03:46:35 -60449.383392] FAST spr round 13 (radius: 25)
[03:46:56 -60449.007547] FAST spr round 14 (radius: 25)
[03:47:17 -60448.742618] FAST spr round 15 (radius: 25)
[03:47:38 -60448.586907] FAST spr round 16 (radius: 25)
[03:48:00 -60448.425500] FAST spr round 17 (radius: 25)
[03:48:21 -60448.342294] Model parameter optimization (eps = 1.000000)
[03:48:21 -60448.164946] SLOW spr round 1 (radius: 5)
[03:48:53 -60443.463579] SLOW spr round 2 (radius: 5)
[03:49:23 -60439.088710] SLOW spr round 3 (radius: 5)
[03:49:53 -60434.037005] SLOW spr round 4 (radius: 5)
[03:50:21 -60428.818404] SLOW spr round 5 (radius: 5)
[03:50:49 -60428.818343] SLOW spr round 6 (radius: 10)
[03:51:16 -60427.564565] SLOW spr round 7 (radius: 5)
[03:51:53 -60427.001126] SLOW spr round 8 (radius: 5)
[03:52:24 -60426.833302] SLOW spr round 9 (radius: 5)
[03:52:53 -60426.833137] SLOW spr round 10 (radius: 10)
[03:53:21 -60426.205589] SLOW spr round 11 (radius: 5)
[03:53:57 -60425.843609] SLOW spr round 12 (radius: 5)
[03:54:28 -60425.843563] SLOW spr round 13 (radius: 10)
[03:54:57 -60425.345845] SLOW spr round 14 (radius: 5)
[03:55:32 -60425.268441] SLOW spr round 15 (radius: 10)
[03:56:04 -60425.268194] SLOW spr round 16 (radius: 15)
[03:56:53 -60424.047562] SLOW spr round 17 (radius: 5)
[03:57:29 -60424.043598] SLOW spr round 18 (radius: 10)
[03:58:01 -60424.043399] SLOW spr round 19 (radius: 15)
[03:58:49 -60424.043393] SLOW spr round 20 (radius: 20)
[03:59:55 -60423.841613] SLOW spr round 21 (radius: 5)
[04:00:31 -60422.899352] SLOW spr round 22 (radius: 5)
[04:01:03 -60422.585298] SLOW spr round 23 (radius: 5)
[04:01:33 -60422.584619] SLOW spr round 24 (radius: 10)
[04:02:02 -60422.584590] SLOW spr round 25 (radius: 15)
[04:02:57 -60422.584588] SLOW spr round 26 (radius: 20)
[04:04:04 -60422.584588] SLOW spr round 27 (radius: 25)
[04:05:20 -60422.584588] Model parameter optimization (eps = 0.100000)

[04:05:20] ML tree search #7, logLikelihood: -60422.580497

[04:05:20 -89703.236599] Initial branch length optimization
[04:05:21 -77825.561000] Model parameter optimization (eps = 10.000000)
[04:05:21 -77825.165164] AUTODETECT spr round 1 (radius: 5)
[04:05:40 -72790.091480] AUTODETECT spr round 2 (radius: 10)
[04:06:04 -67346.840393] AUTODETECT spr round 3 (radius: 15)
[04:06:34 -64535.669460] AUTODETECT spr round 4 (radius: 20)
[04:07:14 -63619.371293] AUTODETECT spr round 5 (radius: 25)
[04:07:54 -62964.371765] SPR radius for FAST iterations: 25 (autodetect)
[04:07:55 -62964.371765] Model parameter optimization (eps = 3.000000)
[04:07:55 -62954.011359] FAST spr round 1 (radius: 25)
[04:08:45 -60806.734864] FAST spr round 2 (radius: 25)
[04:09:19 -60553.020517] FAST spr round 3 (radius: 25)
[04:09:48 -60487.306301] FAST spr round 4 (radius: 25)
[04:10:13 -60455.732224] FAST spr round 5 (radius: 25)
[04:10:35 -60453.298370] FAST spr round 6 (radius: 25)
[04:10:57 -60451.515855] FAST spr round 7 (radius: 25)
[04:11:18 -60446.373787] FAST spr round 8 (radius: 25)
[04:11:39 -60444.680524] FAST spr round 9 (radius: 25)
[04:12:00 -60443.719473] FAST spr round 10 (radius: 25)
[04:12:20 -60443.052951] FAST spr round 11 (radius: 25)
[04:12:41 -60441.287606] FAST spr round 12 (radius: 25)
[04:13:01 -60440.714729] FAST spr round 13 (radius: 25)
[04:13:22 -60440.374921] FAST spr round 14 (radius: 25)
[04:13:43 -60440.214687] FAST spr round 15 (radius: 25)
[04:14:04 -60440.044625] FAST spr round 16 (radius: 25)
[04:14:24 -60439.681717] FAST spr round 17 (radius: 25)
[04:14:46 -60439.549549] FAST spr round 18 (radius: 25)
[04:15:07 -60439.416358] FAST spr round 19 (radius: 25)
[04:15:28 -60439.343048] Model parameter optimization (eps = 1.000000)
[04:15:29 -60439.274562] SLOW spr round 1 (radius: 5)
[04:16:01 -60425.424443] SLOW spr round 2 (radius: 5)
[04:16:32 -60418.897481] SLOW spr round 3 (radius: 5)
[04:17:00 -60418.150838] SLOW spr round 4 (radius: 5)
[04:17:28 -60418.150716] SLOW spr round 5 (radius: 10)
[04:17:57 -60416.840170] SLOW spr round 6 (radius: 5)
[04:18:32 -60415.932919] SLOW spr round 7 (radius: 5)
[04:19:03 -60415.932251] SLOW spr round 8 (radius: 10)
[04:19:33 -60415.742409] SLOW spr round 9 (radius: 5)
[04:20:08 -60415.742062] SLOW spr round 10 (radius: 10)
[04:20:39 -60415.677922] SLOW spr round 11 (radius: 15)
[04:21:28 -60415.677894] SLOW spr round 12 (radius: 20)
[04:22:36 -60415.677894] SLOW spr round 13 (radius: 25)
[04:23:46 -60415.677894] Model parameter optimization (eps = 0.100000)

[04:23:46] ML tree search #8, logLikelihood: -60415.676243

[04:23:46 -90057.648430] Initial branch length optimization
[04:23:47 -77779.621622] Model parameter optimization (eps = 10.000000)
[04:23:47 -77775.118659] AUTODETECT spr round 1 (radius: 5)
[04:24:07 -73043.448968] AUTODETECT spr round 2 (radius: 10)
[04:24:33 -67320.413141] AUTODETECT spr round 3 (radius: 15)
[04:25:03 -63924.598888] AUTODETECT spr round 4 (radius: 20)
[04:25:41 -62964.980788] AUTODETECT spr round 5 (radius: 25)
[04:26:19 -62829.214533] SPR radius for FAST iterations: 25 (autodetect)
[04:26:19 -62829.214533] Model parameter optimization (eps = 3.000000)
[04:26:20 -62808.366433] FAST spr round 1 (radius: 25)
[04:27:12 -60767.647151] FAST spr round 2 (radius: 25)
[04:27:48 -60632.317567] FAST spr round 3 (radius: 25)
[04:28:16 -60610.280987] FAST spr round 4 (radius: 25)
[04:28:41 -60607.704423] FAST spr round 5 (radius: 25)
[04:29:03 -60604.813086] FAST spr round 6 (radius: 25)
[04:29:26 -60602.439356] FAST spr round 7 (radius: 25)
[04:29:48 -60597.648336] FAST spr round 8 (radius: 25)
[04:30:09 -60592.408058] FAST spr round 9 (radius: 25)
[04:30:30 -60590.019526] FAST spr round 10 (radius: 25)
[04:30:51 -60588.472353] FAST spr round 11 (radius: 25)
[04:31:12 -60586.970613] FAST spr round 12 (radius: 25)
[04:31:33 -60586.152675] FAST spr round 13 (radius: 25)
[04:31:54 -60585.499239] FAST spr round 14 (radius: 25)
[04:32:15 -60584.911952] FAST spr round 15 (radius: 25)
[04:32:36 -60584.598619] FAST spr round 16 (radius: 25)
[04:32:58 -60579.758638] FAST spr round 17 (radius: 25)
[04:33:20 -60579.550921] FAST spr round 18 (radius: 25)
[04:33:41 -60579.425613] FAST spr round 19 (radius: 25)
[04:34:02 -60579.300956] FAST spr round 20 (radius: 25)
[04:34:24 -60579.169484] FAST spr round 21 (radius: 25)
[04:34:45 -60579.067247] FAST spr round 22 (radius: 25)
[04:35:06 -60577.084815] FAST spr round 23 (radius: 25)
[04:35:28 -60576.998520] Model parameter optimization (eps = 1.000000)
[04:35:28 -60576.945322] SLOW spr round 1 (radius: 5)
[04:36:00 -60570.236432] SLOW spr round 2 (radius: 5)
[04:36:30 -60568.248403] SLOW spr round 3 (radius: 5)
[04:36:59 -60568.171658] SLOW spr round 4 (radius: 10)
[04:37:28 -60562.576518] SLOW spr round 5 (radius: 5)
[04:38:04 -60555.423948] SLOW spr round 6 (radius: 5)
[04:38:37 -60554.955122] SLOW spr round 7 (radius: 5)
[04:39:07 -60554.954966] SLOW spr round 8 (radius: 10)
[04:39:36 -60553.319053] SLOW spr round 9 (radius: 5)
[04:40:12 -60552.242033] SLOW spr round 10 (radius: 5)
[04:40:44 -60552.241754] SLOW spr round 11 (radius: 10)
[04:41:14 -60546.477626] SLOW spr round 12 (radius: 5)
[04:41:50 -60544.265382] SLOW spr round 13 (radius: 5)
[04:42:22 -60544.242315] SLOW spr round 14 (radius: 10)
[04:42:52 -60544.242307] SLOW spr round 15 (radius: 15)
[04:43:43 -60544.242307] SLOW spr round 16 (radius: 20)
[04:44:47 -60542.192431] SLOW spr round 17 (radius: 5)
[04:45:24 -60542.182687] SLOW spr round 18 (radius: 10)
[04:45:58 -60542.064636] SLOW spr round 19 (radius: 5)
[04:46:34 -60529.760925] SLOW spr round 20 (radius: 5)
[04:47:07 -60525.802837] SLOW spr round 21 (radius: 5)
[04:47:37 -60525.574965] SLOW spr round 22 (radius: 5)
[04:48:05 -60525.574740] SLOW spr round 23 (radius: 10)
[04:48:34 -60525.482934] SLOW spr round 24 (radius: 15)
[04:49:25 -60525.482849] SLOW spr round 25 (radius: 20)
[04:50:25 -60525.482848] SLOW spr round 26 (radius: 25)
[04:51:30 -60525.482848] Model parameter optimization (eps = 0.100000)

[04:51:31] ML tree search #9, logLikelihood: -60525.433214

[04:51:31 -89926.176757] Initial branch length optimization
[04:51:31 -77773.272696] Model parameter optimization (eps = 10.000000)
[04:51:32 -77769.195111] AUTODETECT spr round 1 (radius: 5)
[04:51:50 -72029.519602] AUTODETECT spr round 2 (radius: 10)
[04:52:16 -65986.847530] AUTODETECT spr round 3 (radius: 15)
[04:52:48 -64093.392389] AUTODETECT spr round 4 (radius: 20)
[04:53:26 -63321.636153] AUTODETECT spr round 5 (radius: 25)
[04:54:01 -62832.196921] SPR radius for FAST iterations: 25 (autodetect)
[04:54:01 -62832.196921] Model parameter optimization (eps = 3.000000)
[04:54:02 -62808.487845] FAST spr round 1 (radius: 25)
[04:54:51 -60746.357370] FAST spr round 2 (radius: 25)
[04:55:25 -60563.072393] FAST spr round 3 (radius: 25)
[04:55:53 -60537.437642] FAST spr round 4 (radius: 25)
[04:56:16 -60535.167717] FAST spr round 5 (radius: 25)
[04:56:39 -60534.286124] FAST spr round 6 (radius: 25)
[04:57:01 -60533.217327] FAST spr round 7 (radius: 25)
[04:57:23 -60530.961416] FAST spr round 8 (radius: 25)
[04:57:44 -60530.111799] FAST spr round 9 (radius: 25)
[04:58:06 -60529.326422] FAST spr round 10 (radius: 25)
[04:58:27 -60528.789630] FAST spr round 11 (radius: 25)
[04:58:49 -60528.277171] FAST spr round 12 (radius: 25)
[04:59:10 -60527.821255] FAST spr round 13 (radius: 25)
[04:59:31 -60527.544866] FAST spr round 14 (radius: 25)
[04:59:52 -60527.285545] FAST spr round 15 (radius: 25)
[05:00:13 -60526.868532] FAST spr round 16 (radius: 25)
[05:00:34 -60526.594771] FAST spr round 17 (radius: 25)
[05:00:55 -60526.192389] FAST spr round 18 (radius: 25)
[05:01:17 -60524.528984] FAST spr round 19 (radius: 25)
[05:01:38 -60524.410125] FAST spr round 20 (radius: 25)
[05:01:59 -60524.311695] Model parameter optimization (eps = 1.000000)
[05:01:59 -60524.287314] SLOW spr round 1 (radius: 5)
[05:02:30 -60514.181323] SLOW spr round 2 (radius: 5)
[05:02:59 -60509.717419] SLOW spr round 3 (radius: 5)
[05:03:27 -60509.493192] SLOW spr round 4 (radius: 5)
[05:03:55 -60509.492436] SLOW spr round 5 (radius: 10)
[05:04:24 -60505.898374] SLOW spr round 6 (radius: 5)
[05:05:01 -60499.474819] SLOW spr round 7 (radius: 5)
[05:05:33 -60497.164810] SLOW spr round 8 (radius: 5)
[05:06:02 -60497.164697] SLOW spr round 9 (radius: 10)
[05:06:31 -60497.164695] SLOW spr round 10 (radius: 15)
[05:07:26 -60494.712007] SLOW spr round 11 (radius: 5)
[05:08:03 -60493.600551] SLOW spr round 12 (radius: 5)
[05:08:34 -60493.599072] SLOW spr round 13 (radius: 10)
[05:09:05 -60492.790674] SLOW spr round 14 (radius: 5)
[05:09:40 -60490.397682] SLOW spr round 15 (radius: 5)
[05:10:11 -60485.617681] SLOW spr round 16 (radius: 5)
[05:10:42 -60477.561949] SLOW spr round 17 (radius: 5)
[05:11:11 -60473.974620] SLOW spr round 18 (radius: 5)
[05:11:39 -60471.913142] SLOW spr round 19 (radius: 5)
[05:12:07 -60471.912467] SLOW spr round 20 (radius: 10)
[05:12:35 -60471.912434] SLOW spr round 21 (radius: 15)
[05:13:30 -60471.164232] SLOW spr round 22 (radius: 5)
[05:14:06 -60470.019359] SLOW spr round 23 (radius: 5)
[05:14:37 -60468.276533] SLOW spr round 24 (radius: 5)
[05:15:07 -60468.276009] SLOW spr round 25 (radius: 10)
[05:15:35 -60468.275985] SLOW spr round 26 (radius: 15)
[05:16:29 -60467.471903] SLOW spr round 27 (radius: 5)
[05:17:05 -60466.311407] SLOW spr round 28 (radius: 5)
[05:17:36 -60466.311095] SLOW spr round 29 (radius: 10)
[05:18:06 -60465.850230] SLOW spr round 30 (radius: 5)
[05:18:41 -60465.524295] SLOW spr round 31 (radius: 5)
[05:19:12 -60465.523987] SLOW spr round 32 (radius: 10)
[05:19:41 -60465.523983] SLOW spr round 33 (radius: 15)
[05:20:33 -60460.273058] SLOW spr round 34 (radius: 5)
[05:21:10 -60457.689688] SLOW spr round 35 (radius: 5)
[05:21:42 -60451.085066] SLOW spr round 36 (radius: 5)
[05:22:12 -60450.874356] SLOW spr round 37 (radius: 5)
[05:22:40 -60450.873252] SLOW spr round 38 (radius: 10)
[05:23:08 -60450.873243] SLOW spr round 39 (radius: 15)
[05:24:02 -60450.325518] SLOW spr round 40 (radius: 5)
[05:24:38 -60450.323418] SLOW spr round 41 (radius: 10)
[05:25:10 -60450.288521] SLOW spr round 42 (radius: 15)
[05:25:58 -60450.287635] SLOW spr round 43 (radius: 20)
[05:27:09 -60450.287614] SLOW spr round 44 (radius: 25)
[05:28:18 -60450.088753] SLOW spr round 45 (radius: 5)
[05:28:56 -60447.193211] SLOW spr round 46 (radius: 5)
[05:29:29 -60446.005942] SLOW spr round 47 (radius: 5)
[05:29:58 -60446.003927] SLOW spr round 48 (radius: 10)
slurmstepd: error: *** JOB 1070916 ON c34 CANCELLED AT 2022-02-01T22:00:48 DUE TO TIME LIMIT ***
