Flex 2.6.4 loaded.
cmake version 3.18.4 loaded.
raxmlng version 0.9.0-pthreads loaded.

RAxML-NG v. 0.9.0git released on 24.05.2019 by The Exelixis Lab.
Developed by: Alexey M. Kozlov and Alexandros Stamatakis.
Contributors: Diego Darriba, Tomas Flouri, Benoit Morel, Sarah Lutteropp, Ben Bettisworth.
Latest version: https://github.com/amkozlov/raxml-ng
Questions/problems/suggestions? Please visit: https://groups.google.com/forum/#!forum/raxml

RAxML-NG was called at 02-Feb-2022 09:42:24 as follows:

raxml-ng --msa /N/u/danschw/Carbonate/GitHub/spore_amg/metaG/data/coat/align-trim-tree/check_msa/parse-msa.raxml.rba --model LG+G4+F --prefix /N/u/danschw/Carbonate/GitHub/spore_amg/metaG/data/coat/align-trim-tree/tree/ml_search/rand-103 --threads 2 --seed 103 --tree rand{10}

Analysis options:
  run mode: ML tree search
  start tree(s): random (10)
  random seed: 103
  tip-inner: OFF
  pattern compression: ON
  per-rate scalers: OFF
  site repeats: ON
  fast spr radius: AUTO
  spr subtree cutoff: 1.000000
  branch lengths: proportional (ML estimate, algorithm: NR-FAST)
  SIMD kernels: AVX2
  parallelization: PTHREADS (2 threads), thread pinning: OFF

WARNING: The model you specified on the command line (LG+G4+F) will be ignored 
         since the binary MSA file already contains a model definition.
         If you want to change the model, please re-run RAxML-NG 
         with the original PHYLIP/FASTA alignment and --redo option.

[00:00:00] Loading binary alignment from file: /N/u/danschw/Carbonate/GitHub/spore_amg/metaG/data/coat/align-trim-tree/check_msa/parse-msa.raxml.rba
[00:00:00] Alignment comprises 468 taxa, 1 partitions and 88 patterns

Partition 0: noname
Model: LG+FC+G4m
Alignment sites / patterns: 88 / 88
Gaps: 5.67 %
Invariant sites: 0.00 %


[00:00:00] NOTE: Resuming execution from checkpoint (logLH: -60446.00, ML trees: 9, bootstraps: 0)
[00:00:00] Data distribution: max. partitions/sites/weight per thread: 1 / 44 / 3520

Starting ML tree search with 10 distinct starting trees

[00:00:00 -60446.003927] SPR radius for FAST iterations: 25 (autodetect)
[00:00:00 -60446.003927] SLOW spr round 48 (radius: 10)
[00:00:29 -60443.156599] SLOW spr round 49 (radius: 5)
[00:01:05 -60441.595943] SLOW spr round 50 (radius: 5)
[00:01:37 -60440.836939] SLOW spr round 51 (radius: 5)
[00:02:06 -60440.836861] SLOW spr round 52 (radius: 10)
[00:02:34 -60440.651437] SLOW spr round 53 (radius: 5)
[00:03:10 -60440.534716] SLOW spr round 54 (radius: 5)
[00:03:41 -60440.534155] SLOW spr round 55 (radius: 10)
[00:04:10 -60440.010615] SLOW spr round 56 (radius: 5)
[00:04:46 -60438.199547] SLOW spr round 57 (radius: 5)
[00:05:17 -60437.846186] SLOW spr round 58 (radius: 5)
[00:05:46 -60437.846137] SLOW spr round 59 (radius: 10)
[00:06:14 -60437.846137] SLOW spr round 60 (radius: 15)
[00:07:09 -60437.846136] SLOW spr round 61 (radius: 20)
[00:08:17 -60437.846136] SLOW spr round 62 (radius: 25)
[00:09:27 -60437.846136] Model parameter optimization (eps = 0.100000)

[00:09:27] ML tree search #10, logLikelihood: -60437.838887


Optimized model parameters:

   Partition 0: noname
   Rate heterogeneity: GAMMA (4 cats, mean),  alpha: 1.161239 (ML),  weights&rates: (0.250000,0.167959) (0.250000,0.520376) (0.250000,1.022311) (0.250000,2.289355) 
   Base frequencies (empirical): 0.072021 0.042059 0.055341 0.069550 0.017143 0.052046 0.086023 0.036602 0.022162 0.031892 0.103784 0.057838 0.041699 0.034929 0.054157 0.041004 0.046435 0.042136 0.058662 0.034517 
   Substitution rates (model): 0.425093 0.276818 0.395144 2.489084 0.969894 1.038545 2.066040 0.358858 0.149830 0.395337 0.536518 1.124035 0.253701 1.177651 4.727182 2.139501 0.180717 0.218959 2.547870 0.751878 0.123954 0.534551 2.807908 0.363970 0.390192 2.426601 0.126991 0.301848 6.326067 0.484133 0.052722 0.332533 0.858151 0.578987 0.593607 0.314440 0.170887 5.076149 0.528768 1.695752 0.541712 1.437645 4.509238 0.191503 0.068427 2.145078 0.371004 0.089525 0.161787 4.008358 2.000679 0.045376 0.612025 0.083688 0.062556 0.523386 5.243870 0.844926 0.927114 0.010690 0.015076 0.282959 0.025548 0.017416 0.394456 1.240275 0.425860 0.029890 0.135107 0.037967 0.084808 0.003499 0.569265 0.640543 0.320627 0.594007 0.013266 0.893680 1.105251 0.075382 2.784478 1.143480 0.670128 1.165532 1.959291 4.128591 0.267959 4.813505 0.072854 0.582457 3.234294 1.672569 0.035855 0.624294 1.223828 1.080136 0.236199 0.257336 0.210332 0.348847 0.423881 0.044265 0.069673 1.807177 0.173735 0.018811 0.419409 0.611973 0.604545 0.077852 0.120037 0.245034 0.311484 0.008705 0.044261 0.296636 0.139538 0.089586 0.196961 1.739990 0.129836 0.268491 0.054679 0.076701 0.108882 0.366317 0.697264 0.442472 0.682139 0.508851 0.990012 0.584262 0.597054 5.306834 0.119013 4.145067 0.159069 4.273607 1.112727 0.078281 0.064105 1.033739 0.111660 0.232523 10.649107 0.137500 6.312358 2.592692 0.249060 0.182287 0.302936 0.619632 0.299648 1.702745 0.656604 0.023918 0.390322 0.748683 1.136863 0.049906 0.131932 0.185202 1.798853 0.099849 0.346960 2.020366 0.696175 0.481306 1.898718 0.094464 0.361819 0.165001 2.457121 7.803902 0.654683 1.338132 0.571468 0.095131 0.089613 0.296501 6.472279 0.248862 0.400547 0.098369 0.140825 0.245841 2.188158 3.151815 0.189510 0.249313 


Final LogLikelihood: -60392.440368

AIC score: 122690.880737 / AICc score: 1941014.880737 / BIC score: 125051.782721
Free parameters (model + branch lengths): 953

WARNING: Number of free parameters (K=953) is larger than alignment size (n=88).
         This might lead to overfitting and compromise tree inference results!


Best ML tree saved to: /geode2/home/u020/danschw/Carbonate/GitHub/spore_amg/metaG/data/coat/align-trim-tree/tree/ml_search/rand-103.raxml.bestTree
All ML trees saved to: /geode2/home/u020/danschw/Carbonate/GitHub/spore_amg/metaG/data/coat/align-trim-tree/tree/ml_search/rand-103.raxml.mlTrees
Optimized model saved to: /geode2/home/u020/danschw/Carbonate/GitHub/spore_amg/metaG/data/coat/align-trim-tree/tree/ml_search/rand-103.raxml.bestModel

Execution log saved to: /geode2/home/u020/danschw/Carbonate/GitHub/spore_amg/metaG/data/coat/align-trim-tree/tree/ml_search/rand-103.raxml.log

Analysis started: 02-Feb-2022 09:42:24 / finished: 02-Feb-2022 09:51:51

Elapsed time: 567.406 seconds (this run) / 20366.031 seconds (total with restarts)

