Flex 2.6.4 loaded.
cmake version 3.18.4 loaded.
raxmlng version 0.9.0-pthreads loaded.

RAxML-NG v. 0.9.0git released on 24.05.2019 by The Exelixis Lab.
Developed by: Alexey M. Kozlov and Alexandros Stamatakis.
Contributors: Diego Darriba, Tomas Flouri, Benoit Morel, Sarah Lutteropp, Ben Bettisworth.
Latest version: https://github.com/amkozlov/raxml-ng
Questions/problems/suggestions? Please visit: https://groups.google.com/forum/#!forum/raxml

RAxML-NG was called at 02-Feb-2022 01:15:43 as follows:

raxml-ng --msa /N/u/danschw/Carbonate/GitHub/spore_amg/metaG/data/coat/align-trim-tree/check_msa/parse-msa.raxml.rba --model LG+G4+F --prefix /N/u/danschw/Carbonate/GitHub/spore_amg/metaG/data/coat/align-trim-tree/tree/ml_search/rand-453 --threads 4 --seed 453 --tree rand{10}

Analysis options:
  run mode: ML tree search
  start tree(s): random (10)
  random seed: 453
  tip-inner: OFF
  pattern compression: ON
  per-rate scalers: OFF
  site repeats: ON
  fast spr radius: AUTO
  spr subtree cutoff: 1.000000
  branch lengths: proportional (ML estimate, algorithm: NR-FAST)
  SIMD kernels: AVX2
  parallelization: PTHREADS (4 threads), thread pinning: OFF

WARNING: The model you specified on the command line (LG+G4+F) will be ignored 
         since the binary MSA file already contains a model definition.
         If you want to change the model, please re-run RAxML-NG 
         with the original PHYLIP/FASTA alignment and --redo option.

[00:00:00] Loading binary alignment from file: /N/u/danschw/Carbonate/GitHub/spore_amg/metaG/data/coat/align-trim-tree/check_msa/parse-msa.raxml.rba
[00:00:00] Alignment comprises 468 taxa, 1 partitions and 88 patterns

Partition 0: noname
Model: LG+FC+G4m
Alignment sites / patterns: 88 / 88
Gaps: 5.67 %
Invariant sites: 0.00 %


[00:00:00] Generating 10 random starting tree(s) with 468 taxa
[00:00:00] Data distribution: max. partitions/sites/weight per thread: 1 / 22 / 1760

Starting ML tree search with 10 distinct starting trees

[00:00:00 -89738.825571] Initial branch length optimization
[00:00:00 -77844.089254] Model parameter optimization (eps = 10.000000)
[00:00:00 -77840.809110] AUTODETECT spr round 1 (radius: 5)
[00:00:15 -72271.518245] AUTODETECT spr round 2 (radius: 10)
[00:00:34 -66006.288678] AUTODETECT spr round 3 (radius: 15)
[00:00:57 -63595.921901] AUTODETECT spr round 4 (radius: 20)
[00:01:25 -62850.401453] AUTODETECT spr round 5 (radius: 25)
[00:01:53 -62702.709554] SPR radius for FAST iterations: 25 (autodetect)
[00:01:53 -62702.709554] Model parameter optimization (eps = 3.000000)
[00:01:53 -62680.049151] FAST spr round 1 (radius: 25)
[00:02:27 -60856.445941] FAST spr round 2 (radius: 25)
[00:02:50 -60699.174540] FAST spr round 3 (radius: 25)
[00:03:11 -60631.459590] FAST spr round 4 (radius: 25)
[00:03:29 -60618.710450] FAST spr round 5 (radius: 25)
[00:03:46 -60617.303288] FAST spr round 6 (radius: 25)
[00:04:03 -60616.432241] FAST spr round 7 (radius: 25)
[00:04:20 -60616.012899] FAST spr round 8 (radius: 25)
[00:04:37 -60615.613389] FAST spr round 9 (radius: 25)
[00:04:53 -60615.234100] FAST spr round 10 (radius: 25)
[00:05:10 -60614.897480] FAST spr round 11 (radius: 25)
[00:05:26 -60614.546909] FAST spr round 12 (radius: 25)
[00:05:43 -60614.049513] FAST spr round 13 (radius: 25)
[00:05:59 -60612.200783] FAST spr round 14 (radius: 25)
[00:06:16 -60611.309155] FAST spr round 15 (radius: 25)
[00:06:32 -60610.767602] FAST spr round 16 (radius: 25)
[00:06:48 -60610.629623] FAST spr round 17 (radius: 25)
[00:07:05 -60610.488134] FAST spr round 18 (radius: 25)
[00:07:21 -60610.443882] Model parameter optimization (eps = 1.000000)
[00:07:22 -60610.325983] SLOW spr round 1 (radius: 5)
[00:07:46 -60587.145643] SLOW spr round 2 (radius: 5)
[00:08:09 -60583.920619] SLOW spr round 3 (radius: 5)
[00:08:31 -60583.920510] SLOW spr round 4 (radius: 10)
[00:08:52 -60579.933952] SLOW spr round 5 (radius: 5)
[00:09:20 -60567.203330] SLOW spr round 6 (radius: 5)
[00:09:44 -60567.024657] SLOW spr round 7 (radius: 5)
[00:10:06 -60567.024452] SLOW spr round 8 (radius: 10)
[00:10:27 -60564.901376] SLOW spr round 9 (radius: 5)
[00:10:55 -60556.506895] SLOW spr round 10 (radius: 5)
[00:11:20 -60556.288346] SLOW spr round 11 (radius: 5)
[00:11:42 -60556.288037] SLOW spr round 12 (radius: 10)
[00:12:03 -60556.288022] SLOW spr round 13 (radius: 15)
[00:12:36 -60552.076310] SLOW spr round 14 (radius: 5)
[00:13:03 -60551.611805] SLOW spr round 15 (radius: 5)
[00:13:27 -60551.611762] SLOW spr round 16 (radius: 10)
[00:13:49 -60551.004730] SLOW spr round 17 (radius: 5)
[00:14:16 -60548.272936] SLOW spr round 18 (radius: 5)
[00:14:41 -60546.688485] SLOW spr round 19 (radius: 5)
[00:15:03 -60546.688139] SLOW spr round 20 (radius: 10)
[00:15:25 -60544.473879] SLOW spr round 21 (radius: 5)
[00:15:52 -60536.539539] SLOW spr round 22 (radius: 5)
[00:16:16 -60536.530640] SLOW spr round 23 (radius: 10)
[00:16:38 -60536.530143] SLOW spr round 24 (radius: 15)
[00:17:11 -60536.240741] SLOW spr round 25 (radius: 5)
[00:17:39 -60536.132268] SLOW spr round 26 (radius: 5)
[00:18:04 -60536.130906] SLOW spr round 27 (radius: 10)
[00:18:26 -60536.130716] SLOW spr round 28 (radius: 15)
[00:18:58 -60536.130683] SLOW spr round 29 (radius: 20)
[00:19:37 -60531.538067] SLOW spr round 30 (radius: 5)
[00:20:05 -60530.157993] SLOW spr round 31 (radius: 5)
[00:20:30 -60529.942624] SLOW spr round 32 (radius: 5)
[00:20:54 -60529.942470] SLOW spr round 33 (radius: 10)
[00:21:15 -60529.942432] SLOW spr round 34 (radius: 15)
[00:21:49 -60529.640698] SLOW spr round 35 (radius: 5)
[00:22:16 -60529.640389] SLOW spr round 36 (radius: 10)
[00:22:39 -60529.640361] SLOW spr round 37 (radius: 15)
[00:23:11 -60529.640349] SLOW spr round 38 (radius: 20)
[00:23:50 -60529.640342] SLOW spr round 39 (radius: 25)
[00:24:34 -60528.438484] SLOW spr round 40 (radius: 5)
[00:25:02 -60528.438282] SLOW spr round 41 (radius: 10)
[00:25:26 -60528.328472] SLOW spr round 42 (radius: 5)
[00:25:52 -60528.327283] SLOW spr round 43 (radius: 10)
[00:26:15 -60528.327280] SLOW spr round 44 (radius: 15)
[00:26:47 -60528.327279] SLOW spr round 45 (radius: 20)
[00:27:26 -60528.214460] SLOW spr round 46 (radius: 5)
[00:27:54 -60527.008100] SLOW spr round 47 (radius: 5)
[00:28:18 -60527.007901] SLOW spr round 48 (radius: 10)
[00:28:40 -60525.843646] SLOW spr round 49 (radius: 5)
[00:29:07 -60525.819691] SLOW spr round 50 (radius: 10)
[00:29:30 -60525.819315] SLOW spr round 51 (radius: 15)
[00:30:02 -60525.819309] SLOW spr round 52 (radius: 20)
[00:30:41 -60525.819308] SLOW spr round 53 (radius: 25)
[00:31:26 -60525.819308] Model parameter optimization (eps = 0.100000)

[00:31:26] ML tree search #1, logLikelihood: -60525.646998

[00:31:26 -89881.460225] Initial branch length optimization
[00:31:27 -77915.572910] Model parameter optimization (eps = 10.000000)
[00:31:27 -77912.406973] AUTODETECT spr round 1 (radius: 5)
[00:31:42 -73055.319663] AUTODETECT spr round 2 (radius: 10)
[00:32:00 -67306.964815] AUTODETECT spr round 3 (radius: 15)
[00:32:22 -64327.774265] AUTODETECT spr round 4 (radius: 20)
[00:32:53 -63327.602523] AUTODETECT spr round 5 (radius: 25)
[00:33:27 -63108.335968] SPR radius for FAST iterations: 25 (autodetect)
[00:33:27 -63108.335968] Model parameter optimization (eps = 3.000000)
[00:33:28 -63093.649659] FAST spr round 1 (radius: 25)
[00:34:05 -60696.265192] FAST spr round 2 (radius: 25)
[00:34:32 -60521.860394] FAST spr round 3 (radius: 25)
[00:34:54 -60491.318915] FAST spr round 4 (radius: 25)
[00:35:13 -60481.556004] FAST spr round 5 (radius: 25)
[00:35:31 -60479.700669] FAST spr round 6 (radius: 25)
[00:35:47 -60477.084214] FAST spr round 7 (radius: 25)
[00:36:05 -60469.244423] FAST spr round 8 (radius: 25)
[00:36:23 -60463.623438] FAST spr round 9 (radius: 25)
[00:36:40 -60461.559652] FAST spr round 10 (radius: 25)
[00:36:57 -60460.955827] FAST spr round 11 (radius: 25)
[00:37:14 -60460.442827] FAST spr round 12 (radius: 25)
[00:37:31 -60459.672796] FAST spr round 13 (radius: 25)
[00:37:49 -60457.982291] FAST spr round 14 (radius: 25)
[00:38:06 -60456.064613] FAST spr round 15 (radius: 25)
[00:38:23 -60453.553146] FAST spr round 16 (radius: 25)
[00:38:40 -60453.062266] FAST spr round 17 (radius: 25)
[00:38:56 -60452.713836] FAST spr round 18 (radius: 25)
[00:39:13 -60452.202948] FAST spr round 19 (radius: 25)
[00:39:30 -60452.122188] Model parameter optimization (eps = 1.000000)
[00:39:31 -60451.885664] SLOW spr round 1 (radius: 5)
[00:39:56 -60443.870490] SLOW spr round 2 (radius: 5)
[00:40:20 -60442.594736] SLOW spr round 3 (radius: 5)
[00:40:42 -60442.594442] SLOW spr round 4 (radius: 10)
[00:41:05 -60440.846665] SLOW spr round 5 (radius: 5)
[00:41:33 -60440.540724] SLOW spr round 6 (radius: 5)
[00:41:57 -60440.540357] SLOW spr round 7 (radius: 10)
[00:42:20 -60439.768630] SLOW spr round 8 (radius: 5)
[00:42:49 -60435.030068] SLOW spr round 9 (radius: 5)
[00:43:14 -60434.741483] SLOW spr round 10 (radius: 5)
[00:43:37 -60434.741442] SLOW spr round 11 (radius: 10)
[00:43:59 -60434.741442] SLOW spr round 12 (radius: 15)
[00:44:42 -60432.776765] SLOW spr round 13 (radius: 5)
[00:45:10 -60426.008407] SLOW spr round 14 (radius: 5)
[00:45:35 -60426.008385] SLOW spr round 15 (radius: 10)
[00:45:58 -60426.008385] SLOW spr round 16 (radius: 15)
[00:46:39 -60425.923883] SLOW spr round 17 (radius: 20)
[00:47:31 -60424.798132] SLOW spr round 18 (radius: 5)
[00:47:58 -60424.796776] SLOW spr round 19 (radius: 10)
[00:48:25 -60424.796732] SLOW spr round 20 (radius: 15)
[00:49:03 -60424.357227] SLOW spr round 21 (radius: 5)
[00:49:32 -60419.834305] SLOW spr round 22 (radius: 5)
[00:49:56 -60419.833613] SLOW spr round 23 (radius: 10)
[00:50:19 -60419.833605] SLOW spr round 24 (radius: 15)
[00:51:01 -60419.833605] SLOW spr round 25 (radius: 20)
[00:51:54 -60419.833605] SLOW spr round 26 (radius: 25)
[00:52:50 -60417.375561] SLOW spr round 27 (radius: 5)
[00:53:18 -60417.374907] SLOW spr round 28 (radius: 10)
[00:53:44 -60417.374646] SLOW spr round 29 (radius: 15)
[00:54:22 -60417.279361] SLOW spr round 30 (radius: 20)
[00:55:17 -60417.279290] SLOW spr round 31 (radius: 25)
[00:56:13 -60417.279267] Model parameter optimization (eps = 0.100000)

[00:56:13] ML tree search #2, logLikelihood: -60417.279259

[00:56:13 -89799.347220] Initial branch length optimization
[00:56:13 -77776.175355] Model parameter optimization (eps = 10.000000)
[00:56:14 -77771.815145] AUTODETECT spr round 1 (radius: 5)
[00:56:29 -73285.415286] AUTODETECT spr round 2 (radius: 10)
[00:56:48 -67306.751918] AUTODETECT spr round 3 (radius: 15)
[00:57:11 -64246.865752] AUTODETECT spr round 4 (radius: 20)
[00:57:42 -63026.353368] AUTODETECT spr round 5 (radius: 25)
[00:58:11 -62856.297243] SPR radius for FAST iterations: 25 (autodetect)
[00:58:11 -62856.297243] Model parameter optimization (eps = 3.000000)
[00:58:12 -62835.205436] FAST spr round 1 (radius: 25)
[00:58:48 -60705.270378] FAST spr round 2 (radius: 25)
[00:59:13 -60555.998075] FAST spr round 3 (radius: 25)
[00:59:34 -60512.315538] FAST spr round 4 (radius: 25)
[00:59:53 -60503.161209] FAST spr round 5 (radius: 25)
[01:00:10 -60499.480241] FAST spr round 6 (radius: 25)
[01:00:27 -60492.118842] FAST spr round 7 (radius: 25)
[01:00:44 -60483.205761] FAST spr round 8 (radius: 25)
[01:01:01 -60482.126580] FAST spr round 9 (radius: 25)
[01:01:18 -60481.472016] FAST spr round 10 (radius: 25)
[01:01:35 -60477.586017] FAST spr round 11 (radius: 25)
[01:01:52 -60475.311827] FAST spr round 12 (radius: 25)
[01:02:09 -60474.763109] FAST spr round 13 (radius: 25)
[01:02:26 -60474.483823] FAST spr round 14 (radius: 25)
[01:02:43 -60474.276362] FAST spr round 15 (radius: 25)
[01:02:59 -60473.777015] FAST spr round 16 (radius: 25)
[01:03:16 -60473.640185] FAST spr round 17 (radius: 25)
[01:03:33 -60463.315859] FAST spr round 18 (radius: 25)
[01:03:49 -60463.230950] Model parameter optimization (eps = 1.000000)
[01:03:50 -60463.180427] SLOW spr round 1 (radius: 5)
[01:04:14 -60456.935022] SLOW spr round 2 (radius: 5)
[01:04:38 -60446.131631] SLOW spr round 3 (radius: 5)
[01:05:00 -60442.958459] SLOW spr round 4 (radius: 5)
[01:05:22 -60442.958220] SLOW spr round 5 (radius: 10)
[01:05:44 -60440.056505] SLOW spr round 6 (radius: 5)
[01:06:11 -60435.485790] SLOW spr round 7 (radius: 5)
[01:06:36 -60433.879589] SLOW spr round 8 (radius: 5)
[01:07:00 -60431.086093] SLOW spr round 9 (radius: 5)
[01:07:23 -60430.215479] SLOW spr round 10 (radius: 5)
[01:07:45 -60430.213568] SLOW spr round 11 (radius: 10)
[01:08:07 -60429.474076] SLOW spr round 12 (radius: 5)
[01:08:33 -60428.275422] SLOW spr round 13 (radius: 5)
[01:08:58 -60427.731219] SLOW spr round 14 (radius: 5)
[01:09:21 -60427.510109] SLOW spr round 15 (radius: 5)
[01:09:43 -60427.509898] SLOW spr round 16 (radius: 10)
[01:10:06 -60427.197866] SLOW spr round 17 (radius: 5)
[01:10:33 -60424.707428] SLOW spr round 18 (radius: 5)
[01:10:57 -60418.900472] SLOW spr round 19 (radius: 5)
[01:11:21 -60418.533455] SLOW spr round 20 (radius: 5)
[01:11:43 -60418.532864] SLOW spr round 21 (radius: 10)
[01:12:05 -60415.490437] SLOW spr round 22 (radius: 5)
[01:12:33 -60414.752652] SLOW spr round 23 (radius: 5)
[01:12:57 -60414.751336] SLOW spr round 24 (radius: 10)
[01:13:21 -60414.751310] SLOW spr round 25 (radius: 15)
[01:14:01 -60414.751309] SLOW spr round 26 (radius: 20)
[01:14:52 -60414.392879] SLOW spr round 27 (radius: 5)
[01:15:21 -60414.184503] SLOW spr round 28 (radius: 5)
[01:15:46 -60414.184396] SLOW spr round 29 (radius: 10)
[01:16:10 -60414.184394] SLOW spr round 30 (radius: 15)
[01:16:50 -60414.184394] SLOW spr round 31 (radius: 20)
[01:17:41 -60414.184394] SLOW spr round 32 (radius: 25)
[01:18:35 -60414.184394] Model parameter optimization (eps = 0.100000)

[01:18:36] ML tree search #3, logLikelihood: -60414.126202

[01:18:36 -89552.582059] Initial branch length optimization
[01:18:36 -77718.661321] Model parameter optimization (eps = 10.000000)
[01:18:36 -77714.263948] AUTODETECT spr round 1 (radius: 5)
[01:18:52 -72259.408999] AUTODETECT spr round 2 (radius: 10)
[01:19:11 -65972.194409] AUTODETECT spr round 3 (radius: 15)
[01:19:34 -64029.371000] AUTODETECT spr round 4 (radius: 20)
[01:20:00 -63408.444140] AUTODETECT spr round 5 (radius: 25)
[01:20:29 -62876.349798] SPR radius for FAST iterations: 25 (autodetect)
[01:20:29 -62876.349798] Model parameter optimization (eps = 3.000000)
[01:20:30 -62856.747458] FAST spr round 1 (radius: 25)
[01:21:06 -60704.771300] FAST spr round 2 (radius: 25)
[01:21:33 -60509.688564] FAST spr round 3 (radius: 25)
[01:21:54 -60483.749716] FAST spr round 4 (radius: 25)
[01:22:13 -60473.461064] FAST spr round 5 (radius: 25)
[01:22:32 -60469.455937] FAST spr round 6 (radius: 25)
[01:22:49 -60467.725216] FAST spr round 7 (radius: 25)
[01:23:06 -60466.978666] FAST spr round 8 (radius: 25)
[01:23:23 -60466.496684] FAST spr round 9 (radius: 25)
[01:23:39 -60464.500677] FAST spr round 10 (radius: 25)
[01:23:56 -60464.236682] FAST spr round 11 (radius: 25)
[01:24:14 -60463.901212] FAST spr round 12 (radius: 25)
[01:24:31 -60463.398840] FAST spr round 13 (radius: 25)
[01:24:47 -60462.606992] FAST spr round 14 (radius: 25)
[01:25:04 -60462.209850] FAST spr round 15 (radius: 25)
[01:25:21 -60462.013656] FAST spr round 16 (radius: 25)
[01:25:38 -60461.857962] FAST spr round 17 (radius: 25)
[01:25:54 -60461.720744] FAST spr round 18 (radius: 25)
[01:26:11 -60461.595635] FAST spr round 19 (radius: 25)
[01:26:28 -60461.341860] FAST spr round 20 (radius: 25)
[01:26:44 -60461.157522] FAST spr round 21 (radius: 25)
[01:27:01 -60460.936675] FAST spr round 22 (radius: 25)
[01:27:18 -60460.837231] Model parameter optimization (eps = 1.000000)
[01:27:18 -60460.805229] SLOW spr round 1 (radius: 5)
[01:27:43 -60447.739138] SLOW spr round 2 (radius: 5)
[01:28:05 -60446.958039] SLOW spr round 3 (radius: 5)
[01:28:27 -60446.957987] SLOW spr round 4 (radius: 10)
[01:28:49 -60446.732324] SLOW spr round 5 (radius: 5)
[01:29:16 -60446.731762] SLOW spr round 6 (radius: 10)
[01:29:40 -60446.731750] SLOW spr round 7 (radius: 15)
[01:30:17 -60446.731749] SLOW spr round 8 (radius: 20)
[01:31:07 -60446.731749] SLOW spr round 9 (radius: 25)
[01:31:59 -60446.244316] SLOW spr round 10 (radius: 5)
[01:32:26 -60445.218060] SLOW spr round 11 (radius: 5)
[01:32:51 -60445.216776] SLOW spr round 12 (radius: 10)
[01:33:14 -60445.216675] SLOW spr round 13 (radius: 15)
[01:33:52 -60445.216638] SLOW spr round 14 (radius: 20)
[01:34:42 -60445.216615] SLOW spr round 15 (radius: 25)
[01:35:34 -60445.216598] Model parameter optimization (eps = 0.100000)

[01:35:35] ML tree search #4, logLikelihood: -60445.197773

[01:35:35 -89602.695329] Initial branch length optimization
[01:35:35 -77674.536226] Model parameter optimization (eps = 10.000000)
[01:35:35 -77670.807703] AUTODETECT spr round 1 (radius: 5)
[01:35:50 -72547.276795] AUTODETECT spr round 2 (radius: 10)
[01:36:09 -65530.011625] AUTODETECT spr round 3 (radius: 15)
[01:36:31 -63451.769211] AUTODETECT spr round 4 (radius: 20)
[01:36:57 -62700.671381] AUTODETECT spr round 5 (radius: 25)
[01:37:26 -62314.281432] SPR radius for FAST iterations: 25 (autodetect)
[01:37:26 -62314.281432] Model parameter optimization (eps = 3.000000)
[01:37:27 -62299.800784] FAST spr round 1 (radius: 25)
[01:38:02 -60770.410564] FAST spr round 2 (radius: 25)
[01:38:28 -60600.014042] FAST spr round 3 (radius: 25)
[01:38:50 -60546.996487] FAST spr round 4 (radius: 25)
[01:39:08 -60543.636557] FAST spr round 5 (radius: 25)
[01:39:26 -60542.641237] FAST spr round 6 (radius: 25)
[01:39:43 -60533.412891] FAST spr round 7 (radius: 25)
[01:40:01 -60532.837341] FAST spr round 8 (radius: 25)
[01:40:18 -60532.262824] FAST spr round 9 (radius: 25)
[01:40:35 -60532.088412] FAST spr round 10 (radius: 25)
[01:40:52 -60531.913927] FAST spr round 11 (radius: 25)
[01:41:09 -60531.768706] FAST spr round 12 (radius: 25)
[01:41:26 -60531.634572] FAST spr round 13 (radius: 25)
[01:41:43 -60531.571368] Model parameter optimization (eps = 1.000000)
[01:41:44 -60531.396316] SLOW spr round 1 (radius: 5)
[01:42:09 -60525.680619] SLOW spr round 2 (radius: 5)
[01:42:33 -60523.094639] SLOW spr round 3 (radius: 5)
[01:42:57 -60521.923787] SLOW spr round 4 (radius: 5)
[01:43:19 -60521.284965] SLOW spr round 5 (radius: 5)
[01:43:41 -60521.284505] SLOW spr round 6 (radius: 10)
[01:44:03 -60520.911297] SLOW spr round 7 (radius: 5)
[01:44:31 -60517.479854] SLOW spr round 8 (radius: 5)
[01:44:56 -60517.402165] SLOW spr round 9 (radius: 10)
[01:45:19 -60517.080137] SLOW spr round 10 (radius: 5)
[01:45:46 -60514.027293] SLOW spr round 11 (radius: 5)
[01:46:10 -60509.271416] SLOW spr round 12 (radius: 5)
[01:46:33 -60506.395119] SLOW spr round 13 (radius: 5)
[01:46:55 -60506.395099] SLOW spr round 14 (radius: 10)
[01:47:17 -60506.198997] SLOW spr round 15 (radius: 5)
[01:47:44 -60506.198742] SLOW spr round 16 (radius: 10)
[01:48:09 -60506.048156] SLOW spr round 17 (radius: 5)
[01:48:36 -60505.477982] SLOW spr round 18 (radius: 5)
[01:49:00 -60505.477909] SLOW spr round 19 (radius: 10)
[01:49:22 -60504.991729] SLOW spr round 20 (radius: 5)
[01:49:50 -60503.931500] SLOW spr round 21 (radius: 5)
[01:50:14 -60503.931324] SLOW spr round 22 (radius: 10)
[01:50:36 -60503.931321] SLOW spr round 23 (radius: 15)
[01:51:15 -60502.421892] SLOW spr round 24 (radius: 5)
[01:51:43 -60502.421835] SLOW spr round 25 (radius: 10)
[01:52:08 -60502.036445] SLOW spr round 26 (radius: 5)
[01:52:35 -60502.035804] SLOW spr round 27 (radius: 10)
[01:52:59 -60502.035714] SLOW spr round 28 (radius: 15)
[01:53:36 -60502.035696] SLOW spr round 29 (radius: 20)
[01:54:24 -60502.035692] SLOW spr round 30 (radius: 25)
[01:55:09 -60500.388938] SLOW spr round 31 (radius: 5)
[01:55:38 -60499.933347] SLOW spr round 32 (radius: 5)
[01:56:03 -60499.932247] SLOW spr round 33 (radius: 10)
[01:56:26 -60499.932148] SLOW spr round 34 (radius: 15)
[01:57:03 -60499.932134] SLOW spr round 35 (radius: 20)
[01:57:50 -60499.932131] SLOW spr round 36 (radius: 25)
[01:58:36 -60499.932131] Model parameter optimization (eps = 0.100000)

[01:58:36] ML tree search #5, logLikelihood: -60499.931783

[01:58:36 -90057.371508] Initial branch length optimization
[01:58:36 -77762.331769] Model parameter optimization (eps = 10.000000)
[01:58:37 -77756.123523] AUTODETECT spr round 1 (radius: 5)
[01:58:51 -72802.273919] AUTODETECT spr round 2 (radius: 10)
[01:59:10 -67410.724210] AUTODETECT spr round 3 (radius: 15)
[01:59:36 -63568.602720] AUTODETECT spr round 4 (radius: 20)
[02:00:05 -62646.872069] AUTODETECT spr round 5 (radius: 25)
[02:00:35 -62513.440539] SPR radius for FAST iterations: 25 (autodetect)
[02:00:35 -62513.440539] Model parameter optimization (eps = 3.000000)
[02:00:36 -62488.266675] FAST spr round 1 (radius: 25)
[02:01:12 -60711.193632] FAST spr round 2 (radius: 25)
[02:01:37 -60539.758433] FAST spr round 3 (radius: 25)
[02:01:59 -60510.101099] FAST spr round 4 (radius: 25)
[02:02:18 -60496.563316] FAST spr round 5 (radius: 25)
[02:02:35 -60487.239370] FAST spr round 6 (radius: 25)
[02:02:53 -60470.231937] FAST spr round 7 (radius: 25)
[02:03:10 -60463.053350] FAST spr round 8 (radius: 25)
[02:03:27 -60462.342195] FAST spr round 9 (radius: 25)
[02:03:44 -60461.688045] FAST spr round 10 (radius: 25)
[02:04:01 -60461.219789] FAST spr round 11 (radius: 25)
[02:04:18 -60460.770394] FAST spr round 12 (radius: 25)
[02:04:35 -60460.538277] FAST spr round 13 (radius: 25)
[02:04:52 -60460.400751] FAST spr round 14 (radius: 25)
[02:05:09 -60459.332395] FAST spr round 15 (radius: 25)
[02:05:27 -60452.588129] FAST spr round 16 (radius: 25)
[02:05:44 -60451.278179] FAST spr round 17 (radius: 25)
[02:06:01 -60450.344776] FAST spr round 18 (radius: 25)
[02:06:18 -60450.255623] Model parameter optimization (eps = 1.000000)
[02:06:18 -60450.255562] SLOW spr round 1 (radius: 5)
[02:06:42 -60444.060253] SLOW spr round 2 (radius: 5)
[02:07:06 -60440.384103] SLOW spr round 3 (radius: 5)
[02:07:28 -60440.382380] SLOW spr round 4 (radius: 10)
[02:07:51 -60440.206838] SLOW spr round 5 (radius: 5)
[02:08:19 -60435.389602] SLOW spr round 6 (radius: 5)
[02:08:44 -60434.835989] SLOW spr round 7 (radius: 5)
[02:09:07 -60434.835556] SLOW spr round 8 (radius: 10)
[02:09:29 -60434.835547] SLOW spr round 9 (radius: 15)
[02:10:09 -60433.845913] SLOW spr round 10 (radius: 5)
[02:10:37 -60433.844403] SLOW spr round 11 (radius: 10)
[02:11:02 -60433.844210] SLOW spr round 12 (radius: 15)
[02:11:38 -60433.819868] SLOW spr round 13 (radius: 20)
[02:12:28 -60433.752767] SLOW spr round 14 (radius: 25)
[02:13:21 -60433.744463] Model parameter optimization (eps = 0.100000)

[02:13:21] ML tree search #6, logLikelihood: -60433.729424

[02:13:21 -89578.917501] Initial branch length optimization
[02:13:21 -77732.252523] Model parameter optimization (eps = 10.000000)
[02:13:22 -77730.526372] AUTODETECT spr round 1 (radius: 5)
[02:13:36 -72780.593600] AUTODETECT spr round 2 (radius: 10)
[02:13:55 -66491.029071] AUTODETECT spr round 3 (radius: 15)
[02:14:20 -63108.990154] AUTODETECT spr round 4 (radius: 20)
[02:14:47 -62453.466145] AUTODETECT spr round 5 (radius: 25)
[02:15:15 -62412.563432] SPR radius for FAST iterations: 25 (autodetect)
[02:15:15 -62412.563432] Model parameter optimization (eps = 3.000000)
[02:15:15 -62401.004277] FAST spr round 1 (radius: 25)
[02:15:51 -60719.452290] FAST spr round 2 (radius: 25)
[02:16:16 -60540.142339] FAST spr round 3 (radius: 25)
[02:16:37 -60501.176727] FAST spr round 4 (radius: 25)
[02:16:56 -60497.443386] FAST spr round 5 (radius: 25)
[02:17:13 -60495.611666] FAST spr round 6 (radius: 25)
[02:17:30 -60494.704233] FAST spr round 7 (radius: 25)
[02:17:47 -60494.228621] FAST spr round 8 (radius: 25)
[02:18:04 -60493.462996] FAST spr round 9 (radius: 25)
[02:18:20 -60493.200998] FAST spr round 10 (radius: 25)
[02:18:37 -60491.501573] FAST spr round 11 (radius: 25)
[02:18:53 -60491.092633] FAST spr round 12 (radius: 25)
[02:19:10 -60490.508476] FAST spr round 13 (radius: 25)
[02:19:27 -60490.327947] FAST spr round 14 (radius: 25)
[02:19:43 -60490.172973] FAST spr round 15 (radius: 25)
[02:20:00 -60490.006992] FAST spr round 16 (radius: 25)
[02:20:17 -60486.177669] FAST spr round 17 (radius: 25)
[02:20:34 -60479.388267] FAST spr round 18 (radius: 25)
[02:20:50 -60469.761728] FAST spr round 19 (radius: 25)
[02:21:07 -60468.555210] FAST spr round 20 (radius: 25)
[02:21:23 -60468.299807] FAST spr round 21 (radius: 25)
[02:21:40 -60466.548119] FAST spr round 22 (radius: 25)
[02:21:57 -60466.399557] FAST spr round 23 (radius: 25)
[02:22:14 -60466.292290] FAST spr round 24 (radius: 25)
[02:22:31 -60466.235868] Model parameter optimization (eps = 1.000000)
[02:22:31 -60466.195276] SLOW spr round 1 (radius: 5)
[02:22:55 -60458.464554] SLOW spr round 2 (radius: 5)
[02:23:18 -60452.413678] SLOW spr round 3 (radius: 5)
[02:23:40 -60452.413479] SLOW spr round 4 (radius: 10)
[02:24:01 -60450.737436] SLOW spr round 5 (radius: 5)
[02:24:28 -60450.041967] SLOW spr round 6 (radius: 5)
[02:24:52 -60450.041443] SLOW spr round 7 (radius: 10)
[02:25:14 -60449.059143] SLOW spr round 8 (radius: 5)
[02:25:42 -60445.208015] SLOW spr round 9 (radius: 5)
[02:26:06 -60445.207990] SLOW spr round 10 (radius: 10)
[02:26:28 -60445.207989] SLOW spr round 11 (radius: 15)
[02:27:07 -60444.877274] SLOW spr round 12 (radius: 5)
[02:27:35 -60442.340707] SLOW spr round 13 (radius: 5)
[02:27:59 -60442.339017] SLOW spr round 14 (radius: 10)
[02:28:22 -60442.338907] SLOW spr round 15 (radius: 15)
[02:29:01 -60442.338900] SLOW spr round 16 (radius: 20)
[02:29:51 -60434.141919] SLOW spr round 17 (radius: 5)
[02:30:19 -60434.140389] SLOW spr round 18 (radius: 10)
[02:30:45 -60434.140277] SLOW spr round 19 (radius: 15)
[02:31:21 -60434.140267] SLOW spr round 20 (radius: 20)
[02:32:11 -60434.140266] SLOW spr round 21 (radius: 25)
[02:33:05 -60429.985190] SLOW spr round 22 (radius: 5)
[02:33:33 -60422.733439] SLOW spr round 23 (radius: 5)
[02:33:57 -60422.733348] SLOW spr round 24 (radius: 10)
[02:34:19 -60422.733348] SLOW spr round 25 (radius: 15)
[02:34:57 -60422.733348] SLOW spr round 26 (radius: 20)
[02:35:46 -60422.733348] SLOW spr round 27 (radius: 25)
[02:36:40 -60422.733348] Model parameter optimization (eps = 0.100000)

[02:36:41] ML tree search #7, logLikelihood: -60422.722821

[02:36:41 -89896.861475] Initial branch length optimization
[02:36:41 -77699.912377] Model parameter optimization (eps = 10.000000)
[02:36:41 -77696.728053] AUTODETECT spr round 1 (radius: 5)
[02:36:56 -71828.246426] AUTODETECT spr round 2 (radius: 10)
[02:37:15 -66865.776768] AUTODETECT spr round 3 (radius: 15)
[02:37:41 -64246.935669] AUTODETECT spr round 4 (radius: 20)
[02:38:20 -62914.186957] AUTODETECT spr round 5 (radius: 25)
[02:38:59 -62787.706312] SPR radius for FAST iterations: 25 (autodetect)
[02:38:59 -62787.706312] Model parameter optimization (eps = 3.000000)
[02:38:59 -62768.669166] FAST spr round 1 (radius: 25)
[02:39:41 -60625.932563] FAST spr round 2 (radius: 25)
[02:40:07 -60497.218147] FAST spr round 3 (radius: 25)
[02:40:29 -60457.278456] FAST spr round 4 (radius: 25)
[02:40:48 -60444.362470] FAST spr round 5 (radius: 25)
[02:41:06 -60442.973699] FAST spr round 6 (radius: 25)
[02:41:23 -60441.537061] FAST spr round 7 (radius: 25)
[02:41:40 -60441.146817] FAST spr round 8 (radius: 25)
[02:41:56 -60440.933629] FAST spr round 9 (radius: 25)
[02:42:13 -60440.777927] FAST spr round 10 (radius: 25)
[02:42:30 -60440.626987] FAST spr round 11 (radius: 25)
[02:42:46 -60440.521820] FAST spr round 12 (radius: 25)
[02:43:03 -60440.423155] Model parameter optimization (eps = 1.000000)
[02:43:03 -60440.280548] SLOW spr round 1 (radius: 5)
[02:43:28 -60434.701434] SLOW spr round 2 (radius: 5)
[02:43:51 -60429.974845] SLOW spr round 3 (radius: 5)
[02:44:13 -60427.873765] SLOW spr round 4 (radius: 5)
[02:44:35 -60427.018855] SLOW spr round 5 (radius: 5)
[02:44:57 -60427.017792] SLOW spr round 6 (radius: 10)
[02:45:18 -60424.908725] SLOW spr round 7 (radius: 5)
[02:45:46 -60422.112082] SLOW spr round 8 (radius: 5)
[02:46:09 -60422.111397] SLOW spr round 9 (radius: 10)
[02:46:32 -60420.755798] SLOW spr round 10 (radius: 5)
[02:46:59 -60414.108054] SLOW spr round 11 (radius: 5)
[02:47:23 -60413.741418] SLOW spr round 12 (radius: 5)
[02:47:46 -60413.741230] SLOW spr round 13 (radius: 10)
[02:48:08 -60413.284036] SLOW spr round 14 (radius: 5)
[02:48:34 -60412.862069] SLOW spr round 15 (radius: 5)
[02:48:58 -60412.861844] SLOW spr round 16 (radius: 10)
[02:49:20 -60412.017954] SLOW spr round 17 (radius: 5)
[02:49:47 -60405.662729] SLOW spr round 18 (radius: 5)
[02:50:10 -60405.662367] SLOW spr round 19 (radius: 10)
[02:50:33 -60405.033960] SLOW spr round 20 (radius: 5)
[02:51:01 -60402.385074] SLOW spr round 21 (radius: 5)
[02:51:25 -60402.384955] SLOW spr round 22 (radius: 10)
[02:51:47 -60402.104878] SLOW spr round 23 (radius: 5)
[02:52:14 -60402.104108] SLOW spr round 24 (radius: 10)
[02:52:38 -60402.104078] SLOW spr round 25 (radius: 15)
[02:53:17 -60400.231925] SLOW spr round 26 (radius: 5)
[02:53:44 -60398.103093] SLOW spr round 27 (radius: 5)
[02:54:09 -60396.066095] SLOW spr round 28 (radius: 5)
[02:54:33 -60395.853662] SLOW spr round 29 (radius: 5)
[02:54:55 -60395.853376] SLOW spr round 30 (radius: 10)
[02:55:17 -60395.691013] SLOW spr round 31 (radius: 5)
[02:55:45 -60395.166542] SLOW spr round 32 (radius: 5)
[02:56:09 -60395.166266] SLOW spr round 33 (radius: 10)
[02:56:32 -60395.166025] SLOW spr round 34 (radius: 15)
[02:57:13 -60395.165783] SLOW spr round 35 (radius: 20)
[02:58:09 -60393.376111] SLOW spr round 36 (radius: 5)
[02:58:36 -60393.324770] SLOW spr round 37 (radius: 10)
[02:59:01 -60393.323800] SLOW spr round 38 (radius: 15)
[02:59:40 -60393.323546] SLOW spr round 39 (radius: 20)
[03:00:35 -60393.323301] SLOW spr round 40 (radius: 25)
[03:01:33 -60392.345946] SLOW spr round 41 (radius: 5)
[03:02:02 -60392.345517] SLOW spr round 42 (radius: 10)
[03:02:27 -60392.112056] SLOW spr round 43 (radius: 5)
[03:02:54 -60391.947941] SLOW spr round 44 (radius: 5)
[03:03:17 -60391.947616] SLOW spr round 45 (radius: 10)
[03:03:39 -60391.947609] SLOW spr round 46 (radius: 15)
[03:04:21 -60391.947609] SLOW spr round 47 (radius: 20)
[03:05:16 -60391.947609] SLOW spr round 48 (radius: 25)
[03:06:14 -60391.290819] SLOW spr round 49 (radius: 5)
[03:06:41 -60391.290507] SLOW spr round 50 (radius: 10)
[03:07:06 -60391.290500] SLOW spr round 51 (radius: 15)
[03:07:45 -60391.290500] SLOW spr round 52 (radius: 20)
[03:08:41 -60391.290500] SLOW spr round 53 (radius: 25)
[03:09:39 -60390.888726] SLOW spr round 54 (radius: 5)
[03:10:06 -60390.592189] SLOW spr round 55 (radius: 5)
[03:10:30 -60390.592123] SLOW spr round 56 (radius: 10)
[03:10:52 -60390.592121] SLOW spr round 57 (radius: 15)
[03:11:33 -60390.592121] SLOW spr round 58 (radius: 20)
[03:12:27 -60390.592121] SLOW spr round 59 (radius: 25)
[03:13:25 -60390.592121] Model parameter optimization (eps = 0.100000)

[03:13:25] ML tree search #8, logLikelihood: -60390.592121

[03:13:25 -89908.086615] Initial branch length optimization
[03:13:26 -77857.021367] Model parameter optimization (eps = 10.000000)
[03:13:26 -77854.451008] AUTODETECT spr round 1 (radius: 5)
[03:13:41 -72842.412003] AUTODETECT spr round 2 (radius: 10)
[03:13:59 -65990.893149] AUTODETECT spr round 3 (radius: 15)
[03:14:23 -64144.104640] AUTODETECT spr round 4 (radius: 20)
[03:14:52 -63428.757663] AUTODETECT spr round 5 (radius: 25)
[03:15:23 -63354.884381] SPR radius for FAST iterations: 25 (autodetect)
[03:15:23 -63354.884381] Model parameter optimization (eps = 3.000000)
[03:15:23 -63336.594575] FAST spr round 1 (radius: 25)
[03:15:59 -60772.679558] FAST spr round 2 (radius: 25)
[03:16:25 -60513.665200] FAST spr round 3 (radius: 25)
[03:16:46 -60481.239953] FAST spr round 4 (radius: 25)
[03:17:05 -60466.624546] FAST spr round 5 (radius: 25)
[03:17:22 -60459.748385] FAST spr round 6 (radius: 25)
[03:17:39 -60456.363434] FAST spr round 7 (radius: 25)
[03:17:56 -60454.444673] FAST spr round 8 (radius: 25)
[03:18:13 -60451.709371] FAST spr round 9 (radius: 25)
[03:18:30 -60451.117917] FAST spr round 10 (radius: 25)
[03:18:46 -60450.407049] FAST spr round 11 (radius: 25)
[03:19:03 -60450.266421] FAST spr round 12 (radius: 25)
[03:19:19 -60450.176235] Model parameter optimization (eps = 1.000000)
[03:19:20 -60450.044712] SLOW spr round 1 (radius: 5)
[03:19:44 -60438.299822] SLOW spr round 2 (radius: 5)
[03:20:07 -60431.210184] SLOW spr round 3 (radius: 5)
[03:20:29 -60431.178985] SLOW spr round 4 (radius: 10)
[03:20:50 -60430.134998] SLOW spr round 5 (radius: 5)
[03:21:17 -60420.996016] SLOW spr round 6 (radius: 5)
[03:21:42 -60419.354311] SLOW spr round 7 (radius: 5)
[03:22:04 -60419.330131] SLOW spr round 8 (radius: 10)
[03:22:26 -60419.329373] SLOW spr round 9 (radius: 15)
[03:23:09 -60419.117006] SLOW spr round 10 (radius: 5)
[03:23:35 -60419.116910] SLOW spr round 11 (radius: 10)
[03:24:00 -60419.116908] SLOW spr round 12 (radius: 15)
[03:24:38 -60419.116908] SLOW spr round 13 (radius: 20)
[03:25:27 -60418.236392] SLOW spr round 14 (radius: 5)
[03:25:54 -60418.234763] SLOW spr round 15 (radius: 10)
[03:26:18 -60418.234374] SLOW spr round 16 (radius: 15)
[03:26:56 -60418.234281] SLOW spr round 17 (radius: 20)
[03:27:44 -60418.167928] SLOW spr round 18 (radius: 25)
[03:28:35 -60418.167876] Model parameter optimization (eps = 0.100000)

[03:28:36] ML tree search #9, logLikelihood: -60418.155146

[03:28:36 -89885.035792] Initial branch length optimization
[03:28:36 -77776.822079] Model parameter optimization (eps = 10.000000)
[03:28:37 -77773.174068] AUTODETECT spr round 1 (radius: 5)
[03:28:51 -73035.062480] AUTODETECT spr round 2 (radius: 10)
[03:29:09 -66728.327076] AUTODETECT spr round 3 (radius: 15)
[03:29:32 -63692.941395] AUTODETECT spr round 4 (radius: 20)
[03:29:58 -63178.526139] AUTODETECT spr round 5 (radius: 25)
[03:30:28 -63010.444002] SPR radius for FAST iterations: 25 (autodetect)
[03:30:28 -63010.444002] Model parameter optimization (eps = 3.000000)
[03:30:28 -62991.175374] FAST spr round 1 (radius: 25)
[03:31:04 -60794.663337] FAST spr round 2 (radius: 25)
[03:31:28 -60600.249124] FAST spr round 3 (radius: 25)
[03:31:48 -60584.558726] FAST spr round 4 (radius: 25)
[03:32:06 -60575.281908] FAST spr round 5 (radius: 25)
[03:32:23 -60573.674659] FAST spr round 6 (radius: 25)
[03:32:40 -60571.822603] FAST spr round 7 (radius: 25)
[03:32:56 -60570.897648] FAST spr round 8 (radius: 25)
[03:33:13 -60570.293996] FAST spr round 9 (radius: 25)
[03:33:28 -60569.830167] FAST spr round 10 (radius: 25)
[03:33:44 -60567.939759] FAST spr round 11 (radius: 25)
[03:34:00 -60565.454406] FAST spr round 12 (radius: 25)
[03:34:15 -60561.345977] FAST spr round 13 (radius: 25)
[03:34:32 -60558.400998] FAST spr round 14 (radius: 25)
[03:34:48 -60557.469413] FAST spr round 15 (radius: 25)
[03:35:04 -60557.164848] FAST spr round 16 (radius: 25)
[03:35:20 -60556.886242] FAST spr round 17 (radius: 25)
[03:35:36 -60556.666588] FAST spr round 18 (radius: 25)
[03:35:52 -60556.550373] FAST spr round 19 (radius: 25)
[03:36:08 -60554.562451] FAST spr round 20 (radius: 25)
[03:36:24 -60554.437781] FAST spr round 21 (radius: 25)
[03:36:40 -60554.320516] FAST spr round 22 (radius: 25)
[03:36:56 -60554.254528] Model parameter optimization (eps = 1.000000)
[03:36:56 -60554.252798] SLOW spr round 1 (radius: 5)
[03:37:19 -60551.711367] SLOW spr round 2 (radius: 5)
[03:37:42 -60547.092558] SLOW spr round 3 (radius: 5)
[03:38:04 -60547.092324] SLOW spr round 4 (radius: 10)
[03:38:25 -60540.966074] SLOW spr round 5 (radius: 5)
[03:38:52 -60529.952516] SLOW spr round 6 (radius: 5)
[03:39:16 -60529.950493] SLOW spr round 7 (radius: 10)
[03:39:38 -60528.905278] SLOW spr round 8 (radius: 5)
[03:40:04 -60528.905137] SLOW spr round 9 (radius: 10)
[03:40:28 -60528.453596] SLOW spr round 10 (radius: 5)
[03:40:53 -60528.453194] SLOW spr round 11 (radius: 10)
[03:41:17 -60528.453177] SLOW spr round 12 (radius: 15)
[03:41:51 -60527.636748] SLOW spr round 13 (radius: 5)
[03:42:18 -60522.155350] SLOW spr round 14 (radius: 5)
[03:42:43 -60519.836035] SLOW spr round 15 (radius: 5)
[03:43:05 -60519.794646] SLOW spr round 16 (radius: 10)
[03:43:26 -60519.794121] SLOW spr round 17 (radius: 15)
[03:44:03 -60519.794112] SLOW spr round 18 (radius: 20)
[03:44:55 -60519.794111] SLOW spr round 19 (radius: 25)
[03:45:56 -60486.262469] SLOW spr round 20 (radius: 5)
[03:46:24 -60481.876616] SLOW spr round 21 (radius: 5)
[03:46:48 -60481.876296] SLOW spr round 22 (radius: 10)
[03:47:10 -60480.715050] SLOW spr round 23 (radius: 5)
[03:47:35 -60480.622604] SLOW spr round 24 (radius: 10)
[03:47:59 -60480.622033] SLOW spr round 25 (radius: 15)
[03:48:34 -60478.531888] SLOW spr round 26 (radius: 5)
[03:49:01 -60478.406857] SLOW spr round 27 (radius: 5)
[03:49:25 -60478.343374] SLOW spr round 28 (radius: 10)
[03:49:47 -60478.342836] SLOW spr round 29 (radius: 15)
[03:50:24 -60478.342578] SLOW spr round 30 (radius: 20)
[03:51:18 -60478.342332] SLOW spr round 31 (radius: 25)
[03:52:19 -60478.342086] Model parameter optimization (eps = 0.100000)

[03:52:20] ML tree search #10, logLikelihood: -60478.310791


Optimized model parameters:

   Partition 0: noname
   Rate heterogeneity: GAMMA (4 cats, mean),  alpha: 1.139276 (ML),  weights&rates: (0.250000,0.163876) (0.250000,0.514954) (0.250000,1.019724) (0.250000,2.301446) 
   Base frequencies (empirical): 0.072021 0.042059 0.055341 0.069550 0.017143 0.052046 0.086023 0.036602 0.022162 0.031892 0.103784 0.057838 0.041699 0.034929 0.054157 0.041004 0.046435 0.042136 0.058662 0.034517 
   Substitution rates (model): 0.425093 0.276818 0.395144 2.489084 0.969894 1.038545 2.066040 0.358858 0.149830 0.395337 0.536518 1.124035 0.253701 1.177651 4.727182 2.139501 0.180717 0.218959 2.547870 0.751878 0.123954 0.534551 2.807908 0.363970 0.390192 2.426601 0.126991 0.301848 6.326067 0.484133 0.052722 0.332533 0.858151 0.578987 0.593607 0.314440 0.170887 5.076149 0.528768 1.695752 0.541712 1.437645 4.509238 0.191503 0.068427 2.145078 0.371004 0.089525 0.161787 4.008358 2.000679 0.045376 0.612025 0.083688 0.062556 0.523386 5.243870 0.844926 0.927114 0.010690 0.015076 0.282959 0.025548 0.017416 0.394456 1.240275 0.425860 0.029890 0.135107 0.037967 0.084808 0.003499 0.569265 0.640543 0.320627 0.594007 0.013266 0.893680 1.105251 0.075382 2.784478 1.143480 0.670128 1.165532 1.959291 4.128591 0.267959 4.813505 0.072854 0.582457 3.234294 1.672569 0.035855 0.624294 1.223828 1.080136 0.236199 0.257336 0.210332 0.348847 0.423881 0.044265 0.069673 1.807177 0.173735 0.018811 0.419409 0.611973 0.604545 0.077852 0.120037 0.245034 0.311484 0.008705 0.044261 0.296636 0.139538 0.089586 0.196961 1.739990 0.129836 0.268491 0.054679 0.076701 0.108882 0.366317 0.697264 0.442472 0.682139 0.508851 0.990012 0.584262 0.597054 5.306834 0.119013 4.145067 0.159069 4.273607 1.112727 0.078281 0.064105 1.033739 0.111660 0.232523 10.649107 0.137500 6.312358 2.592692 0.249060 0.182287 0.302936 0.619632 0.299648 1.702745 0.656604 0.023918 0.390322 0.748683 1.136863 0.049906 0.131932 0.185202 1.798853 0.099849 0.346960 2.020366 0.696175 0.481306 1.898718 0.094464 0.361819 0.165001 2.457121 7.803902 0.654683 1.338132 0.571468 0.095131 0.089613 0.296501 6.472279 0.248862 0.400547 0.098369 0.140825 0.245841 2.188158 3.151815 0.189510 0.249313 


Final LogLikelihood: -60390.592121

AIC score: 122687.184242 / AICc score: 1941011.184242 / BIC score: 125048.086226
Free parameters (model + branch lengths): 953

WARNING: Number of free parameters (K=953) is larger than alignment size (n=88).
         This might lead to overfitting and compromise tree inference results!


Best ML tree saved to: /geode2/home/u020/danschw/Carbonate/GitHub/spore_amg/metaG/data/coat/align-trim-tree/tree/ml_search/rand-453.raxml.bestTree
All ML trees saved to: /geode2/home/u020/danschw/Carbonate/GitHub/spore_amg/metaG/data/coat/align-trim-tree/tree/ml_search/rand-453.raxml.mlTrees
Optimized model saved to: /geode2/home/u020/danschw/Carbonate/GitHub/spore_amg/metaG/data/coat/align-trim-tree/tree/ml_search/rand-453.raxml.bestModel

Execution log saved to: /geode2/home/u020/danschw/Carbonate/GitHub/spore_amg/metaG/data/coat/align-trim-tree/tree/ml_search/rand-453.raxml.log

Analysis started: 02-Feb-2022 01:15:43 / finished: 02-Feb-2022 05:08:03

Elapsed time: 13940.114 seconds

