
RAxML-NG v. 0.9.0git released on 24.05.2019 by The Exelixis Lab.
Developed by: Alexey M. Kozlov and Alexandros Stamatakis.
Contributors: Diego Darriba, Tomas Flouri, Benoit Morel, Sarah Lutteropp, Ben Bettisworth.
Latest version: https://github.com/amkozlov/raxml-ng
Questions/problems/suggestions? Please visit: https://groups.google.com/forum/#!forum/raxml

RAxML-NG was called at 12-Oct-2022 13:06:54 as follows:

raxml-ng --bootstrap --msa /N/u/danschw/Carbonate/GitHub/spore_amg/genes_of_interest/spo0A/data/align-trim-tree/check_msa/parse-msa.raxml.rba --model LG+G4 --prefix /N/u/danschw/Carbonate/GitHub/spore_amg/genes_of_interest/spo0A/data/align-trim-tree/tree/bootstraps/bs5 --seed 555 --threads 2 --tree pars{5} --bs-trees 5

Analysis options:
  run mode: Bootstrapping
  start tree(s): parsimony (5)
  bootstrap replicates: 5
  random seed: 555
  tip-inner: OFF
  pattern compression: ON
  per-rate scalers: OFF
  site repeats: ON
  branch lengths: proportional (ML estimate, algorithm: NR-FAST)
  SIMD kernels: AVX2
  parallelization: PTHREADS (2 threads), thread pinning: OFF

WARNING: The model you specified on the command line (LG+G4) will be ignored 
         since the binary MSA file already contains a model definition.
         If you want to change the model, please re-run RAxML-NG 
         with the original PHYLIP/FASTA alignment and --redo option.

[00:02:37] Loading binary alignment from file: /N/u/danschw/Carbonate/GitHub/spore_amg/genes_of_interest/spo0A/data/align-trim-tree/check_msa/parse-msa.raxml.rba
[00:02:37] Alignment comprises 176 taxa, 1 partitions and 105 patterns

Partition 0: noname
Model: LG+G4m
Alignment sites / patterns: 105 / 105
Gaps: 2.69 %
Invariant sites: 0.95 %


[00:02:37] Data distribution: max. partitions/sites/weight per thread: 1 / 53 / 4240
[00:02:37] Starting bootstrapping analysis with 5 replicates.

[00:06:57] Bootstrap tree #1, logLikelihood: -20783.998396
[00:11:32] Bootstrap tree #2, logLikelihood: -22598.634009
[00:18:17] Bootstrap tree #3, logLikelihood: -23782.686922
[00:24:22] Bootstrap tree #4, logLikelihood: -21529.003816
[00:27:27] Bootstrap tree #5, logLikelihood: -21688.632979

Bootstrap trees saved to: /geode2/home/u020/danschw/Carbonate/GitHub/spore_amg/genes_of_interest/spo0A/data/align-trim-tree/tree/bootstraps/bs5.raxml.bootstraps

Execution log saved to: /geode2/home/u020/danschw/Carbonate/GitHub/spore_amg/genes_of_interest/spo0A/data/align-trim-tree/tree/bootstraps/bs5.raxml.log

Analysis started: 12-Oct-2022 13:06:54 / finished: 12-Oct-2022 13:34:22

Elapsed time: 1647.575 seconds

