
RAxML-NG v. 0.9.0git released on 24.05.2019 by The Exelixis Lab.
Developed by: Alexey M. Kozlov and Alexandros Stamatakis.
Contributors: Diego Darriba, Tomas Flouri, Benoit Morel, Sarah Lutteropp, Ben Bettisworth.
Latest version: https://github.com/amkozlov/raxml-ng
Questions/problems/suggestions? Please visit: https://groups.google.com/forum/#!forum/raxml

RAxML-NG was called at 12-Oct-2022 16:14:04 as follows:

raxml-ng --bsconverge --bs-trees allbootstraps --prefix check_bs_conv --seed 123 --threads 4 --bs-cutoff 0.03

Analysis options:
  run mode: A posteriori bootstrap convergence test
  start tree(s): 
  random seed: 123
  SIMD kernels: AVX2
  parallelization: PTHREADS (4 threads), thread pinning: OFF

Reading bootstrap trees from file: allbootstraps
Loaded 1000 trees with 176 taxa.

Performing bootstrap convergence assessment using autoMRE criterion

 # trees        avg WRF       avg WRF in %       # perms: wrf <= 3.00 %     converged?  
      50        628.896              8.814                            0        NO
     100        894.277              6.074                            0        NO
     150       1125.768              5.017                            0        NO
     200       1411.959              4.675                            0        NO
     250       1494.115              3.946                           11        NO
     300       1678.752              3.657                           56        NO
     350       1857.017              3.458                          145        NO
     400       1917.756              3.118                          386        NO
     450       2068.734              2.972                          536        NO
     500       2255.934              2.908                          599        NO
     550       2442.367              2.857                          655        NO
     600       2481.395              2.657                          838        NO
     650       2478.402              2.447                          927        NO
     700       2558.851              2.345                          957        NO
     750       2604.809              2.219                          984        NO
     800       2788.705              2.227                          985        NO
     850       2868.242              2.154                          998        YES
Bootstopping test converged after 850 trees


Execution log saved to: /geode2/home/u020/danschw/Carbonate/GitHub/spore_amg/genes_of_interest/spo0A/data/align-trim-tree/tree/bootstraps/check_bs_conv.raxml.log

Analysis started: 12-Oct-2022 16:14:04 / finished: 12-Oct-2022 16:22:39

Elapsed time: 515.220 seconds

