Flex 2.6.4 loaded.
cmake version 3.18.4 loaded.
raxmlng version 0.9.0-pthreads loaded.

RAxML-NG v. 0.9.0git released on 24.05.2019 by The Exelixis Lab.
Developed by: Alexey M. Kozlov and Alexandros Stamatakis.
Contributors: Diego Darriba, Tomas Flouri, Benoit Morel, Sarah Lutteropp, Ben Bettisworth.
Latest version: https://github.com/amkozlov/raxml-ng
Questions/problems/suggestions? Please visit: https://groups.google.com/forum/#!forum/raxml

RAxML-NG was called at 12-Oct-2022 14:22:05 as follows:

raxml-ng --bootstrap --msa /N/u/danschw/Carbonate/GitHub/spore_amg/genes_of_interest/spo0A/data/align-trim-tree/check_msa/parse-msa.raxml.rba --model LG+G4 --prefix /N/u/danschw/Carbonate/GitHub/spore_amg/genes_of_interest/spo0A/data/align-trim-tree/tree/bootstraps/bs34 --seed 343434 --threads 2 --tree pars{5} --bs-trees 5

Analysis options:
  run mode: Bootstrapping
  start tree(s): parsimony (5)
  bootstrap replicates: 5
  random seed: 343434
  tip-inner: OFF
  pattern compression: ON
  per-rate scalers: OFF
  site repeats: ON
  branch lengths: proportional (ML estimate, algorithm: NR-FAST)
  SIMD kernels: AVX2
  parallelization: PTHREADS (2 threads), thread pinning: OFF

WARNING: The model you specified on the command line (LG+G4) will be ignored 
         since the binary MSA file already contains a model definition.
         If you want to change the model, please re-run RAxML-NG 
         with the original PHYLIP/FASTA alignment and --redo option.

[00:00:02] Loading binary alignment from file: /N/u/danschw/Carbonate/GitHub/spore_amg/genes_of_interest/spo0A/data/align-trim-tree/check_msa/parse-msa.raxml.rba
[00:00:02] Alignment comprises 176 taxa, 1 partitions and 105 patterns

Partition 0: noname
Model: LG+G4m
Alignment sites / patterns: 105 / 105
Gaps: 2.69 %
Invariant sites: 0.95 %


[00:00:02] Data distribution: max. partitions/sites/weight per thread: 1 / 53 / 4240
[00:00:02] Starting bootstrapping analysis with 5 replicates.

[00:04:16] Bootstrap tree #1, logLikelihood: -21043.690614
[00:07:41] Bootstrap tree #2, logLikelihood: -22560.518389
[00:13:18] Bootstrap tree #3, logLikelihood: -20996.674944
[00:19:25] Bootstrap tree #4, logLikelihood: -21166.458039
[00:25:54] Bootstrap tree #5, logLikelihood: -23723.810349

Bootstrap trees saved to: /geode2/home/u020/danschw/Carbonate/GitHub/spore_amg/genes_of_interest/spo0A/data/align-trim-tree/tree/bootstraps/bs34.raxml.bootstraps

Execution log saved to: /geode2/home/u020/danschw/Carbonate/GitHub/spore_amg/genes_of_interest/spo0A/data/align-trim-tree/tree/bootstraps/bs34.raxml.log

Analysis started: 12-Oct-2022 14:22:05 / finished: 12-Oct-2022 14:48:00

Elapsed time: 1554.443 seconds

