
RAxML-NG v. 0.9.0git released on 24.05.2019 by The Exelixis Lab.
Developed by: Alexey M. Kozlov and Alexandros Stamatakis.
Contributors: Diego Darriba, Tomas Flouri, Benoit Morel, Sarah Lutteropp, Ben Bettisworth.
Latest version: https://github.com/amkozlov/raxml-ng
Questions/problems/suggestions? Please visit: https://groups.google.com/forum/#!forum/raxml

RAxML-NG was called at 02-Feb-2022 10:12:00 as follows:

raxml-ng --bootstrap --msa /N/u/danschw/Carbonate/GitHub/spore_amg/metaG/data/coat/align-trim-tree/check_msa/parse-msa.raxml.rba --model LG+G4+F --prefix /N/u/danschw/Carbonate/GitHub/spore_amg/metaG/data/coat/align-trim-tree/tree/bootstraps/bs68 --seed 686868 --threads 2 --tree pars{5} --bs-trees 5

Analysis options:
  run mode: Bootstrapping
  start tree(s): parsimony (5)
  bootstrap replicates: 5
  random seed: 686868
  tip-inner: OFF
  pattern compression: ON
  per-rate scalers: OFF
  site repeats: ON
  branch lengths: proportional (ML estimate, algorithm: NR-FAST)
  SIMD kernels: AVX2
  parallelization: PTHREADS (2 threads), thread pinning: OFF

WARNING: The model you specified on the command line (LG+G4+F) will be ignored 
         since the binary MSA file already contains a model definition.
         If you want to change the model, please re-run RAxML-NG 
         with the original PHYLIP/FASTA alignment and --redo option.

[00:00:00] Loading binary alignment from file: /N/u/danschw/Carbonate/GitHub/spore_amg/metaG/data/coat/align-trim-tree/check_msa/parse-msa.raxml.rba
[00:00:00] Alignment comprises 468 taxa, 1 partitions and 88 patterns

Partition 0: noname
Model: LG+FC+G4m
Alignment sites / patterns: 88 / 88
Gaps: 5.67 %
Invariant sites: 0.00 %


[00:00:00] Data distribution: max. partitions/sites/weight per thread: 1 / 44 / 3520
[00:00:00] Starting bootstrapping analysis with 5 replicates.

[00:43:30] Bootstrap tree #1, logLikelihood: -52605.506811
[01:14:31] Bootstrap tree #2, logLikelihood: -61577.240721
[01:57:32] Bootstrap tree #3, logLikelihood: -62266.994380
[02:35:17] Bootstrap tree #4, logLikelihood: -58018.408984
[03:12:46] Bootstrap tree #5, logLikelihood: -60982.834663

Bootstrap trees saved to: /geode2/home/u020/danschw/Carbonate/GitHub/spore_amg/metaG/data/coat/align-trim-tree/tree/bootstraps/bs68.raxml.bootstraps

Execution log saved to: /geode2/home/u020/danschw/Carbonate/GitHub/spore_amg/metaG/data/coat/align-trim-tree/tree/bootstraps/bs68.raxml.log

Analysis started: 02-Feb-2022 10:12:00 / finished: 02-Feb-2022 13:24:47

Elapsed time: 11566.983 seconds

