
RAxML-NG v. 0.9.0git released on 24.05.2019 by The Exelixis Lab.
Developed by: Alexey M. Kozlov and Alexandros Stamatakis.
Contributors: Diego Darriba, Tomas Flouri, Benoit Morel, Sarah Lutteropp, Ben Bettisworth.
Latest version: https://github.com/amkozlov/raxml-ng
Questions/problems/suggestions? Please visit: https://groups.google.com/forum/#!forum/raxml

RAxML-NG was called at 02-Feb-2022 20:30:03 as follows:

raxml-ng --bsconverge --bs-trees allbootstraps --prefix check_bs_conv --seed 123 --threads 2 --bs-cutoff 0.03

Analysis options:
  run mode: A posteriori bootstrap convergence test
  start tree(s): 
  random seed: 123
  SIMD kernels: AVX2
  parallelization: PTHREADS (2 threads), thread pinning: OFF

Reading bootstrap trees from file: allbootstraps
Loaded 1000 trees with 468 taxa.

Performing bootstrap convergence assessment using autoMRE criterion

 # trees        avg WRF       avg WRF in %       # perms: wrf <= 3.00 %     converged?  
      50       1475.979              7.734                            0        NO
     100       2052.276              5.283                            0        NO
     150       2658.549              4.517                            0        NO
     200       3041.230              3.850                            0        NO
     250       3419.942              3.433                           32        NO
     300       3799.232              3.155                          244        NO
     350       4107.924              2.912                          666        NO
     400       4209.510              2.597                          969        NO
     450       4464.744              2.444                          993        YES
Bootstopping test converged after 450 trees


Execution log saved to: /geode2/home/u020/danschw/Carbonate/GitHub/spore_amg/metaG/data/coat/align-trim-tree/tree/bootstraps/check_bs_conv.raxml.log

Analysis started: 02-Feb-2022 20:30:03 / finished: 02-Feb-2022 20:45:49

Elapsed time: 945.937 seconds

