Flex 2.6.4 loaded.
cmake version 3.18.4 loaded.
raxmlng version 0.9.0-pthreads loaded.

RAxML-NG v. 0.9.0git released on 24.05.2019 by The Exelixis Lab.
Developed by: Alexey M. Kozlov and Alexandros Stamatakis.
Contributors: Diego Darriba, Tomas Flouri, Benoit Morel, Sarah Lutteropp, Ben Bettisworth.
Latest version: https://github.com/amkozlov/raxml-ng
Questions/problems/suggestions? Please visit: https://groups.google.com/forum/#!forum/raxml

RAxML-NG was called at 01-Feb-2022 20:47:17 as follows:

raxml-ng --bootstrap --msa /N/u/danschw/Carbonate/GitHub/spore_amg/metaG/data/coat/align-trim-tree/check_msa/parse-msa.raxml.rba --model LG+G4+F --prefix /N/u/danschw/Carbonate/GitHub/spore_amg/metaG/data/coat/align-trim-tree/tree/bootstraps/bs118 --seed 118118118 --threads 2 --tree rand{5} --bs-trees 5

Analysis options:
  run mode: Bootstrapping
  start tree(s): random (5)
  bootstrap replicates: 5
  random seed: 118118118
  tip-inner: OFF
  pattern compression: ON
  per-rate scalers: OFF
  site repeats: ON
  branch lengths: proportional (ML estimate, algorithm: NR-FAST)
  SIMD kernels: AVX2
  parallelization: PTHREADS (2 threads), thread pinning: OFF

WARNING: The model you specified on the command line (LG+G4+F) will be ignored 
         since the binary MSA file already contains a model definition.
         If you want to change the model, please re-run RAxML-NG 
         with the original PHYLIP/FASTA alignment and --redo option.

[00:00:00] Loading binary alignment from file: /N/u/danschw/Carbonate/GitHub/spore_amg/metaG/data/coat/align-trim-tree/check_msa/parse-msa.raxml.rba
[00:00:00] Alignment comprises 468 taxa, 1 partitions and 88 patterns

Partition 0: noname
Model: LG+FC+G4m
Alignment sites / patterns: 88 / 88
Gaps: 5.67 %
Invariant sites: 0.00 %


[00:00:00] Data distribution: max. partitions/sites/weight per thread: 1 / 44 / 3520
[00:00:00] Starting bootstrapping analysis with 5 replicates.

[01:03:00] Bootstrap tree #1, logLikelihood: -57934.619055
[01:55:01] Bootstrap tree #2, logLikelihood: -63134.854962
[02:39:33] Bootstrap tree #3, logLikelihood: -57074.694511
[03:29:24] Bootstrap tree #4, logLikelihood: -61108.284738
[04:23:15] Bootstrap tree #5, logLikelihood: -58859.523370

Bootstrap trees saved to: /geode2/home/u020/danschw/Carbonate/GitHub/spore_amg/metaG/data/coat/align-trim-tree/tree/bootstraps/bs118.raxml.bootstraps

Execution log saved to: /geode2/home/u020/danschw/Carbonate/GitHub/spore_amg/metaG/data/coat/align-trim-tree/tree/bootstraps/bs118.raxml.log

Analysis started: 01-Feb-2022 20:47:17 / finished: 02-Feb-2022 01:10:33

Elapsed time: 15795.579 seconds

