muscle 5.1.linux64 [12f0e2] built Jan 13 2022 23:17:13
Started Thu Oct 20 21:42:54 2022
/N/u/danschw/Carbonate/my_tools/muscle5.1.linux_intel64 -efastats /N/u/danschw/Carbonate/GitHub/spore_amg/genes_of_interest/spo0A_cog/data/align-trim-tree/ensemble.efa -log /N/u/danschw/Carbonate/GitHub/spore_amg/genes_of_interest/spo0A_cog/data/align-trim-tree/efastats.log 
00:01 14Mb    100.0% Pairwise dists
  MSA     Cols     N1   N1f  Conf     CC  Name
    1      436     78  0.18  220.56  0.506  none.0
    2      425     28  0.07  222.06  0.522  abc.0
    3      427      8  0.02  225.00  0.527  acb.0
    4      420     16  0.04  221.44  0.527  bca.0
    5      442    100  0.23  205.25  0.464  none.1
    6      444      8  0.02  221.75  0.499  abc.1
    7      435     21  0.05  214.25  0.493  acb.1
    8      432     15  0.03  215.25  0.498  bca.1
    9      427     97  0.23  202.75  0.475  none.2
   10      418      7  0.02  209.88  0.502  abc.2
   11      417     14  0.03  210.19  0.504  acb.2
   12      416     18  0.04  207.75  0.499  bca.2
   13      422    164  0.39  146.62  0.347  none.3
   14      431      2  0.00  201.19  0.467  abc.3
   15      436     14  0.03  202.06  0.463  acb.3
   16      431      8  0.02  201.06  0.467  bca.3
@SUMMARY input=/N/u/danschw/Carbonate/GitHub/spore_amg/genes_of_interest/spo0A_cog/data/align-trim-tree/ensemble.efa D_LP=0.0226 D_Cols=0.4727 CC=0.4994

Finished Thu Oct 20 21:42:55 2022
Elapsed time 00:01
Max memory 14Mb
