IQ-TREE multicore version 2.1.3 COVID-edition for Linux 64-bit built Apr 21 2021
Developed by Bui Quang Minh, James Barbetti, Nguyen Lam Tung,
Olga Chernomor, Heiko Schmidt, Dominik Schrempf, Michael Woodhams.

Host:    c71 (AVX2, FMA3, 251 GB RAM)
Command: /N/u/danschw/Carbonate/my_tools/iqtree-2.1.3-Linux/bin/iqtree2 -s /N/u/danschw/Carbonate/GitHub/spore_amg/genes_of_interest/spo0A_cog/data/align-trim-tree/maxcc.afa.trim --alrt 1000 -B 1000 -T AUTO --threads-max 8
Seed:    898025 (Using SPRNG - Scalable Parallel Random Number Generator)
Time:    Fri Oct 21 15:26:26 2022
Kernel:  AVX+FMA - auto-detect threads (8 CPU cores detected)

Reading alignment file /N/u/danschw/Carbonate/GitHub/spore_amg/genes_of_interest/spo0A_cog/data/align-trim-tree/maxcc.afa.trim ... Fasta format detected
Alignment most likely contains protein sequences
Alignment has 86 sequences with 146 columns, 146 distinct patterns
121 parsimony-informative, 7 singleton sites, 18 constant sites
                                                                                               Gap/Ambiguity  Composition  p-value
   1  cog_WP_011195960.1                                                                              17.81%    failed      0.21%
   2  cog_WP_106788447.1                                                                              17.12%    passed     99.62%
   3  cog_WP_012281629.1                                                                              16.44%    passed     97.51%
   4  cog_WP_011640024.1                                                                              16.44%    passed     99.90%
   5  cog_WP_043712978.1                                                                              19.18%    passed     37.47%
   6  cog_NP_348690.1                                                                                 16.44%    passed     98.52%
   7  cog_WP_069978327.1                                                                              23.97%    failed      1.00%
   8  cog_WP_066047385.1                                                                              16.44%    passed    100.00%
   9  cog_AEJ41435.1                                                                                  17.12%    passed     98.37%
  10  cog_WP_012743490.1                                                                              21.23%    passed     59.64%
  11  cog_WP_005932794.1                                                                              18.49%    passed     99.96%
  12  cog_NP_390302.1                                                                                 15.75%    passed     92.54%
  13  cog_WP_012657068.1                                                                              30.14%    passed     50.32%
  14  cog_WP_013781082.1                                                                              15.07%    passed     94.49%
  15  cog_WP_011917421.1                                                                              17.12%    passed     92.21%
  16  cog_WP_128743621.1                                                                              17.12%    passed     89.80%
  17  cog_WP_023467588.1                                                                              22.60%    passed     95.48%
  18  cog_WP_013778454.1                                                                              17.12%    passed     90.72%
  19  cog_WP_077325092.1                                                                              16.44%    passed     93.52%
  20  cog_WP_013497237.1                                                                              23.97%    failed      0.06%
  21  cog_WP_011025615.1                                                                              16.44%    passed     99.32%
  22  cog_YP_001087707.1                                                                              15.07%    passed     99.09%
  23  cog_WP_015358782.1                                                                              16.44%    passed     93.37%
  24  cog_WP_055243453.1                                                                              15.07%    passed     98.45%
  25  cog_WP_006830432.1                                                                              17.81%    passed     97.04%
  26  cog_WP_081462317.1                                                                              16.44%    passed     80.49%
  27  cog_WP_014183547.1                                                                              17.12%    passed     84.59%
  28  cog_WP_126309824.1                                                                              17.81%    passed     51.88%
  29  cog_WP_015925844.1                                                                              27.40%    passed      7.33%
  30  cog_WP_014823486.1                                                                              16.44%    passed     98.65%
  31  cog_WP_015739371.1                                                                              16.44%    passed     97.74%
  32  cog_WP_127016854.1                                                                              17.12%    passed     95.39%
  33  cog_WP_123040896.1                                                                              16.44%    passed     73.43%
  34  cog_WP_009265429.1                                                                              16.44%    passed     25.82%
  35  cog_WP_013495575.1                                                                              18.49%    passed     51.28%
  36  cog_WP_003511566.1                                                                              15.75%    passed     92.86%
  37  cog_WP_011344870.1                                                                              16.44%    passed     99.34%
  38  cog_WP_066052233.1                                                                              16.44%    passed     99.53%
  39  cog_WP_068138736.1                                                                              17.81%    passed     56.51%
  40  cog_WP_015326268.1                                                                              16.44%    passed     96.80%
  41  cog_WP_012448131.1                                                                              16.44%    passed     81.39%
  42  cog_WP_008392810.1                                                                              14.38%    passed     89.06%
  43  cog_WP_041304884.1                                                                              16.44%    passed     79.87%
  44  cog_WP_103080044.1                                                                              16.44%    passed     90.48%
  45  cog_WP_013484656.1                                                                              17.12%    passed     84.50%
  46  cog_WP_015485093.1                                                                              16.44%    passed     97.61%
  47  cog_WP_058258519.1                                                                              14.38%    passed     99.80%
  48  cog_WP_014117428.1                                                                              18.49%    passed     99.93%
  49  cog_WP_014185683.1                                                                              16.44%    passed     99.41%
  50  cog_WP_038601860.1                                                                              18.49%    passed     96.18%
  51  cog_WP_013405893.1                                                                              17.12%    passed     89.38%
  52  cog_WP_082726599.1                                                                              15.75%    passed      5.22%
  53  cog_WP_066521021.1                                                                              17.81%    passed     81.16%
  54  cog_WP_128745480.1                                                                              16.44%    passed     52.02%
  55  cog_WP_033117377.1                                                                              17.12%    passed     99.83%
  56  cog_WP_126344016.1                                                                              16.44%    passed    100.00%
  57  cog_WP_015925347.1                                                                              15.75%    passed    100.00%
  58  virome_ivig_1929_93                                                                             25.34%    passed     94.76%
  59  virome_Draper_2018_SRR6914091_NODE_9_length_61572_cov_74.981062_42                              21.23%    passed     71.33%
  60  virome_HMP_all_10kb_viruses_VIRSorter_HMP_SRS024549_scaffold_177-circular-cat_2-cat_2_52        29.45%    passed     53.49%
  61  virome_VIRSorter_2021_megahit_k119_80618_flag_1_multi_18_5067_len_12427-cat_2_4                 26.03%    failed      0.41%
  62  virome_VIRSorter_2042_megahit_k119_230644_flag_1_multi_30_0000_len_42032-cat_2_41               22.60%    passed     81.09%
  63  virome_VIRSorter_2034_megahit_k119_65193_flag_1_multi_17_0253_len_36336-cat_2_34                26.03%    failed      2.34%
  64  virome_ivig_584_36                                                                              21.92%    passed     78.04%
  65  virome_Kang_0027_ST001_A_NODE_20_length_45309_cov_40.697286_48                                  22.60%    passed     93.41%
  66  virome_Ma_2019_SRR413598_NODE_30_length_158228_cov_14.800219_81                                 23.97%    failed      4.14%
  67  virome_uvig_108069_35                                                                           28.08%    passed     87.63%
  68  virome_uvig_12471_23                                                                            19.18%    passed     10.13%
  69  virome_VIRSorter_3027_megahit_k119_191618_flag_3_multi_22_0005_len_43508-circular-cat_2_37      21.23%    passed     28.94%
  70  virome_uvig_110929_41                                                                           28.08%    passed     56.77%
  71  virome_VIRSorter_5009_megahit_k119_156192_flag_3_multi_164_0011_len_145094-circular-cat_2_164   25.34%    passed     69.98%
  72  virome_uvig_113374_28                                                                           16.44%    passed     90.07%
  73  virome_uvig_130804_19                                                                           26.71%    failed      0.86%
  74  virome_uvig_129222_35                                                                           21.92%    passed     25.01%
  75  virome_uvig_129107_59                                                                           15.75%    passed     99.08%
  76  virome_uvig_131023_58                                                                           23.29%    passed     12.00%
  77  virome_ivig_1412_26                                                                             28.08%    passed     60.32%
  78  virome_uvig_102414_30                                                                           25.34%    passed     57.67%
  79  virome_ivig_975_30                                                                              29.45%    failed      0.28%
  80  virome_Ma_2019_SRR341617_NODE_156_length_47331_cov_2.849670_60                                  21.23%    passed     17.87%
  81  virome_Kang_0027_ST003_A_NODE_37_length_47244_cov_11.000593_16                                  19.18%    passed     64.75%
  82  virome_Kang_0035_ST001_A_NODE_56_length_33290_cov_10.607943_38                                  26.03%    failed      0.24%
  83  virome_uvig_12442_52                                                                            21.23%    passed     96.69%
  84  virome_Ma_2019_SRR413574_NODE_190_length_90712_cov_8.380864_53                                  26.03%    passed      9.38%
  85  virome_uvig_132307_36                                                                           21.23%    passed     85.65%
  86  virome_uvig_118114_48                                                                           23.29%    passed     85.21%
****  TOTAL                                                                                           19.62%  9 sequences failed composition chi2 test (p-value<5%; df=19)


Create initial parsimony tree by phylogenetic likelihood library (PLL)... 0.047 seconds
Measuring multi-threading efficiency up to 8 CPU cores
Increase to 10 rounds for branch lengths
35 trees examined
Threads: 1 / Time: 8.009 sec / Speedup: 1.000 / Efficiency: 100% / LogL: -16701
Threads: 2 / Time: 5.854 sec / Speedup: 1.368 / Efficiency: 68% / LogL: -16701
Threads: 3 / Time: 4.711 sec / Speedup: 1.700 / Efficiency: 57% / LogL: -16701
Threads: 4 / Time: 4.288 sec / Speedup: 1.867 / Efficiency: 47% / LogL: -16701
BEST NUMBER OF THREADS: 3

Perform fast likelihood tree search using LG+I+G model...
Estimate model parameters (epsilon = 5.000)
Perform nearest neighbor interchange...
Estimate model parameters (epsilon = 1.000)
1. Initial log-likelihood: -15282.361
Optimal log-likelihood: -15282.339
Proportion of invariable sites: 0.000
Gamma shape alpha: 0.868
Parameters optimization took 1 rounds (0.044 sec)
Time for fast ML tree search: 1.066 seconds

NOTE: ModelFinder requires 22 MB RAM!
ModelFinder will test up to 702 protein models (sample size: 146) ...
 No. Model         -LnL         df  AIC          AICc         BIC
  1  LG            16233.959    169 32805.918    90265.918    33310.147
  2  LG+I          16233.868    170 32807.736    90947.736    33314.949
  3  LG+G4         15282.383    170 30904.766    89044.766    31411.979
  4  LG+I+G4       15282.365    171 30906.730    89730.730    31416.927
  5  LG+R2         15515.083    171 31372.165    90196.165    31882.362
  6  LG+R3         15335.444    173 31016.888    91220.888    31533.052
  7  LG+R4         15270.637    175 30891.275    92491.275    31413.406
  8  LG+R5         15247.943    177 30849.886    93861.886    31377.984
  9  LG+R6         15232.082    179 30822.164    95262.164    31356.229
 10  LG+R7         15231.240    181 30824.480    96708.480    31364.512
 22  LG+F+R6       15243.841    198 30883.683    109687.683   31474.437
 23  LG+F+R7       15242.671    200 30885.341    111285.341   31482.063
 35  WAG+R6        15371.234    179 31100.467    95540.467    31634.533
 36  WAG+R7        15365.888    181 31093.776    96977.776    31633.809
 48  WAG+F+R6      15335.302    198 31066.605    109870.605   31657.359
 49  WAG+F+R7      15331.610    200 31063.220    111463.220   31659.941
 61  JTT+R6        15398.359    179 31154.718    95594.718    31688.783
 62  JTT+R7        15392.133    181 31146.266    97030.266    31686.299
 74  JTT+F+R6      15392.520    198 31181.040    109985.040   31771.794
 75  JTT+F+R7      15389.868    200 31179.737    111579.737   31776.458
 87  Q.pfam+R6     15273.328    179 30904.656    95344.656    31438.722
 88  Q.pfam+R7     15271.265    181 30904.529    96788.529    31444.562
100  Q.pfam+F+R6   15255.188    198 30906.375    109710.375   31497.129
101  Q.pfam+F+R7   15252.060    200 30904.119    111304.119   31500.841
113  Q.bird+R6     15639.919    179 31637.837    96077.837    32171.903
114  Q.bird+R7     15631.881    181 31625.763    97509.763    32165.796
126  Q.bird+F+R6   15643.601    198 31683.202    110487.202   32273.956
127  Q.bird+F+R7   15636.847    200 31673.694    112073.694   32270.415
139  Q.mammal+R6   15565.884    179 31489.767    95929.767    32023.833
140  Q.mammal+R7   15557.303    181 31476.605    97360.605    32016.638
152  Q.mammal+F+R6 15542.302    198 31480.603    110284.603   32071.357
153  Q.mammal+F+R7 15535.992    200 31471.984    111871.984   32068.705
165  Q.insect+R6   15242.362    179 30842.724    95282.724    31376.790
166  Q.insect+R7   15236.470    181 30834.940    96718.940    31374.972
178  Q.insect+F+R6 15292.030    198 30980.060    109784.060   31570.814
179  Q.insect+F+R7 15289.482    200 30978.965    111378.965   31575.686
191  Q.plant+R6    15377.333    179 31112.667    95552.667    31646.732
192  Q.plant+R7    15372.247    181 31106.495    96990.495    31646.527
204  Q.plant+F+R6  15381.420    198 31158.840    109962.840   31749.594
205  Q.plant+F+R7  15379.757    200 31159.513    111559.513   31756.235
217  Q.yeast+R6    15275.774    179 30909.547    95349.547    31443.613
218  Q.yeast+R7    15274.639    181 30911.279    96795.279    31451.312
230  Q.yeast+F+R6  15271.642    198 30939.285    109743.285   31530.039
231  Q.yeast+F+R7  15269.585    200 30939.171    111339.171   31535.892
243  JTTDCMut+R6   15399.268    179 31156.537    95596.537    31690.602
244  JTTDCMut+R7   15394.702    181 31151.405    97035.405    31691.437
256  JTTDCMut+F+R6 15392.015    198 31180.029    109984.029   31770.783
257  JTTDCMut+F+R7 15389.460    200 31178.920    111578.920   31775.641
269  DCMut+R6      15576.913    179 31511.826    95951.826    32045.891
270  DCMut+R7      15571.340    181 31504.679    97388.679    32044.712
282  DCMut+F+R6    15460.584    198 31317.168    110121.168   31907.923
283  DCMut+F+R7    15456.320    200 31312.641    111712.641   31909.362
295  VT+R6         15368.071    179 31094.142    95534.142    31628.208
296  VT+R7         15363.955    181 31089.910    96973.910    31629.943
308  VT+F+R6       15367.342    198 31130.683    109934.683   31721.438
309  VT+F+R7       15364.678    200 31129.356    111529.356   31726.077
321  PMB+R6        15442.162    179 31242.324    95682.324    31776.390
322  PMB+R7        15440.529    181 31243.057    97127.057    31783.090
334  PMB+F+R6      15431.971    198 31259.941    110063.941   31850.695
335  PMB+F+R7      15429.714    200 31259.428    111659.428   31856.149
347  Blosum62+R6   15423.079    179 31204.157    95644.157    31738.223
348  Blosum62+R7   15420.722    181 31203.444    97087.444    31743.477
360  Blosum62+F+R6 15437.768    198 31271.536    110075.536   31862.290
361  Blosum62+F+R7 15434.246    200 31268.493    111668.493   31865.214
373  Dayhoff+R6    15576.393    179 31510.786    95950.786    32044.851
374  Dayhoff+R7    15570.746    181 31503.491    97387.491    32043.524
386  Dayhoff+F+R6  15460.012    198 31316.024    110120.024   31906.778
387  Dayhoff+F+R7  15455.851    200 31311.701    111711.701   31908.422
399  mtREV+R6      16048.735    179 32455.470    96895.470    32989.536
400  mtREV+R7      16048.734    181 32459.469    98343.469    32999.501
412  mtREV+F+R6    15480.489    198 31356.978    110160.978   31947.732
413  mtREV+F+R7    15478.704    200 31357.408    111757.408   31954.129
425  mtART+R6      16140.370    179 32638.740    97078.740    33172.805
426  mtART+R7      16138.714    181 32639.429    98523.429    33179.461
438  mtART+F+R6    15532.576    198 31461.152    110265.152   32051.906
439  mtART+F+R7    15531.926    200 31463.852    111863.852   32060.573
451  mtZOA+R6      15850.216    179 32058.433    96498.433    32592.499
452  mtZOA+R7      15846.893    181 32055.787    97939.787    32595.819
464  mtZOA+F+R6    15415.020    198 31226.039    110030.039   31816.793
465  mtZOA+F+R7    15410.217    200 31220.435    111620.435   31817.156
477  mtMet+R6      16039.250    179 32436.500    96876.500    32970.566
478  mtMet+R7      16038.323    181 32438.646    98322.646    32978.679
490  mtMet+F+R6    15519.018    198 31434.036    110238.036   32024.790
491  mtMet+F+R7    15513.898    200 31427.795    111827.795   32024.516
503  mtVer+R6      16217.330    179 32792.660    97232.660    33326.725
504  mtVer+R7      16217.149    181 32796.297    98680.297    33336.330
516  mtVer+F+R6    15699.689    198 31795.377    110599.377   32386.131
517  mtVer+F+R7    15700.350    200 31800.700    112200.700   32397.421
529  mtInv+R6      16098.289    179 32554.579    96994.579    33088.644
WARNING: Log-likelihood -16102.3 of mtInv+R7 worse than mtInv+R6 -16098.3
530  mtInv+R7      16102.281    181 32566.561    98450.561    33106.594
542  mtInv+F+R6    15399.010    198 31194.020    109998.020   31784.774
543  mtInv+F+R7    15395.968    200 31191.936    111591.936   31788.657
555  mtMAM+R6      16314.000    179 32986.000    97426.000    33520.066
556  mtMAM+R7      16308.562    181 32979.124    98863.124    33519.157
568  mtMAM+F+R6    15783.581    198 31963.161    110767.161   32553.915
569  mtMAM+F+R7    15777.676    200 31955.352    112355.352   32552.074
581  HIVb+R6       15640.395    179 31638.789    96078.789    32172.855
582  HIVb+R7       15637.187    181 31636.374    97520.374    32176.407
594  HIVb+F+R6     15662.010    198 31720.019    110524.019   32310.773
595  HIVb+F+R7     15657.754    200 31715.507    112115.507   32312.229
607  HIVw+R6       16213.733    179 32785.467    97225.467    33319.532
608  HIVw+R7       16205.805    181 32773.610    98657.610    33313.643
620  HIVw+F+R6     16052.876    198 32501.751    111305.751   33092.505
621  HIVw+F+R7     16043.433    200 32486.866    112886.866   33083.587
633  FLU+R6        15609.676    179 31577.351    96017.351    32111.417
634  FLU+R7        15601.959    181 31565.917    97449.917    32105.950
646  FLU+F+R6      15654.584    198 31705.169    110509.169   32295.923
647  FLU+F+R7      15647.298    200 31694.596    112094.596   32291.318
659  rtREV+R6      15396.144    179 31150.288    95590.288    31684.353
660  rtREV+R7      15395.986    181 31153.973    97037.973    31694.006
672  rtREV+F+R6    15281.891    198 30959.783    109763.783   31550.537
WARNING: Log-likelihood -15292.1 of rtREV+F+R7 worse than rtREV+F+R6 -15281.9
673  rtREV+F+R7    15292.129    200 30984.257    111384.257   31580.979
685  cpREV+R6      15393.476    179 31144.953    95584.953    31679.019
686  cpREV+R7      15388.801    181 31139.602    97023.602    31679.635
698  cpREV+F+R6    15377.367    198 31150.734    109954.734   31741.488
699  cpREV+F+R7    15376.853    200 31153.705    111553.705   31750.426
Akaike Information Criterion:           LG+R6
Corrected Akaike Information Criterion: LG+G4
Bayesian Information Criterion:         LG+R6
Best-fit model: LG+R6 chosen according to BIC

All model information printed to /N/u/danschw/Carbonate/GitHub/spore_amg/genes_of_interest/spo0A_cog/data/align-trim-tree/maxcc.afa.trim.model.gz
CPU time for ModelFinder: 591.067 seconds (0h:9m:51s)
Wall-clock time for ModelFinder: 204.692 seconds (0h:3m:24s)
Generating 1000 samples for ultrafast bootstrap (seed: 898025)...

NOTE: 14 MB RAM (0 GB) is required!
Estimate model parameters (epsilon = 0.100)
1. Initial log-likelihood: -15232.082
2. Current log-likelihood: -15231.906
Optimal log-likelihood: -15231.762
Site proportion and rates:  (0.171,0.123) (0.195,0.279) (0.253,0.570) (0.199,1.096) (0.104,2.124) (0.079,4.352)
Parameters optimization took 2 rounds (0.498 sec)
Computing ML distances based on estimated model parameters...
Computing ML distances took 0.556016 sec (of wall-clock time) 1.659787 sec(of CPU time)
WARNING: Some pairwise ML distances are too long (saturated)
Computing RapidNJ tree took 0.002785 sec (of wall-clock time) 0.008916 sec (of CPU time)
Log-likelihood of RapidNJ tree: -15329.082
--------------------------------------------------------------------
|             INITIALIZING CANDIDATE TREE SET                      |
--------------------------------------------------------------------
Generating 98 parsimony trees... 1.189 second
Computing log-likelihood of 98 initial trees ... 2.285 seconds
Current best score: -15231.762

Do NNI search on 20 best initial trees
Estimate model parameters (epsilon = 0.100)
BETTER TREE FOUND at iteration 1: -15227.695
Estimate model parameters (epsilon = 0.100)
BETTER TREE FOUND at iteration 2: -15221.941
Estimate model parameters (epsilon = 0.100)
BETTER TREE FOUND at iteration 3: -15210.215
Estimate model parameters (epsilon = 0.100)
BETTER TREE FOUND at iteration 4: -15199.666
Estimate model parameters (epsilon = 0.100)
BETTER TREE FOUND at iteration 5: -15191.957
Iteration 10 / LogL: -15254.050 / Time: 0h:0m:16s
Iteration 20 / LogL: -15219.722 / Time: 0h:0m:28s
Finish initializing candidate tree set (20)
Current best tree score: -15191.957 / CPU time: 26.783
Number of iterations: 20
--------------------------------------------------------------------
|               OPTIMIZING CANDIDATE TREE SET                      |
--------------------------------------------------------------------
Estimate model parameters (epsilon = 0.100)
BETTER TREE FOUND at iteration 24: -15179.897
Estimate model parameters (epsilon = 0.100)
BETTER TREE FOUND at iteration 29: -15173.593
Iteration 30 / LogL: -15180.516 / Time: 0h:0m:36s (0h:2m:5s left)
Estimate model parameters (epsilon = 0.100)
BETTER TREE FOUND at iteration 38: -15169.142
Estimate model parameters (epsilon = 0.100)
BETTER TREE FOUND at iteration 39: -15165.244
Iteration 40 / LogL: -15180.523 / Time: 0h:0m:45s (0h:1m:55s left)
Estimate model parameters (epsilon = 0.100)
BETTER TREE FOUND at iteration 43: -15163.247
Estimate model parameters (epsilon = 0.100)
BETTER TREE FOUND at iteration 50: -15160.916
Iteration 50 / LogL: -15160.916 / Time: 0h:0m:52s (0h:1m:48s left)
Log-likelihood cutoff on original alignment: -15255.051
Estimate model parameters (epsilon = 0.100)
BETTER TREE FOUND at iteration 60: -15157.864
Iteration 60 / LogL: -15157.864 / Time: 0h:1m:0s (0h:1m:42s left)
Iteration 70 / LogL: -15170.238 / Time: 0h:1m:7s (0h:1m:27s left)
Estimate model parameters (epsilon = 0.100)
BETTER TREE FOUND at iteration 71: -15156.323
Estimate model parameters (epsilon = 0.100)
BETTER TREE FOUND at iteration 75: -15152.313
Iteration 80 / LogL: -15157.485 / Time: 0h:1m:14s (0h:1m:29s left)
Estimate model parameters (epsilon = 0.100)
BETTER TREE FOUND at iteration 82: -15151.540
Iteration 90 / LogL: -15155.144 / Time: 0h:1m:21s (0h:1m:23s left)
Estimate model parameters (epsilon = 0.100)
BETTER TREE FOUND at iteration 97: -15150.155
Iteration 100 / LogL: -15162.572 / Time: 0h:1m:28s (0h:1m:26s left)
Log-likelihood cutoff on original alignment: -15236.082
NOTE: Bootstrap correlation coefficient of split occurrence frequencies: 0.875
NOTE: UFBoot does not converge, continue at least 100 more iterations
Iteration 110 / LogL: -15150.413 / Time: 0h:1m:35s (0h:1m:18s left)
Iteration 120 / LogL: -15159.080 / Time: 0h:1m:41s (0h:1m:8s left)
Estimate model parameters (epsilon = 0.100)
BETTER TREE FOUND at iteration 125: -15149.720
Iteration 130 / LogL: -15158.265 / Time: 0h:1m:47s (0h:1m:19s left)
Estimate model parameters (epsilon = 0.100)
BETTER TREE FOUND at iteration 138: -15149.179
Iteration 140 / LogL: -15157.296 / Time: 0h:1m:53s (0h:1m:20s left)
Iteration 150 / LogL: -15149.230 / Time: 0h:1m:59s (0h:1m:10s left)
Log-likelihood cutoff on original alignment: -15236.082
Estimate model parameters (epsilon = 0.100)
BETTER TREE FOUND at iteration 158: -15148.416
Iteration 160 / LogL: -15148.631 / Time: 0h:2m:6s (0h:1m:18s left)
Estimate model parameters (epsilon = 0.100)
BETTER TREE FOUND at iteration 169: -15147.937
Iteration 170 / LogL: -15150.811 / Time: 0h:2m:13s (0h:1m:18s left)
Estimate model parameters (epsilon = 0.100)
BETTER TREE FOUND at iteration 178: -15147.454
Iteration 180 / LogL: -15147.527 / Time: 0h:2m:20s (0h:1m:16s left)
Iteration 190 / LogL: -15159.486 / Time: 0h:2m:27s (0h:1m:8s left)
Iteration 200 / LogL: -15150.653 / Time: 0h:2m:34s (0h:1m:0s left)
Log-likelihood cutoff on original alignment: -15236.082
NOTE: Bootstrap correlation coefficient of split occurrence frequencies: 0.966
NOTE: UFBoot does not converge, continue at least 100 more iterations
Iteration 210 / LogL: -15154.756 / Time: 0h:2m:41s (0h:1m:9s left)
Estimate model parameters (epsilon = 0.100)
BETTER TREE FOUND at iteration 211: -15147.279
Estimate model parameters (epsilon = 0.100)
BETTER TREE FOUND at iteration 212: -15147.144
Iteration 220 / LogL: -15147.826 / Time: 0h:2m:48s (0h:1m:10s left)
Iteration 230 / LogL: -15147.565 / Time: 0h:2m:55s (0h:1m:2s left)
Iteration 240 / LogL: -15147.298 / Time: 0h:3m:2s (0h:0m:54s left)
Iteration 250 / LogL: -15150.015 / Time: 0h:3m:8s (0h:0m:47s left)
Log-likelihood cutoff on original alignment: -15236.082
Iteration 260 / LogL: -15153.261 / Time: 0h:3m:15s (0h:0m:39s left)
Iteration 270 / LogL: -15147.647 / Time: 0h:3m:22s (0h:0m:31s left)
Iteration 280 / LogL: -15150.722 / Time: 0h:3m:28s (0h:0m:23s left)
Estimate model parameters (epsilon = 0.100)
BETTER TREE FOUND at iteration 287: -15146.857
Iteration 290 / LogL: -15147.709 / Time: 0h:3m:35s (0h:1m:12s left)
Iteration 300 / LogL: -15147.541 / Time: 0h:3m:42s (0h:1m:4s left)
Log-likelihood cutoff on original alignment: -15236.082
NOTE: Bootstrap correlation coefficient of split occurrence frequencies: 0.976
NOTE: UFBoot does not converge, continue at least 100 more iterations
Iteration 310 / LogL: -15146.871 / Time: 0h:3m:49s (0h:1m:6s left)
Iteration 320 / LogL: -15150.705 / Time: 0h:3m:56s (0h:0m:59s left)
Iteration 330 / LogL: -15147.057 / Time: 0h:4m:2s (0h:0m:51s left)
Iteration 340 / LogL: -15162.893 / Time: 0h:4m:9s (0h:0m:44s left)
Iteration 350 / LogL: -15151.271 / Time: 0h:4m:15s (0h:0m:36s left)
Log-likelihood cutoff on original alignment: -15236.082
Estimate model parameters (epsilon = 0.100)
BETTER TREE FOUND at iteration 351: -15146.668
Iteration 360 / LogL: -15155.002 / Time: 0h:4m:23s (0h:1m:6s left)
Iteration 370 / LogL: -15195.846 / Time: 0h:4m:29s (0h:0m:59s left)
Iteration 380 / LogL: -15150.555 / Time: 0h:4m:36s (0h:0m:51s left)
Iteration 390 / LogL: -15149.329 / Time: 0h:4m:42s (0h:0m:44s left)
Estimate model parameters (epsilon = 0.100)
UPDATE BEST LOG-LIKELIHOOD: -15146.643
Iteration 400 / LogL: -15147.222 / Time: 0h:4m:48s (0h:0m:36s left)
Log-likelihood cutoff on original alignment: -15236.082
NOTE: Bootstrap correlation coefficient of split occurrence frequencies: 0.982
NOTE: UFBoot does not converge, continue at least 100 more iterations
Iteration 410 / LogL: -15158.501 / Time: 0h:4m:55s (0h:1m:4s left)
Iteration 420 / LogL: -15147.311 / Time: 0h:5m:1s (0h:0m:57s left)
Iteration 430 / LogL: -15148.928 / Time: 0h:5m:8s (0h:0m:50s left)
Iteration 440 / LogL: -15149.846 / Time: 0h:5m:14s (0h:0m:42s left)
Iteration 450 / LogL: -15171.219 / Time: 0h:5m:20s (0h:0m:35s left)
Log-likelihood cutoff on original alignment: -15236.082
Iteration 460 / LogL: -15150.462 / Time: 0h:5m:27s (0h:0m:28s left)
Iteration 470 / LogL: -15168.322 / Time: 0h:5m:33s (0h:0m:21s left)
Estimate model parameters (epsilon = 0.100)
UPDATE BEST LOG-LIKELIHOOD: -15146.572
Iteration 480 / LogL: -15148.000 / Time: 0h:5m:40s (0h:0m:14s left)
UPDATE BEST LOG-LIKELIHOOD: -15146.569
Iteration 490 / LogL: -15146.569 / Time: 0h:5m:46s (0h:0m:7s left)
Iteration 500 / LogL: -15154.865 / Time: 0h:5m:52s (0h:0m:0s left)
Log-likelihood cutoff on original alignment: -15236.082
NOTE: Bootstrap correlation coefficient of split occurrence frequencies: 0.990
TREE SEARCH COMPLETED AFTER 500 ITERATIONS / Time: 0h:5m:52s

--------------------------------------------------------------------
|                    FINALIZING TREE SEARCH                        |
--------------------------------------------------------------------
Performs final model parameters optimization
Estimate model parameters (epsilon = 0.010)
1. Initial log-likelihood: -15146.569
Optimal log-likelihood: -15146.569
Site proportion and rates:  (0.176,0.122) (0.201,0.279) (0.237,0.560) (0.198,1.017) (0.092,1.941) (0.095,4.286)
Parameters optimization took 1 rounds (0.095 sec)
BEST SCORE FOUND : -15146.569

Testing tree branches by SH-like aLRT with 1000 replicates...
0.159 sec.
Creating bootstrap support values...
Split supports printed to NEXUS file /N/u/danschw/Carbonate/GitHub/spore_amg/genes_of_interest/spo0A_cog/data/align-trim-tree/maxcc.afa.trim.splits.nex
Total tree length: 97.262

Total number of iterations: 500
CPU time used for tree search: 1037.929 sec (0h:17m:17s)
Wall-clock time used for tree search: 351.510 sec (0h:5m:51s)
Total CPU time used: 1043.329 sec (0h:17m:23s)
Total wall-clock time used: 353.679 sec (0h:5m:53s)

Computing bootstrap consensus tree...
Reading input file /N/u/danschw/Carbonate/GitHub/spore_amg/genes_of_interest/spo0A_cog/data/align-trim-tree/maxcc.afa.trim.splits.nex...
86 taxa and 1492 splits.
Consensus tree written to /N/u/danschw/Carbonate/GitHub/spore_amg/genes_of_interest/spo0A_cog/data/align-trim-tree/maxcc.afa.trim.contree
Reading input trees file /N/u/danschw/Carbonate/GitHub/spore_amg/genes_of_interest/spo0A_cog/data/align-trim-tree/maxcc.afa.trim.contree
Log-likelihood of consensus tree: -15147.933

Analysis results written to: 
  IQ-TREE report:                /N/u/danschw/Carbonate/GitHub/spore_amg/genes_of_interest/spo0A_cog/data/align-trim-tree/maxcc.afa.trim.iqtree
  Maximum-likelihood tree:       /N/u/danschw/Carbonate/GitHub/spore_amg/genes_of_interest/spo0A_cog/data/align-trim-tree/maxcc.afa.trim.treefile
  Likelihood distances:          /N/u/danschw/Carbonate/GitHub/spore_amg/genes_of_interest/spo0A_cog/data/align-trim-tree/maxcc.afa.trim.mldist

Ultrafast bootstrap approximation results written to:
  Split support values:          /N/u/danschw/Carbonate/GitHub/spore_amg/genes_of_interest/spo0A_cog/data/align-trim-tree/maxcc.afa.trim.splits.nex
  Consensus tree:                /N/u/danschw/Carbonate/GitHub/spore_amg/genes_of_interest/spo0A_cog/data/align-trim-tree/maxcc.afa.trim.contree
  Screen log file:               /N/u/danschw/Carbonate/GitHub/spore_amg/genes_of_interest/spo0A_cog/data/align-trim-tree/maxcc.afa.trim.log

Date and Time: Fri Oct 21 15:35:46 2022
