muscle 5.1.linux64 [12f0e2] built Jan 13 2022 23:17:13
Started Fri Nov 11 11:58:13 2022
/N/u/danschw/Carbonate/my_tools/muscle5.1.linux_intel64 -efastats /N/u/danschw/Carbonate/GitHub/spore_amg/genes_of_interest/spoIIID_cog/data/align-trim-tree/ensemble.efa -log /N/u/danschw/Carbonate/GitHub/spore_amg/genes_of_interest/spoIIID_cog/data/align-trim-tree/efastats.log 
00:00 5.7Mb   100.0% Pairwise dists
  MSA     Cols     N1   N1f  Conf     CC  Name
    1      151      0  0.00  119.19  0.789  none.0
    2      144      0  0.00  122.94  0.854  abc.0
    3      144      2  0.01  122.31  0.849  acb.0
    4      144      0  0.00  122.94  0.854  bca.0
    5      144      0  0.00  117.38  0.815  none.1
    6      156      2  0.01  120.25  0.771  abc.1
    7      156      2  0.01  120.25  0.771  acb.1
    8      156      1  0.01  120.31  0.771  bca.1
    9      158      6  0.04  116.81  0.739  none.2
   10      145      2  0.01  119.00  0.821  abc.2
   11      145      2  0.01  119.06  0.821  acb.2
   12      151      6  0.04  120.88  0.800  bca.2
   13      151      3  0.02  112.19  0.743  none.3
   14      153      1  0.01  118.50  0.775  abc.3
   15      145      7  0.05  114.50  0.790  acb.3
   16      146      1  0.01  116.94  0.801  bca.3
@SUMMARY input=/N/u/danschw/Carbonate/GitHub/spore_amg/genes_of_interest/spoIIID_cog/data/align-trim-tree/ensemble.efa D_LP=0.0037 D_Cols=0.0575 CC=0.8005

Finished Fri Nov 11 11:58:13 2022
Elapsed time 00:00
Max memory 5.7Mb
