IQ-TREE multicore version 2.1.3 COVID-edition for Linux 64-bit built Apr 21 2021
Developed by Bui Quang Minh, James Barbetti, Nguyen Lam Tung,
Olga Chernomor, Heiko Schmidt, Dominik Schrempf, Michael Woodhams.

Host:    c71 (AVX2, FMA3, 251 GB RAM)
Command: /N/u/danschw/Carbonate/my_tools/iqtree-2.1.3-Linux/bin/iqtree2 -s /N/u/danschw/Carbonate/GitHub/spore_amg/genes_of_interest/spoIIID_cog/data/align-trim-tree/maxcc.afa.trim --alrt 1000 -B 1000 -T AUTO --threads-max 8
Seed:    809195 (Using SPRNG - Scalable Parallel Random Number Generator)
Time:    Fri Nov 11 12:26:14 2022
Kernel:  AVX+FMA - auto-detect threads (8 CPU cores detected)

Reading alignment file /N/u/danschw/Carbonate/GitHub/spore_amg/genes_of_interest/spoIIID_cog/data/align-trim-tree/maxcc.afa.trim ... Fasta format detected
Alignment most likely contains protein sequences
Alignment has 38 sequences with 82 columns, 82 distinct patterns
67 parsimony-informative, 12 singleton sites, 3 constant sites
                                                                                                                 Gap/Ambiguity  Composition  p-value
   1  cog_WP_015757979.1                                                                                                 0.00%    passed     81.01%
   2  cog_WP_012198240.1                                                                                                 0.00%    passed     99.92%
   3  cog_WP_013498502.1                                                                                                 0.00%    passed     99.48%
   4  cog_WP_011916751.1                                                                                                 0.00%    passed     85.62%
   5  cog_WP_013626254.1                                                                                                 0.00%    passed     99.83%
   6  cog_YP_001086595.1                                                                                                 0.00%    passed     99.72%
   7  virome_AD_CERC_all_10kb_viruses_fixed_VIRSorter_AD_CERC_I8A_k121_31693_flag_0_multi_208_4569_len_85268-cat_2_45    1.22%    passed     99.39%
   8  virome_ivig_2879_35                                                                                                1.22%    passed     50.42%
   9  virome_PP_all_10kb_viruses_VIRSorter_PP_Contig_1061936-circular-cat_2_118                                          2.44%    passed     96.41%
  10  cog_WP_007487770.1                                                                                                 0.00%    passed     99.97%
  11  cog_WP_066791757.1                                                                                                 0.00%    passed     85.41%
  12  virome_uvig_107825_38                                                                                             18.29%    failed      0.00%
  13  cog_WP_008404436.1                                                                                                 0.00%    passed     81.86%
  14  virome_VIRSorter_DJKA75_ANT-F21_scaffold_30-circular-cat_1_39                                                      1.22%    passed     95.45%
  15  cog_WP_015357813.1                                                                                                 0.00%    passed     99.15%
  16  cog_WP_083803599.1                                                                                                34.15%    passed     91.27%
  17  cog_WP_005932131.1                                                                                                 1.22%    passed     11.29%
  18  cog_WP_066046511.1                                                                                                 0.00%    passed     96.87%
  19  virome_ivig_623_24                                                                                                18.29%    failed      0.00%
  20  cog_WP_125987790.1                                                                                                 0.00%    passed     94.74%
  21  cog_WP_013657761.1                                                                                                 0.00%    passed     13.03%
  22  cog_NP_391523.1                                                                                                    0.00%    passed     95.12%
  23  cog_WP_012449215.1                                                                                                 0.00%    passed     97.83%
  24  cog_WP_011971502.1                                                                                                 0.00%    passed     95.91%
  25  cog_WP_013494604.1                                                                                                 0.00%    passed     96.67%
  26  virome_VIRSorter_2034_megahit_k119_139368_flag_1_multi_31_0000_len_36974-cat_2_12                                  1.22%    passed     96.99%
  27  cog_WP_015738141.1                                                                                                 0.00%    passed     97.63%
  28  virome_uvig_108459_15                                                                                              1.22%    passed     49.73%
  29  cog_WP_087459120.1                                                                                                 0.00%    passed     85.22%
  30  cog_WP_015328040.1                                                                                                 0.00%    passed     55.20%
  31  cog_WP_083803598.1                                                                                                10.98%    passed     55.72%
  32  cog_WP_013176419.1                                                                                                 0.00%    passed     99.53%
  33  cog_WP_011024671.1                                                                                                 0.00%    passed     97.04%
  34  cog_AEJ39013.1                                                                                                     0.00%    passed     96.07%
  35  virome_VIRSorter_DJKA110_ANT-KO_scaffold_640-cat_2_5                                                               1.22%    passed     37.48%
  36  cog_WP_119882587.1                                                                                                 0.00%    passed     47.23%
  37  cog_WP_128746085.1                                                                                                 0.00%    passed     99.97%
  38  cog_WP_128743727.1                                                                                                 0.00%    passed     99.77%
****  TOTAL                                                                                                              2.44%  2 sequences failed composition chi2 test (p-value<5%; df=19)


Create initial parsimony tree by phylogenetic likelihood library (PLL)... 0.011 seconds
Measuring multi-threading efficiency up to 8 CPU cores
Increase to 10 rounds for branch lengths
142 trees examined
Threads: 1 / Time: 8.018 sec / Speedup: 1.000 / Efficiency: 100% / LogL: -4600
Threads: 2 / Time: 5.307 sec / Speedup: 1.511 / Efficiency: 76% / LogL: -4600
Threads: 3 / Time: 4.518 sec / Speedup: 1.775 / Efficiency: 59% / LogL: -4600
Threads: 4 / Time: 4.176 sec / Speedup: 1.920 / Efficiency: 48% / LogL: -4600
BEST NUMBER OF THREADS: 3

Perform fast likelihood tree search using LG+I+G model...
Estimate model parameters (epsilon = 5.000)
Perform nearest neighbor interchange...
Estimate model parameters (epsilon = 1.000)
1. Initial log-likelihood: -4217.334
Optimal log-likelihood: -4217.200
Proportion of invariable sites: 0.005
Gamma shape alpha: 0.672
Parameters optimization took 1 rounds (0.021 sec)
Time for fast ML tree search: 0.156 seconds

NOTE: ModelFinder requires 6 MB RAM!
ModelFinder will test up to 702 protein models (sample size: 82) ...
 No. Model         -LnL         df  AIC          AICc         BIC
  1  LG            4565.026     73  9276.052     10626.552    9451.743
  2  LG+I          4538.267     74  9224.535     10810.249    9402.632
  3  LG+G4         4217.204     74  8582.408     10168.123    8760.506
  4  LG+I+G4       4217.191     75  8584.381     10484.381    8764.885
  5  LG+R2         4282.226     75  8714.452     10614.452    8894.956
  6  LG+R3         4228.184     77  8610.368     11613.368    8795.685
  7  LG+R4         4214.120     79  8586.241     14906.241    8776.372
  8  LG+R5         4211.865     81  8585.730     21869.730    8780.674
 16  LG+F+G4       4196.173     93  8578.346     26062.346    8802.171
 17  LG+F+I+G4     4196.216     94  8580.433     26440.433    8806.664
 29  WAG+G4        4259.314     74  8666.627     10252.341    8844.724
 30  WAG+I+G4      4259.350     75  8668.699     10568.699    8849.203
 42  WAG+F+G4      4213.080     93  8612.160     26096.160    8835.985
 43  WAG+F+I+G4    4213.118     94  8614.236     26474.236    8840.468
 55  JTT+G4        4294.620     74  8737.240     10322.955    8915.338
 56  JTT+I+G4      4294.578     75  8739.156     10639.156    8919.660
 68  JTT+F+G4      4249.382     93  8684.765     26168.765    8908.589
 69  JTT+F+I+G4    4249.421     94  8686.842     26546.842    8913.074
 81  Q.pfam+G4     4240.402     74  8628.804     10214.519    8806.901
 82  Q.pfam+I+G4   4240.279     75  8630.559     10530.559    8811.063
 94  Q.pfam+F+G4   4203.597     93  8593.195     26077.195    8817.020
 95  Q.pfam+F+I+G4 4203.547     94  8595.095     26455.095    8821.326
107  Q.bird+G4     4358.990     74  8865.981     10451.695    9044.078
108  Q.bird+I+G4   4359.041     75  8868.082     10768.082    9048.586
120  Q.bird+F+G4   4335.040     93  8856.080     26340.080    9079.904
121  Q.bird+F+I+G4 4334.906     94  8857.811     26717.811    9084.043
133  Q.mammal+G4   4339.509     74  8827.018     10412.733    9005.115
134  Q.mammal+I+G4 4339.588     75  8829.176     10729.176    9009.680
146  Q.mammal+F+G4 4303.007     93  8792.013     26276.013    9015.838
147  Q.mammal+F+I+G4 4303.158     94  8794.317     26654.317    9020.548
159  Q.insect+G4   4234.137     74  8616.275     10201.989    8794.372
160  Q.insect+I+G4 4234.145     75  8618.290     10518.290    8798.794
172  Q.insect+F+G4 4218.494     93  8622.987     26106.987    8846.812
173  Q.insect+F+I+G4 4218.470     94  8624.940     26484.940    8851.172
185  Q.plant+G4    4290.176     74  8728.352     10314.067    8906.449
186  Q.plant+I+G4  4290.028     75  8730.055     10630.055    8910.559
198  Q.plant+F+G4  4260.465     93  8706.929     26190.929    8930.754
199  Q.plant+F+I+G4 4260.449     94  8708.897     26568.897    8935.129
211  Q.yeast+G4    4241.281     74  8630.562     10216.276    8808.659
212  Q.yeast+I+G4  4241.008     75  8632.016     10532.016    8812.520
224  Q.yeast+F+G4  4210.305     93  8606.609     26090.609    8830.434
225  Q.yeast+F+I+G4 4210.113     94  8608.225     26468.225    8834.457
237  JTTDCMut+G4   4292.077     74  8732.154     10317.868    8910.251
238  JTTDCMut+I+G4 4292.038     75  8734.075     10634.075    8914.579
250  JTTDCMut+F+G4 4247.413     93  8680.826     26164.826    8904.651
251  JTTDCMut+F+I+G4 4247.452     94  8682.904     26542.904    8909.136
263  DCMut+G4      4338.530     74  8825.060     10410.774    9003.157
264  DCMut+I+G4    4338.561     75  8827.122     10727.122    9007.626
276  DCMut+F+G4    4263.296     93  8712.593     26196.593    8936.418
277  DCMut+F+I+G4  4263.337     94  8714.673     26574.673    8940.905
289  VT+G4         4261.878     74  8671.756     10257.470    8849.853
290  VT+I+G4       4261.848     75  8673.696     10573.696    8854.200
302  VT+F+G4       4223.602     93  8633.204     26117.204    8857.029
303  VT+F+I+G4     4223.636     94  8635.272     26495.272    8861.504
315  PMB+G4        4268.337     74  8684.673     10270.387    8862.770
316  PMB+I+G4      4268.370     75  8686.741     10586.741    8867.244
328  PMB+F+G4      4226.615     93  8639.229     26123.229    8863.054
329  PMB+F+I+G4    4226.648     94  8641.295     26501.295    8867.527
341  Blosum62+G4   4255.997     74  8659.993     10245.707    8838.090
342  Blosum62+I+G4 4256.027     75  8662.053     10562.053    8842.557
354  Blosum62+F+G4 4227.510     93  8641.020     26125.020    8864.845
355  Blosum62+F+I+G4 4227.509     94  8643.019     26503.019    8869.250
367  Dayhoff+G4    4338.370     74  8824.741     10410.455    9002.838
368  Dayhoff+I+G4  4338.402     75  8826.803     10726.803    9007.307
380  Dayhoff+F+G4  4263.255     93  8712.509     26196.509    8936.334
381  Dayhoff+F+I+G4 4263.295     94  8714.589     26574.589    8940.821
393  mtREV+G4      4539.834     74  9227.668     10813.382    9405.765
394  mtREV+I+G4    4539.846     75  9229.693     11129.693    9410.197
406  mtREV+F+G4    4299.249     93  8784.498     26268.498    9008.323
407  mtREV+F+I+G4  4299.285     94  8786.570     26646.570    9012.801
419  mtART+G4      4568.879     74  9285.757     10871.472    9463.854
420  mtART+I+G4    4568.910     75  9287.819     11187.819    9468.323
432  mtART+F+G4    4292.916     93  8771.832     26255.832    8995.657
433  mtART+F+I+G4  4292.929     94  8773.857     26633.857    9000.089
445  mtZOA+G4      4464.806     74  9077.612     10663.327    9255.710
446  mtZOA+I+G4    4464.831     75  9079.662     10979.662    9260.166
458  mtZOA+F+G4    4258.522     93  8703.043     26187.043    8926.868
459  mtZOA+F+I+G4  4258.553     94  8705.106     26565.106    8931.337
471  mtMet+G4      4556.219     74  9260.437     10846.152    9438.535
472  mtMet+I+G4    4556.240     75  9262.479     11162.479    9442.983
484  mtMet+F+G4    4299.998     93  8785.996     26269.996    9009.820
485  mtMet+F+I+G4  4300.012     94  8788.023     26648.023    9014.255
497  mtVer+G4      4611.247     74  9370.494     10956.208    9548.591
498  mtVer+I+G4    4611.178     75  9372.356     11272.356    9552.860
510  mtVer+F+G4    4381.475     93  8948.949     26432.949    9172.774
511  mtVer+F+I+G4  4381.343     94  8950.686     26810.686    9176.917
523  mtInv+G4      4570.252     74  9288.504     10874.218    9466.601
524  mtInv+I+G4    4570.281     75  9290.562     11190.562    9471.066
536  mtInv+F+G4    4259.707     93  8705.413     26189.413    8929.238
537  mtInv+F+I+G4  4259.744     94  8707.489     26567.489    8933.721
549  mtMAM+G4      4636.626     74  9421.252     11006.966    9599.349
550  mtMAM+I+G4    4636.657     75  9423.314     11323.314    9603.818
562  mtMAM+F+G4    4410.022     93  9006.044     26490.044    9229.869
563  mtMAM+F+I+G4  4409.123     94  9006.246     26866.246    9232.477
575  HIVb+G4       4359.661     74  8867.322     10453.037    9045.420
576  HIVb+I+G4     4359.703     75  8869.406     10769.406    9049.910
588  HIVb+F+G4     4344.512     93  8875.023     26359.023    9098.848
589  HIVb+F+I+G4   4344.548     94  8877.097     26737.097    9103.328
601  HIVw+G4       4520.147     74  9188.294     10774.008    9366.391
602  HIVw+I+G4     4520.188     75  9190.376     11090.376    9370.880
614  HIVw+F+G4     4449.177     93  9084.355     26568.355    9308.179
615  HIVw+F+I+G4   4449.217     94  9086.435     26946.435    9312.666
627  FLU+G4        4366.694     74  8881.388     10467.103    9059.486
628  FLU+I+G4      4366.729     75  8883.459     10783.459    9063.963
640  FLU+F+G4      4318.121     93  8822.241     26306.241    9046.066
641  FLU+F+I+G4    4318.128     94  8824.256     26684.256    9050.487
653  rtREV+G4      4245.520     74  8639.041     10224.755    8817.138
654  rtREV+I+G4    4245.512     75  8641.025     10541.025    8821.528
666  rtREV+F+G4    4203.568     93  8593.137     26077.137    8816.962
667  rtREV+F+I+G4  4203.625     94  8595.250     26455.250    8821.482
679  cpREV+G4      4263.439     74  8674.879     10260.593    8852.976
680  cpREV+I+G4    4263.467     75  8676.934     10576.934    8857.438
692  cpREV+F+G4    4239.075     93  8664.150     26148.150    8887.974
693  cpREV+F+I+G4  4239.088     94  8666.177     26526.177    8892.408
Akaike Information Criterion:           LG+F+G4
Corrected Akaike Information Criterion: LG+G4
Bayesian Information Criterion:         LG+G4
Best-fit model: LG+G4 chosen according to BIC

All model information printed to /N/u/danschw/Carbonate/GitHub/spore_amg/genes_of_interest/spoIIID_cog/data/align-trim-tree/maxcc.afa.trim.model.gz
CPU time for ModelFinder: 69.816 seconds (0h:1m:9s)
Wall-clock time for ModelFinder: 28.838 seconds (0h:0m:28s)
Generating 1000 samples for ultrafast bootstrap (seed: 809195)...

NOTE: 2 MB RAM (0 GB) is required!
Estimate model parameters (epsilon = 0.100)
1. Initial log-likelihood: -4217.204
Optimal log-likelihood: -4217.194
Gamma shape alpha: 0.659
Parameters optimization took 1 rounds (0.021 sec)
Computing ML distances based on estimated model parameters...
Computing ML distances took 0.097186 sec (of wall-clock time) 0.287005 sec(of CPU time)
Computing RapidNJ tree took 0.000620 sec (of wall-clock time) 0.001916 sec (of CPU time)
Log-likelihood of RapidNJ tree: -4174.038
--------------------------------------------------------------------
|             INITIALIZING CANDIDATE TREE SET                      |
--------------------------------------------------------------------
Generating 98 parsimony trees... 0.367 second
Computing log-likelihood of 98 initial trees ... 0.435 seconds
Current best score: -4174.038

Do NNI search on 20 best initial trees
Estimate model parameters (epsilon = 0.100)
BETTER TREE FOUND at iteration 1: -4146.295
Iteration 10 / LogL: -4153.596 / Time: 0h:0m:2s
Iteration 20 / LogL: -4161.162 / Time: 0h:0m:4s
Finish initializing candidate tree set (20)
Current best tree score: -4146.295 / CPU time: 3.818
Number of iterations: 20
--------------------------------------------------------------------
|               OPTIMIZING CANDIDATE TREE SET                      |
--------------------------------------------------------------------
Iteration 30 / LogL: -4149.358 / Time: 0h:0m:4s (0h:0m:12s left)
Estimate model parameters (epsilon = 0.100)
BETTER TREE FOUND at iteration 39: -4143.286
Iteration 40 / LogL: -4152.432 / Time: 0h:0m:6s (0h:0m:15s left)
Estimate model parameters (epsilon = 0.100)
BETTER TREE FOUND at iteration 46: -4142.015
Estimate model parameters (epsilon = 0.100)
BETTER TREE FOUND at iteration 49: -4138.211
Iteration 50 / LogL: -4147.472 / Time: 0h:0m:7s (0h:0m:14s left)
Log-likelihood cutoff on original alignment: -4196.381
Estimate model parameters (epsilon = 0.100)
BETTER TREE FOUND at iteration 59: -4137.918
Iteration 60 / LogL: -4138.189 / Time: 0h:0m:8s (0h:0m:14s left)
Estimate model parameters (epsilon = 0.100)
BETTER TREE FOUND at iteration 61: -4137.713
Iteration 70 / LogL: -4138.291 / Time: 0h:0m:9s (0h:0m:12s left)
Estimate model parameters (epsilon = 0.100)
BETTER TREE FOUND at iteration 72: -4136.521
Iteration 80 / LogL: -4136.800 / Time: 0h:0m:10s (0h:0m:12s left)
Iteration 90 / LogL: -4140.044 / Time: 0h:0m:11s (0h:0m:10s left)
Iteration 100 / LogL: -4137.050 / Time: 0h:0m:12s (0h:0m:9s left)
Log-likelihood cutoff on original alignment: -4196.381
NOTE: Bootstrap correlation coefficient of split occurrence frequencies: 0.972
NOTE: UFBoot does not converge, continue at least 100 more iterations
Iteration 110 / LogL: -4137.050 / Time: 0h:0m:13s (0h:0m:11s left)
Iteration 120 / LogL: -4136.579 / Time: 0h:0m:14s (0h:0m:9s left)
UPDATE BEST LOG-LIKELIHOOD: -4136.521
Iteration 130 / LogL: -4146.167 / Time: 0h:0m:15s (0h:0m:8s left)
Iteration 140 / LogL: -4136.522 / Time: 0h:0m:17s (0h:0m:7s left)
Iteration 150 / LogL: -4137.374 / Time: 0h:0m:18s (0h:0m:6s left)
Log-likelihood cutoff on original alignment: -4196.381
Iteration 160 / LogL: -4137.161 / Time: 0h:0m:19s (0h:0m:4s left)
Iteration 170 / LogL: -4140.839 / Time: 0h:0m:20s (0h:0m:3s left)
Iteration 180 / LogL: -4136.719 / Time: 0h:0m:22s (0h:0m:2s left)
Iteration 190 / LogL: -4136.522 / Time: 0h:0m:23s (0h:0m:1s left)
Iteration 200 / LogL: -4137.183 / Time: 0h:0m:25s (0h:0m:0s left)
Log-likelihood cutoff on original alignment: -4196.381
NOTE: Bootstrap correlation coefficient of split occurrence frequencies: 0.996
TREE SEARCH COMPLETED AFTER 200 ITERATIONS / Time: 0h:0m:25s

--------------------------------------------------------------------
|                    FINALIZING TREE SEARCH                        |
--------------------------------------------------------------------
Performs final model parameters optimization
Estimate model parameters (epsilon = 0.010)
1. Initial log-likelihood: -4136.521
Optimal log-likelihood: -4136.521
Gamma shape alpha: 0.730
Parameters optimization took 1 rounds (0.011 sec)
BEST SCORE FOUND : -4136.521

Testing tree branches by SH-like aLRT with 1000 replicates...
0.033 sec.
Creating bootstrap support values...
Split supports printed to NEXUS file /N/u/danschw/Carbonate/GitHub/spore_amg/genes_of_interest/spoIIID_cog/data/align-trim-tree/maxcc.afa.trim.splits.nex
Total tree length: 23.796

Total number of iterations: 200
CPU time used for tree search: 73.377 sec (0h:1m:13s)
Wall-clock time used for tree search: 24.904 sec (0h:0m:24s)
Total CPU time used: 74.593 sec (0h:1m:14s)
Total wall-clock time used: 25.441 sec (0h:0m:25s)

Computing bootstrap consensus tree...
Reading input file /N/u/danschw/Carbonate/GitHub/spore_amg/genes_of_interest/spoIIID_cog/data/align-trim-tree/maxcc.afa.trim.splits.nex...
38 taxa and 883 splits.
Consensus tree written to /N/u/danschw/Carbonate/GitHub/spore_amg/genes_of_interest/spoIIID_cog/data/align-trim-tree/maxcc.afa.trim.contree
Reading input trees file /N/u/danschw/Carbonate/GitHub/spore_amg/genes_of_interest/spoIIID_cog/data/align-trim-tree/maxcc.afa.trim.contree
Log-likelihood of consensus tree: -4138.825

Analysis results written to: 
  IQ-TREE report:                /N/u/danschw/Carbonate/GitHub/spore_amg/genes_of_interest/spoIIID_cog/data/align-trim-tree/maxcc.afa.trim.iqtree
  Maximum-likelihood tree:       /N/u/danschw/Carbonate/GitHub/spore_amg/genes_of_interest/spoIIID_cog/data/align-trim-tree/maxcc.afa.trim.treefile
  Likelihood distances:          /N/u/danschw/Carbonate/GitHub/spore_amg/genes_of_interest/spoIIID_cog/data/align-trim-tree/maxcc.afa.trim.mldist

Ultrafast bootstrap approximation results written to:
  Split support values:          /N/u/danschw/Carbonate/GitHub/spore_amg/genes_of_interest/spoIIID_cog/data/align-trim-tree/maxcc.afa.trim.splits.nex
  Consensus tree:                /N/u/danschw/Carbonate/GitHub/spore_amg/genes_of_interest/spoIIID_cog/data/align-trim-tree/maxcc.afa.trim.contree
  Screen log file:               /N/u/danschw/Carbonate/GitHub/spore_amg/genes_of_interest/spoIIID_cog/data/align-trim-tree/maxcc.afa.trim.log

Date and Time: Fri Nov 11 12:27:09 2022
