IQ-TREE multicore version 2.1.3 COVID-edition for Linux 64-bit built Apr 21 2021
Developed by Bui Quang Minh, James Barbetti, Nguyen Lam Tung,
Olga Chernomor, Heiko Schmidt, Dominik Schrempf, Michael Woodhams.

Host:    c71 (AVX2, FMA3, 251 GB RAM)
Command: /N/u/danschw/Carbonate/my_tools/iqtree-2.1.3-Linux/bin/iqtree2 -s /N/u/danschw/Carbonate/GitHub/spore_amg/genes_of_interest/spoIIID_cog/data/align-trim-tree/maxcc.afa --alrt 1000 -B 1000 -T AUTO --threads-max 8
Seed:    180850 (Using SPRNG - Scalable Parallel Random Number Generator)
Time:    Fri Nov 11 12:00:57 2022
Kernel:  AVX+FMA - auto-detect threads (8 CPU cores detected)

Reading alignment file /N/u/danschw/Carbonate/GitHub/spore_amg/genes_of_interest/spoIIID_cog/data/align-trim-tree/maxcc.afa ... Fasta format detected
Alignment most likely contains protein sequences
Alignment has 38 sequences with 144 columns, 144 distinct patterns
81 parsimony-informative, 41 singleton sites, 22 constant sites
                                                                                                                 Gap/Ambiguity  Composition  p-value
   1  cog_WP_015757979.1                                                                                                41.67%    passed     77.64%
   2  cog_WP_012198240.1                                                                                                33.33%    passed     99.67%
   3  cog_WP_013498502.1                                                                                                38.89%    passed     99.04%
   4  cog_WP_011916751.1                                                                                                34.72%    passed     79.23%
   5  cog_WP_013626254.1                                                                                                40.28%    passed     96.81%
   6  cog_YP_001086595.1                                                                                                40.28%    passed     98.87%
   7  virome_AD_CERC_all_10kb_viruses_fixed_VIRSorter_AD_CERC_I8A_k121_31693_flag_0_multi_208_4569_len_85268-cat_2_45   38.89%    passed     97.30%
   8  virome_ivig_2879_35                                                                                               30.56%    passed     71.38%
   9  virome_PP_all_10kb_viruses_VIRSorter_PP_Contig_1061936-circular-cat_2_118                                         38.19%    passed     98.42%
  10  cog_WP_007487770.1                                                                                                42.36%    passed     99.98%
  11  cog_WP_066791757.1                                                                                                35.42%    passed     83.87%
  12  virome_uvig_107825_38                                                                                             46.53%    failed      0.00%
  13  cog_WP_008404436.1                                                                                                38.89%    passed     68.92%
  14  virome_VIRSorter_DJKA75_ANT-F21_scaffold_30-circular-cat_1_39                                                     38.89%    passed     95.88%
  15  cog_WP_015357813.1                                                                                                39.58%    passed     97.33%
  16  cog_WP_083803599.1                                                                                                61.81%    passed     88.21%
  17  cog_WP_005932131.1                                                                                                43.75%    passed      6.49%
  18  cog_WP_066046511.1                                                                                                40.97%    passed     96.48%
  19  virome_ivig_623_24                                                                                                46.53%    failed      0.00%
  20  cog_WP_125987790.1                                                                                                22.92%    passed     81.58%
  21  cog_WP_013657761.1                                                                                                41.67%    passed      8.26%
  22  cog_NP_391523.1                                                                                                   35.42%    passed     83.88%
  23  cog_WP_012449215.1                                                                                                27.08%    passed     47.96%
  24  cog_WP_011971502.1                                                                                                39.58%    passed     97.12%
  25  cog_WP_013494604.1                                                                                                31.25%    passed     49.44%
  26  virome_VIRSorter_2034_megahit_k119_139368_flag_1_multi_31_0000_len_36974-cat_2_12                                 42.36%    passed     96.15%
  27  cog_WP_015738141.1                                                                                                34.72%    passed     96.88%
  28  virome_uvig_108459_15                                                                                             36.81%    passed     52.56%
  29  cog_WP_087459120.1                                                                                                13.89%    passed     85.86%
  30  cog_WP_015328040.1                                                                                                35.42%    passed     59.21%
  31  cog_WP_083803598.1                                                                                                47.22%    passed     61.91%
  32  cog_WP_013176419.1                                                                                                40.97%    passed     97.99%
  33  cog_WP_011024671.1                                                                                                39.58%    passed     98.35%
  34  cog_AEJ39013.1                                                                                                    40.97%    passed     97.01%
  35  virome_VIRSorter_DJKA110_ANT-KO_scaffold_640-cat_2_5                                                              41.67%    passed     34.55%
  36  cog_WP_119882587.1                                                                                                38.19%    passed     60.99%
  37  cog_WP_128746085.1                                                                                                40.97%    passed     99.89%
  38  cog_WP_128743727.1                                                                                                40.97%    passed     99.51%
WARNING: 1 sequences contain more than 50% gaps/ambiguity
****  TOTAL                                                                                                             38.51%  2 sequences failed composition chi2 test (p-value<5%; df=19)


Create initial parsimony tree by phylogenetic likelihood library (PLL)... 0.009 seconds
Measuring multi-threading efficiency up to 8 CPU cores
Increase to 10 rounds for branch lengths
90 trees examined
Threads: 1 / Time: 8.070 sec / Speedup: 1.000 / Efficiency: 100% / LogL: -5568
Threads: 2 / Time: 4.969 sec / Speedup: 1.624 / Efficiency: 81% / LogL: -5568
Threads: 3 / Time: 3.949 sec / Speedup: 2.044 / Efficiency: 68% / LogL: -5568
Threads: 4 / Time: 3.470 sec / Speedup: 2.326 / Efficiency: 58% / LogL: -5568
Threads: 5 / Time: 3.186 sec / Speedup: 2.533 / Efficiency: 51% / LogL: -5568
Threads: 6 / Time: 2.912 sec / Speedup: 2.772 / Efficiency: 46% / LogL: -5568
BEST NUMBER OF THREADS: 5

Perform fast likelihood tree search using LG+I+G model...
Estimate model parameters (epsilon = 5.000)
Perform nearest neighbor interchange...
Estimate model parameters (epsilon = 1.000)
1. Initial log-likelihood: -5095.656
Optimal log-likelihood: -5095.453
Proportion of invariable sites: 0.008
Gamma shape alpha: 0.709
Parameters optimization took 1 rounds (0.023 sec)
Time for fast ML tree search: 0.172 seconds

NOTE: ModelFinder requires 10 MB RAM!
ModelFinder will test up to 702 protein models (sample size: 144) ...
 No. Model         -LnL         df  AIC          AICc         BIC
  1  LG            5505.591     73  11157.182    11311.525    11373.979
  2  LG+I          5474.635     74  11097.270    11258.139    11317.036
  3  LG+G4         5095.294     74  10338.587    10499.457    10558.353
  4  LG+I+G4       5095.401     75  10340.801    10508.448    10563.537
  5  LG+R2         5171.546     75  10493.093    10660.740    10715.829
  6  LG+R3         5114.943     77  10383.886    10565.886    10612.562
  7  LG+R4         5096.557     79  10351.113    10548.613    10585.729
  8  LG+R5         5093.154     81  10348.308    10562.566    10588.863
 16  LG+F+G4       5063.122     93  10312.244    10661.924    10588.437
 17  LG+F+I+G4     5063.199     94  10314.398    10678.888    10593.560
 29  WAG+G4        5141.520     74  10431.040    10591.910    10650.806
 30  WAG+I+G4      5141.616     75  10433.233    10600.880    10655.969
 42  WAG+F+G4      5084.161     93  10354.322    10704.002    10630.515
 43  WAG+F+I+G4    5084.259     94  10356.519    10721.008    10635.681
 55  JTT+G4        5175.180     74  10498.361    10659.230    10718.127
 56  JTT+I+G4      5175.210     75  10500.419    10668.067    10723.155
 68  JTT+F+G4      5112.197     93  10410.394    10760.074    10686.587
 69  JTT+F+I+G4    5112.283     94  10412.566    10777.056    10691.728
 81  Q.pfam+G4     5123.688     74  10395.377    10556.246    10615.143
 82  Q.pfam+I+G4   5123.616     75  10397.232    10564.879    10619.968
 94  Q.pfam+F+G4   5071.521     93  10329.043    10678.723    10605.236
 95  Q.pfam+F+I+G4 5071.544     94  10331.087    10695.577    10610.250
107  Q.bird+G4     5243.908     74  10635.816    10796.686    10855.582
108  Q.bird+I+G4   5243.841     75  10637.683    10805.330    10860.419
120  Q.bird+F+G4   5193.561     93  10573.122    10922.802    10849.314
121  Q.bird+F+I+G4 5193.615     94  10575.230    10939.720    10854.392
133  Q.mammal+G4   5224.355     74  10596.711    10757.581    10816.477
134  Q.mammal+I+G4 5224.147     75  10598.294    10765.941    10821.030
146  Q.mammal+F+G4 5161.125     93  10508.250    10857.930    10784.443
147  Q.mammal+F+I+G4 5161.122     94  10510.244    10874.734    10789.406
159  Q.insect+G4   5109.990     74  10367.979    10528.849    10587.745
160  Q.insect+I+G4 5110.076     75  10370.152    10537.799    10592.888
172  Q.insect+F+G4 5081.396     93  10348.791    10698.471    10624.984
173  Q.insect+F+I+G4 5081.469     94  10350.937    10715.427    10630.100
185  Q.plant+G4    5166.914     74  10481.827    10642.697    10701.593
186  Q.plant+I+G4  5166.896     75  10483.791    10651.438    10706.527
198  Q.plant+F+G4  5121.686     93  10429.373    10779.053    10705.566
199  Q.plant+F+I+G4 5121.743     94  10431.487    10795.976    10710.649
211  Q.yeast+G4    5115.952     74  10379.904    10540.773    10599.670
212  Q.yeast+I+G4  5115.917     75  10381.834    10549.481    10604.570
224  Q.yeast+F+G4  5072.572     93  10331.144    10680.824    10607.336
225  Q.yeast+F+I+G4 5072.591     94  10333.181    10697.671    10612.344
237  JTTDCMut+G4   5171.372     74  10490.745    10651.615    10710.511
238  JTTDCMut+I+G4 5171.420     75  10492.839    10660.487    10715.575
250  JTTDCMut+F+G4 5109.792     93  10405.584    10755.264    10681.777
251  JTTDCMut+F+I+G4 5109.877     94  10407.753    10772.243    10686.916
263  DCMut+G4      5219.701     74  10587.402    10748.271    10807.168
264  DCMut+I+G4    5219.802     75  10589.604    10757.251    10812.340
276  DCMut+F+G4    5130.204     93  10446.408    10796.088    10722.601
277  DCMut+F+I+G4  5130.254     94  10448.508    10812.998    10727.671
289  VT+G4         5145.602     74  10439.204    10600.074    10658.970
290  VT+I+G4       5145.604     75  10441.208    10608.855    10663.944
302  VT+F+G4       5094.337     93  10374.673    10724.353    10650.866
303  VT+F+I+G4     5094.444     94  10376.887    10741.377    10656.050
315  PMB+G4        5166.265     74  10480.531    10641.400    10700.297
316  PMB+I+G4      5166.341     75  10482.682    10650.329    10705.418
328  PMB+F+G4      5105.865     93  10397.730    10747.410    10673.922
329  PMB+F+I+G4    5105.884     94  10399.769    10764.258    10678.931
341  Blosum62+G4   5147.149     74  10442.299    10603.169    10662.065
342  Blosum62+I+G4 5147.252     75  10444.504    10612.151    10667.240
354  Blosum62+F+G4 5105.573     93  10397.147    10746.827    10673.339
355  Blosum62+F+I+G4 5105.663     94  10399.326    10763.816    10678.488
367  Dayhoff+G4    5219.573     74  10587.147    10748.016    10806.913
368  Dayhoff+I+G4  5219.674     75  10589.348    10756.995    10812.084
380  Dayhoff+F+G4  5130.231     93  10446.461    10796.141    10722.654
381  Dayhoff+F+I+G4 5130.279     94  10448.558    10813.048    10727.721
393  mtREV+G4      5510.042     74  11168.084    11328.953    11387.850
394  mtREV+I+G4    5510.136     75  11170.272    11337.919    11393.008
406  mtREV+F+G4    5171.803     93  10529.605    10879.285    10805.798
407  mtREV+F+I+G4  5171.832     94  10531.665    10896.154    10810.827
419  mtART+G4      5556.298     74  11260.596    11421.465    11480.362
420  mtART+I+G4    5556.227     75  11262.455    11430.102    11485.191
432  mtART+F+G4    5176.789     93  10539.578    10889.258    10815.771
433  mtART+F+I+G4  5176.821     94  10541.642    10906.132    10820.804
445  mtZOA+G4      5421.535     74  10991.070    11151.939    11210.836
446  mtZOA+I+G4    5421.053     75  10992.107    11159.754    11214.843
458  mtZOA+F+G4    5134.904     93  10455.809    10805.489    10732.002
459  mtZOA+F+I+G4  5134.948     94  10457.896    10822.386    10737.059
471  mtMet+G4      5505.325     74  11158.650    11319.519    11378.416
472  mtMet+I+G4    5504.434     75  11158.867    11326.515    11381.603
484  mtMet+F+G4    5168.899     93  10523.798    10873.478    10799.990
485  mtMet+F+I+G4  5168.963     94  10525.925    10890.415    10805.087
497  mtVer+G4      5550.190     74  11248.380    11409.249    11468.146
498  mtVer+I+G4    5548.849     75  11247.698    11415.345    11470.434
510  mtVer+F+G4    5246.002     93  10678.004    11027.684    10954.197
511  mtVer+F+I+G4  5245.989     94  10679.978    11044.468    10959.141
523  mtInv+G4      5529.150     74  11206.300    11367.170    11426.066
524  mtInv+I+G4    5528.983     75  11207.965    11375.613    11430.701
536  mtInv+F+G4    5131.613     93  10449.226    10798.906    10725.419
537  mtInv+F+I+G4  5131.663     94  10451.326    10815.816    10730.489
549  mtMAM+G4      5606.311     74  11360.622    11521.491    11580.388
550  mtMAM+I+G4    5605.668     75  11361.337    11528.984    11584.073
562  mtMAM+F+G4    5286.484     93  10758.969    11108.649    11035.162
563  mtMAM+F+I+G4  5286.514     94  10761.029    11125.519    11040.191
575  HIVb+G4       5250.295     74  10648.591    10809.460    10868.357
576  HIVb+I+G4     5250.362     75  10650.724    10818.371    10873.460
588  HIVb+F+G4     5214.772     93  10615.544    10965.224    10891.737
589  HIVb+F+I+G4   5214.799     94  10617.599    10982.089    10896.761
601  HIVw+G4       5431.637     74  11011.275    11172.144    11231.041
602  HIVw+I+G4     5431.706     75  11013.412    11181.060    11236.148
614  HIVw+F+G4     5342.739     93  10871.478    11221.158    11147.671
615  HIVw+F+I+G4   5342.773     94  10873.547    11238.036    11152.709
627  FLU+G4        5256.853     74  10661.705    10822.575    10881.471
628  FLU+I+G4      5256.955     75  10663.909    10831.556    10886.645
640  FLU+F+G4      5197.529     93  10581.058    10930.738    10857.251
641  FLU+F+I+G4    5197.600     94  10583.200    10947.690    10862.363
653  rtREV+G4      5116.113     74  10380.225    10541.095    10599.991
654  rtREV+I+G4    5116.195     75  10382.390    10550.037    10605.126
666  rtREV+F+G4    5063.406     93  10312.811    10662.491    10589.004
667  rtREV+F+I+G4  5063.455     94  10314.910    10679.400    10594.073
679  cpREV+G4      5144.668     74  10437.335    10598.205    10657.101
680  cpREV+I+G4    5144.703     75  10439.406    10607.053    10662.142
692  cpREV+F+G4    5109.822     93  10405.643    10755.323    10681.836
693  cpREV+F+I+G4  5109.872     94  10407.744    10772.234    10686.906
Akaike Information Criterion:           LG+F+G4
Corrected Akaike Information Criterion: LG+G4
Bayesian Information Criterion:         LG+G4
Best-fit model: LG+G4 chosen according to BIC

All model information printed to /N/u/danschw/Carbonate/GitHub/spore_amg/genes_of_interest/spoIIID_cog/data/align-trim-tree/maxcc.afa.model.gz
CPU time for ModelFinder: 114.676 seconds (0h:1m:54s)
Wall-clock time for ModelFinder: 34.027 seconds (0h:0m:34s)
Generating 1000 samples for ultrafast bootstrap (seed: 180850)...

NOTE: 4 MB RAM (0 GB) is required!
Estimate model parameters (epsilon = 0.100)
1. Initial log-likelihood: -5095.294
Optimal log-likelihood: -5095.292
Gamma shape alpha: 0.686
Parameters optimization took 1 rounds (0.011 sec)
Computing ML distances based on estimated model parameters...
Computing ML distances took 0.043792 sec (of wall-clock time) 0.218734 sec(of CPU time)
Computing RapidNJ tree took 0.000790 sec (of wall-clock time) 0.003993 sec (of CPU time)
Log-likelihood of RapidNJ tree: -5093.391
--------------------------------------------------------------------
|             INITIALIZING CANDIDATE TREE SET                      |
--------------------------------------------------------------------
Generating 98 parsimony trees... 0.355 second
Computing log-likelihood of 98 initial trees ... 0.480 seconds
Current best score: -5093.391

Do NNI search on 20 best initial trees
Estimate model parameters (epsilon = 0.100)
BETTER TREE FOUND at iteration 1: -5061.290
Iteration 10 / LogL: -5085.344 / Time: 0h:0m:2s
Iteration 20 / LogL: -5095.869 / Time: 0h:0m:4s
Finish initializing candidate tree set (20)
Current best tree score: -5061.290 / CPU time: 4.480
Number of iterations: 20
--------------------------------------------------------------------
|               OPTIMIZING CANDIDATE TREE SET                      |
--------------------------------------------------------------------
BETTER TREE FOUND at iteration 25: -5061.289
Estimate model parameters (epsilon = 0.100)
BETTER TREE FOUND at iteration 29: -5058.493
Iteration 30 / LogL: -5059.676 / Time: 0h:0m:6s (0h:0m:20s left)
Estimate model parameters (epsilon = 0.100)
BETTER TREE FOUND at iteration 36: -5056.937
Estimate model parameters (epsilon = 0.100)
UPDATE BEST LOG-LIKELIHOOD: -5056.818
Iteration 40 / LogL: -5060.642 / Time: 0h:0m:7s (0h:0m:18s left)
Estimate model parameters (epsilon = 0.100)
BETTER TREE FOUND at iteration 47: -5056.653
Estimate model parameters (epsilon = 0.100)
BETTER TREE FOUND at iteration 48: -5056.244
Iteration 50 / LogL: -5059.490 / Time: 0h:0m:8s (0h:0m:16s left)
Log-likelihood cutoff on original alignment: -5123.801
Iteration 60 / LogL: -5056.932 / Time: 0h:0m:9s (0h:0m:14s left)
Estimate model parameters (epsilon = 0.100)
UPDATE BEST LOG-LIKELIHOOD: -5056.202
Iteration 70 / LogL: -5056.893 / Time: 0h:0m:10s (0h:0m:11s left)
Iteration 80 / LogL: -5058.606 / Time: 0h:0m:11s (0h:0m:9s left)
Iteration 90 / LogL: -5056.914 / Time: 0h:0m:12s (0h:0m:8s left)
UPDATE BEST LOG-LIKELIHOOD: -5056.199
Iteration 100 / LogL: -5056.991 / Time: 0h:0m:13s (0h:0m:6s left)
Log-likelihood cutoff on original alignment: -5123.801
NOTE: Bootstrap correlation coefficient of split occurrence frequencies: 0.994
Iteration 110 / LogL: -5062.190 / Time: 0h:0m:14s (0h:0m:12s left)
Iteration 120 / LogL: -5056.714 / Time: 0h:0m:15s (0h:0m:10s left)
Iteration 130 / LogL: -5056.840 / Time: 0h:0m:16s (0h:0m:9s left)
Iteration 140 / LogL: -5057.603 / Time: 0h:0m:18s (0h:0m:7s left)
Estimate model parameters (epsilon = 0.100)
BETTER TREE FOUND at iteration 147: -5055.425
Iteration 150 / LogL: -5056.247 / Time: 0h:0m:19s (0h:0m:12s left)
Log-likelihood cutoff on original alignment: -5123.801
Iteration 160 / LogL: -5064.071 / Time: 0h:0m:20s (0h:0m:11s left)
BETTER TREE FOUND at iteration 163: -5055.423
UPDATE BEST LOG-LIKELIHOOD: -5055.422
UPDATE BEST LOG-LIKELIHOOD: -5055.421
Iteration 170 / LogL: -5056.258 / Time: 0h:0m:22s (0h:0m:12s left)
UPDATE BEST LOG-LIKELIHOOD: -5055.421
Iteration 180 / LogL: -5056.205 / Time: 0h:0m:23s (0h:0m:10s left)
Iteration 190 / LogL: -5056.242 / Time: 0h:0m:24s (0h:0m:9s left)
Iteration 200 / LogL: -5055.422 / Time: 0h:0m:26s (0h:0m:8s left)
Log-likelihood cutoff on original alignment: -5123.801
NOTE: Bootstrap correlation coefficient of split occurrence frequencies: 0.988
NOTE: UFBoot does not converge, continue at least 100 more iterations
Iteration 210 / LogL: -5055.422 / Time: 0h:0m:27s (0h:0m:11s left)
Iteration 220 / LogL: -5056.194 / Time: 0h:0m:28s (0h:0m:10s left)
Iteration 230 / LogL: -5056.667 / Time: 0h:0m:30s (0h:0m:9s left)
Iteration 240 / LogL: -5061.438 / Time: 0h:0m:31s (0h:0m:7s left)
Iteration 250 / LogL: -5056.858 / Time: 0h:0m:33s (0h:0m:6s left)
Log-likelihood cutoff on original alignment: -5123.801
Iteration 260 / LogL: -5055.422 / Time: 0h:0m:34s (0h:0m:5s left)
UPDATE BEST LOG-LIKELIHOOD: -5055.421
Iteration 270 / LogL: -5055.423 / Time: 0h:0m:36s (0h:0m:4s left)
Iteration 280 / LogL: -5058.839 / Time: 0h:0m:37s (0h:0m:2s left)
Iteration 290 / LogL: -5059.635 / Time: 0h:0m:39s (0h:0m:1s left)
Iteration 300 / LogL: -5059.107 / Time: 0h:0m:40s (0h:0m:0s left)
Log-likelihood cutoff on original alignment: -5123.801
NOTE: Bootstrap correlation coefficient of split occurrence frequencies: 0.994
TREE SEARCH COMPLETED AFTER 300 ITERATIONS / Time: 0h:0m:40s

--------------------------------------------------------------------
|                    FINALIZING TREE SEARCH                        |
--------------------------------------------------------------------
Performs final model parameters optimization
Estimate model parameters (epsilon = 0.010)
1. Initial log-likelihood: -5055.421
Optimal log-likelihood: -5055.421
Gamma shape alpha: 0.702
Parameters optimization took 1 rounds (0.012 sec)
BEST SCORE FOUND : -5055.421

Testing tree branches by SH-like aLRT with 1000 replicates...
0.034 sec.
Creating bootstrap support values...
Split supports printed to NEXUS file /N/u/danschw/Carbonate/GitHub/spore_amg/genes_of_interest/spoIIID_cog/data/align-trim-tree/maxcc.afa.splits.nex
Total tree length: 35.140

Total number of iterations: 300
CPU time used for tree search: 199.724 sec (0h:3m:19s)
Wall-clock time used for tree search: 40.777 sec (0h:0m:40s)
Total CPU time used: 201.737 sec (0h:3m:21s)
Total wall-clock time used: 41.353 sec (0h:0m:41s)

Computing bootstrap consensus tree...
Reading input file /N/u/danschw/Carbonate/GitHub/spore_amg/genes_of_interest/spoIIID_cog/data/align-trim-tree/maxcc.afa.splits.nex...
38 taxa and 889 splits.
Consensus tree written to /N/u/danschw/Carbonate/GitHub/spore_amg/genes_of_interest/spoIIID_cog/data/align-trim-tree/maxcc.afa.contree
Reading input trees file /N/u/danschw/Carbonate/GitHub/spore_amg/genes_of_interest/spoIIID_cog/data/align-trim-tree/maxcc.afa.contree
Log-likelihood of consensus tree: -5058.515

Analysis results written to: 
  IQ-TREE report:                /N/u/danschw/Carbonate/GitHub/spore_amg/genes_of_interest/spoIIID_cog/data/align-trim-tree/maxcc.afa.iqtree
  Maximum-likelihood tree:       /N/u/danschw/Carbonate/GitHub/spore_amg/genes_of_interest/spoIIID_cog/data/align-trim-tree/maxcc.afa.treefile
  Likelihood distances:          /N/u/danschw/Carbonate/GitHub/spore_amg/genes_of_interest/spoIIID_cog/data/align-trim-tree/maxcc.afa.mldist

Ultrafast bootstrap approximation results written to:
  Split support values:          /N/u/danschw/Carbonate/GitHub/spore_amg/genes_of_interest/spoIIID_cog/data/align-trim-tree/maxcc.afa.splits.nex
  Consensus tree:                /N/u/danschw/Carbonate/GitHub/spore_amg/genes_of_interest/spoIIID_cog/data/align-trim-tree/maxcc.afa.contree
  Screen log file:               /N/u/danschw/Carbonate/GitHub/spore_amg/genes_of_interest/spoIIID_cog/data/align-trim-tree/maxcc.afa.log

Date and Time: Fri Nov 11 12:02:12 2022
